Start testing: Aug 23 10:14 中国标准时间
----------------------------------------------------------
1/1 Testing: map_tests
1/1 Test: map_tests
Command: "D:/forrich/build/map_tests.exe"
Directory: D:/forrich/build
"map_tests" start time: Aug 23 10:14 中国标准时间
Output:
----------------------------------------------------------
All map tests passed.
<end of output>
Test time =   0.40 sec
----------------------------------------------------------
Test Passed.
"map_tests" end time: Aug 23 10:14 中国标准时间
"map_tests" time elapsed: 00:00:00
----------------------------------------------------------

End testing: Aug 23 10:14 中国标准时间
