<?xml version="1.0" encoding="UTF-8"?>
<testsuites tests="258" failures="14" errors="34">
  <testsuite name="rich-automation" tests="258" failures="14" errors="34">
    <testcase name="Case_A4_001" classname="C:\Users\48181\AppData\Local\Temp\monopoly_case_7232_0.json" />
    <testcase name="Case_A4_002" classname="C:\Users\48181\AppData\Local\Temp\monopoly_case_7232_1.json" />
    <testcase name="Case_A4_003" classname="C:\Users\48181\AppData\Local\Temp\monopoly_case_7232_2.json" />
    <testcase name="Case_A4_004" classname="C:\Users\48181\AppData\Local\Temp\monopoly_case_7232_3.json" />
    <testcase name="Case_A4_005" classname="C:\Users\48181\AppData\Local\Temp\monopoly_case_7232_4.json" />
    <testcase name="Case_A4_006" classname="C:\Users\48181\AppData\Local\Temp\monopoly_case_7232_5.json" />
    <testcase name="Case_A4_008" classname="C:\Users\48181\AppData\Local\Temp\monopoly_case_7232_6.json" />
    <testcase name="Case_A4_009" classname="C:\Users\48181\AppData\Local\Temp\monopoly_case_7232_7.json" />
    <testcase name="Case_A4_010" classname="C:\Users\48181\AppData\Local\Temp\monopoly_case_7232_8.json">
      <error message="ERROR">[INVALID_ACTION] : DICE_SEQUENCE_EMPTY</error>
    </testcase>
    <testcase name="Case_A4_011" classname="C:\Users\48181\AppData\Local\Temp\monopoly_case_7232_9.json">
      <error message="ERROR">[INVALID_ACTION] : DICE_SEQUENCE_EMPTY</error>
    </testcase>
    <testcase name="Case_A4_012" classname="C:\Users\48181\AppData\Local\Temp\monopoly_case_7232_10.json">
      <error message="ERROR">[INVALID_ACTION] : DICE_SEQUENCE_EMPTY</error>
    </testcase>
    <testcase name="Case_A4_013" classname="C:\Users\48181\AppData\Local\Temp\monopoly_case_7232_11.json" />
    <testcase name="Case_A4_014" classname="C:\Users\48181\AppData\Local\Temp\monopoly_case_7232_12.json" />
    <testcase name="Case_A4_015" classname="C:\Users\48181\AppData\Local\Temp\monopoly_case_7232_13.json" />
    <testcase name="Case_A4_016" classname="C:\Users\48181\AppData\Local\Temp\monopoly_case_7232_14.json" />
    <testcase name="Case_A4_017" classname="C:\Users\48181\AppData\Local\Temp\monopoly_case_7232_15.json" />
    <testcase name="Case_A4_018" classname="C:\Users\48181\AppData\Local\Temp\monopoly_case_7232_16.json" />
    <testcase name="Case_A4_019" classname="C:\Users\48181\AppData\Local\Temp\monopoly_case_7232_17.json" />
    <testcase name="Case_A4_021" classname="C:\Users\48181\AppData\Local\Temp\monopoly_case_7232_18.json" />
    <testcase name="Case_A4_022" classname="C:\Users\48181\AppData\Local\Temp\monopoly_case_7232_19.json" />
    <testcase name="Case_A4_024" classname="C:\Users\48181\AppData\Local\Temp\monopoly_case_7232_20.json" />
    <testcase name="Case_A5_002" classname="C:\Users\48181\AppData\Local\Temp\monopoly_case_7232_21.json">
      <failure message="FAIL">[ASSERT_NOT_EQUAL] actual.display_cells: field missing in actual</failure>
    </testcase>
    <testcase name="Case_A5_003" classname="C:\Users\48181\AppData\Local\Temp\monopoly_case_7232_22.json">
      <failure message="FAIL">[ASSERT_NOT_EQUAL] actual.display_cells: field missing in actual</failure>
    </testcase>
    <testcase name="Case_A5_004" classname="C:\Users\48181\AppData\Local\Temp\monopoly_case_7232_23.json">
      <failure message="FAIL">[ASSERT_NOT_EQUAL] actual.display_cells: field missing in actual</failure>
    </testcase>
    <testcase name="Case_A5_005" classname="C:\Users\48181\AppData\Local\Temp\monopoly_case_7232_24.json">
      <failure message="FAIL">[ASSERT_NOT_EQUAL] actual.display_cells: field missing in actual</failure>
    </testcase>
    <testcase name="Case_A7_001" classname="C:\Users\48181\AppData\Local\Temp\monopoly_case_7232_25.json" />
    <testcase name="Case_A7_002" classname="C:\Users\48181\AppData\Local\Temp\monopoly_case_7232_26.json" />
    <testcase name="Case_A7_003" classname="C:\Users\48181\AppData\Local\Temp\monopoly_case_7232_27.json" />
    <testcase name="Case_A7_004" classname="C:\Users\48181\AppData\Local\Temp\monopoly_case_7232_28.json" />
    <testcase name="Case_A7_005" classname="C:\Users\48181\AppData\Local\Temp\monopoly_case_7232_29.json" />
    <testcase name="Case_A7_006" classname="C:\Users\48181\AppData\Local\Temp\monopoly_case_7232_30.json" />
    <testcase name="Case_A7_007" classname="C:\Users\48181\AppData\Local\Temp\monopoly_case_7232_31.json" />
    <testcase name="Case_A7_008" classname="C:\Users\48181\AppData\Local\Temp\monopoly_case_7232_32.json" />
    <testcase name="Case_A7_009" classname="C:\Users\48181\AppData\Local\Temp\monopoly_case_7232_33.json" />
    <testcase name="Case_A7_010" classname="C:\Users\48181\AppData\Local\Temp\monopoly_case_7232_34.json" />
    <testcase name="Case_A7_011" classname="C:\Users\48181\AppData\Local\Temp\monopoly_case_7232_35.json" />
    <testcase name="Case_A7_012" classname="C:\Users\48181\AppData\Local\Temp\monopoly_case_7232_36.json" />
    <testcase name="Case_A7_013" classname="C:\Users\48181\AppData\Local\Temp\monopoly_case_7232_37.json" />
    <testcase name="Case_A7_014" classname="C:\Users\48181\AppData\Local\Temp\monopoly_case_7232_38.json" />
    <testcase name="Case_A7_015" classname="C:\Users\48181\AppData\Local\Temp\monopoly_case_7232_39.json" />
    <testcase name="Case_A7_016" classname="C:\Users\48181\AppData\Local\Temp\monopoly_case_7232_40.json" />
    <testcase name="Case_A7_017" classname="C:\Users\48181\AppData\Local\Temp\monopoly_case_7232_41.json" />
    <testcase name="Case_A7_018" classname="C:\Users\48181\AppData\Local\Temp\monopoly_case_7232_42.json" />
    <testcase name="Case_A7_019" classname="C:\Users\48181\AppData\Local\Temp\monopoly_case_7232_43.json" />
    <testcase name="Case_A7_020" classname="C:\Users\48181\AppData\Local\Temp\monopoly_case_7232_44.json" />
    <testcase name="Case_A8_003" classname="C:\Users\48181\AppData\Local\Temp\monopoly_case_7232_45.json">
      <error message="ERROR">[INVALID_ACTION] : DICE_SEQUENCE_EMPTY</error>
    </testcase>
    <testcase name="Case_A8_004" classname="C:\Users\48181\AppData\Local\Temp\monopoly_case_7232_46.json">
      <error message="ERROR">[INVALID_ACTION] : DICE_SEQUENCE_EMPTY</error>
    </testcase>
    <testcase name="Case_A8_005" classname="C:\Users\48181\AppData\Local\Temp\monopoly_case_7232_47.json">
      <error message="ERROR">[INVALID_ACTION] : DICE_SEQUENCE_EMPTY</error>
    </testcase>
    <testcase name="Case_A8_006" classname="C:\Users\48181\AppData\Local\Temp\monopoly_case_7232_48.json">
      <error message="ERROR">[INVALID_ACTION] : DICE_SEQUENCE_EMPTY</error>
    </testcase>
    <testcase name="Case_A8_007" classname="C:\Users\48181\AppData\Local\Temp\monopoly_case_7232_49.json">
      <error message="ERROR">[INVALID_ACTION] : DICE_SEQUENCE_EMPTY</error>
    </testcase>
    <testcase name="Case_A8_008" classname="C:\Users\48181\AppData\Local\Temp\monopoly_case_7232_50.json">
      <error message="ERROR">[INVALID_ACTION] : DICE_SEQUENCE_EMPTY</error>
    </testcase>
    <testcase name="Case_A8_009" classname="C:\Users\48181\AppData\Local\Temp\monopoly_case_7232_51.json">
      <error message="ERROR">[INVALID_ACTION] : DICE_SEQUENCE_EMPTY</error>
    </testcase>
    <testcase name="Case_A8_010" classname="C:\Users\48181\AppData\Local\Temp\monopoly_case_7232_52.json">
      <error message="ERROR">[INVALID_ACTION] : DICE_SEQUENCE_EMPTY</error>
    </testcase>
    <testcase name="Case_A8_011" classname="C:\Users\48181\AppData\Local\Temp\monopoly_case_7232_53.json">
      <error message="ERROR">[INVALID_ACTION] : DICE_SEQUENCE_EMPTY</error>
    </testcase>
    <testcase name="Case_A8_012" classname="C:\Users\48181\AppData\Local\Temp\monopoly_case_7232_54.json">
      <error message="ERROR">[INVALID_ACTION] : DICE_SEQUENCE_EMPTY</error>
    </testcase>
    <testcase name="Case_A8_013" classname="C:\Users\48181\AppData\Local\Temp\monopoly_case_7232_55.json">
      <error message="ERROR">[INVALID_ACTION] : DICE_SEQUENCE_EMPTY</error>
    </testcase>
    <testcase name="Case_A8_014" classname="C:\Users\48181\AppData\Local\Temp\monopoly_case_7232_56.json">
      <error message="ERROR">[INVALID_ACTION] : DICE_SEQUENCE_EMPTY</error>
    </testcase>
    <testcase name="Case_A8_015" classname="C:\Users\48181\AppData\Local\Temp\monopoly_case_7232_57.json">
      <error message="ERROR">[INVALID_ACTION] : DICE_SEQUENCE_EMPTY</error>
    </testcase>
    <testcase name="Case_A8_016" classname="C:\Users\48181\AppData\Local\Temp\monopoly_case_7232_58.json">
      <error message="ERROR">[INVALID_ACTION] : DICE_SEQUENCE_EMPTY</error>
    </testcase>
    <testcase name="Case_A8_017" classname="C:\Users\48181\AppData\Local\Temp\monopoly_case_7232_59.json">
      <error message="ERROR">[INVALID_ACTION] : DICE_SEQUENCE_EMPTY</error>
    </testcase>
    <testcase name="Case_A8_018" classname="C:\Users\48181\AppData\Local\Temp\monopoly_case_7232_60.json">
      <error message="ERROR">[INVALID_ACTION] : DICE_SEQUENCE_EMPTY</error>
    </testcase>
    <testcase name="Case_A8_019" classname="C:\Users\48181\AppData\Local\Temp\monopoly_case_7232_61.json">
      <error message="ERROR">[INVALID_ACTION] : DICE_SEQUENCE_EMPTY</error>
    </testcase>
    <testcase name="Case_A8_020" classname="C:\Users\48181\AppData\Local\Temp\monopoly_case_7232_62.json">
      <error message="ERROR">[INVALID_ACTION] : DICE_SEQUENCE_EMPTY</error>
    </testcase>
    <testcase name="Case_A8_021" classname="C:\Users\48181\AppData\Local\Temp\monopoly_case_7232_63.json">
      <error message="ERROR">[INVALID_ACTION] : DICE_SEQUENCE_EMPTY</error>
    </testcase>
    <testcase name="Case_A8_022" classname="C:\Users\48181\AppData\Local\Temp\monopoly_case_7232_64.json">
      <error message="ERROR">[INVALID_ACTION] : DICE_SEQUENCE_EMPTY</error>
    </testcase>
    <testcase name="Case_A9_001" classname="C:\Users\48181\AppData\Local\Temp\monopoly_case_7232_65.json" />
    <testcase name="Case_A9_002" classname="C:\Users\48181\AppData\Local\Temp\monopoly_case_7232_66.json" />
    <testcase name="Case_A9_003" classname="C:\Users\48181\AppData\Local\Temp\monopoly_case_7232_67.json" />
    <testcase name="Case_A9_004" classname="C:\Users\48181\AppData\Local\Temp\monopoly_case_7232_68.json" />
    <testcase name="Case_A9_005" classname="C:\Users\48181\AppData\Local\Temp\monopoly_case_7232_69.json" />
    <testcase name="Case_A9_008" classname="C:\Users\48181\AppData\Local\Temp\monopoly_case_7232_70.json" />
    <testcase name="Case_A9_009" classname="C:\Users\48181\AppData\Local\Temp\monopoly_case_7232_71.json" />
    <testcase name="Case_A9_010" classname="C:\Users\48181\AppData\Local\Temp\monopoly_case_7232_72.json" />
    <testcase name="Case_A9_011" classname="C:\Users\48181\AppData\Local\Temp\monopoly_case_7232_73.json" />
    <testcase name="Case_A9_012" classname="C:\Users\48181\AppData\Local\Temp\monopoly_case_7232_74.json" />
    <testcase name="Case_A9_014" classname="C:\Users\48181\AppData\Local\Temp\monopoly_case_7232_75.json" />
    <testcase name="Case_A9_015" classname="C:\Users\48181\AppData\Local\Temp\monopoly_case_7232_76.json" />
    <testcase name="Case_A9_016" classname="C:\Users\48181\AppData\Local\Temp\monopoly_case_7232_77.json" />
    <testcase name="Case_A10_001" classname="C:\Users\48181\AppData\Local\Temp\monopoly_case_7232_78.json" />
    <testcase name="Case_A10_002" classname="C:\Users\48181\AppData\Local\Temp\monopoly_case_7232_79.json" />
    <testcase name="Case_A10_003" classname="C:\Users\48181\AppData\Local\Temp\monopoly_case_7232_80.json" />
    <testcase name="Case_A10_004" classname="C:\Users\48181\AppData\Local\Temp\monopoly_case_7232_81.json" />
    <testcase name="Case_A10_005" classname="C:\Users\48181\AppData\Local\Temp\monopoly_case_7232_82.json" />
    <testcase name="Case_A10_006" classname="C:\Users\48181\AppData\Local\Temp\monopoly_case_7232_83.json" />
    <testcase name="Case_A10_007" classname="C:\Users\48181\AppData\Local\Temp\monopoly_case_7232_84.json" />
    <testcase name="Case_A10_008" classname="C:\Users\48181\AppData\Local\Temp\monopoly_case_7232_85.json" />
    <testcase name="Case_A10_009" classname="C:\Users\48181\AppData\Local\Temp\monopoly_case_7232_86.json" />
    <testcase name="Case_A10_010" classname="C:\Users\48181\AppData\Local\Temp\monopoly_case_7232_87.json" />
    <testcase name="Case_A10_011" classname="C:\Users\48181\AppData\Local\Temp\monopoly_case_7232_88.json" />
    <testcase name="Case_A10_012" classname="C:\Users\48181\AppData\Local\Temp\monopoly_case_7232_89.json" />
    <testcase name="Case_A10_013" classname="C:\Users\48181\AppData\Local\Temp\monopoly_case_7232_90.json" />
    <testcase name="Case_A10_014" classname="C:\Users\48181\AppData\Local\Temp\monopoly_case_7232_91.json" />
    <testcase name="Case_A10_015" classname="C:\Users\48181\AppData\Local\Temp\monopoly_case_7232_92.json" />
    <testcase name="Case_A10_016" classname="C:\Users\48181\AppData\Local\Temp\monopoly_case_7232_93.json" />
    <testcase name="Case_A10_017" classname="C:\Users\48181\AppData\Local\Temp\monopoly_case_7232_94.json" />
    <testcase name="Case_A10_018" classname="C:\Users\48181\AppData\Local\Temp\monopoly_case_7232_95.json" />
    <testcase name="Case_A10_019" classname="C:\Users\48181\AppData\Local\Temp\monopoly_case_7232_96.json" />
    <testcase name="Case_A10_020" classname="C:\Users\48181\AppData\Local\Temp\monopoly_case_7232_97.json" />
    <testcase name="Case_A10_021" classname="C:\Users\48181\AppData\Local\Temp\monopoly_case_7232_98.json" />
    <testcase name="Case_A10_022" classname="C:\Users\48181\AppData\Local\Temp\monopoly_case_7232_99.json" />
    <testcase name="Case_A10_023" classname="C:\Users\48181\AppData\Local\Temp\monopoly_case_7232_100.json" />
    <testcase name="Case_A10_024" classname="C:\Users\48181\AppData\Local\Temp\monopoly_case_7232_101.json" />
    <testcase name="Case_A10_025" classname="C:\Users\48181\AppData\Local\Temp\monopoly_case_7232_102.json" />
    <testcase name="Case_A11_001" classname="C:\Users\48181\AppData\Local\Temp\monopoly_case_7232_103.json" />
    <testcase name="Case_A11_002" classname="C:\Users\48181\AppData\Local\Temp\monopoly_case_7232_104.json" />
    <testcase name="Case_A11_003" classname="C:\Users\48181\AppData\Local\Temp\monopoly_case_7232_105.json" />
    <testcase name="Case_A11_004" classname="C:\Users\48181\AppData\Local\Temp\monopoly_case_7232_106.json" />
    <testcase name="Case_A11_005" classname="C:\Users\48181\AppData\Local\Temp\monopoly_case_7232_107.json" />
    <testcase name="Case_A11_006" classname="C:\Users\48181\AppData\Local\Temp\monopoly_case_7232_108.json" />
    <testcase name="Case_A11_007" classname="C:\Users\48181\AppData\Local\Temp\monopoly_case_7232_109.json" />
    <testcase name="Case_A11_008" classname="C:\Users\48181\AppData\Local\Temp\monopoly_case_7232_110.json" />
    <testcase name="Case_A11_009" classname="C:\Users\48181\AppData\Local\Temp\monopoly_case_7232_111.json" />
    <testcase name="Case_A11_010" classname="C:\Users\48181\AppData\Local\Temp\monopoly_case_7232_112.json" />
    <testcase name="Case_A11_011" classname="C:\Users\48181\AppData\Local\Temp\monopoly_case_7232_113.json" />
    <testcase name="Case_A11_012" classname="C:\Users\48181\AppData\Local\Temp\monopoly_case_7232_114.json" />
    <testcase name="Case_A11_013" classname="C:\Users\48181\AppData\Local\Temp\monopoly_case_7232_115.json" />
    <testcase name="Case_A11_014" classname="C:\Users\48181\AppData\Local\Temp\monopoly_case_7232_116.json" />
    <testcase name="Case_A11_015" classname="C:\Users\48181\AppData\Local\Temp\monopoly_case_7232_117.json" />
    <testcase name="Case_A11_016" classname="C:\Users\48181\AppData\Local\Temp\monopoly_case_7232_118.json" />
    <testcase name="Case_A11_017" classname="C:\Users\48181\AppData\Local\Temp\monopoly_case_7232_119.json" />
    <testcase name="Case_A11_018" classname="C:\Users\48181\AppData\Local\Temp\monopoly_case_7232_120.json" />
    <testcase name="Case_A11_019" classname="C:\Users\48181\AppData\Local\Temp\monopoly_case_7232_121.json" />
    <testcase name="Case_A11_020" classname="C:\Users\48181\AppData\Local\Temp\monopoly_case_7232_122.json" />
    <testcase name="Case_A11_021" classname="C:\Users\48181\AppData\Local\Temp\monopoly_case_7232_123.json" />
    <testcase name="Case_A11_029" classname="C:\Users\48181\AppData\Local\Temp\monopoly_case_7232_124.json" />
    <testcase name="Case_A11_030" classname="C:\Users\48181\AppData\Local\Temp\monopoly_case_7232_125.json" />
    <testcase name="Case_A12_001" classname="C:\Users\48181\AppData\Local\Temp\monopoly_case_7232_126.json" />
    <testcase name="Case_A12_003" classname="C:\Users\48181\AppData\Local\Temp\monopoly_case_7232_127.json" />
    <testcase name="Case_A12_004" classname="C:\Users\48181\AppData\Local\Temp\monopoly_case_7232_128.json" />
    <testcase name="Case_A12_005" classname="C:\Users\48181\AppData\Local\Temp\monopoly_case_7232_129.json" />
    <testcase name="Case_A12_006" classname="C:\Users\48181\AppData\Local\Temp\monopoly_case_7232_130.json" />
    <testcase name="Case_A12_007" classname="C:\Users\48181\AppData\Local\Temp\monopoly_case_7232_131.json" />
    <testcase name="Case_A12_009" classname="C:\Users\48181\AppData\Local\Temp\monopoly_case_7232_132.json" />
    <testcase name="Case_A12_010" classname="C:\Users\48181\AppData\Local\Temp\monopoly_case_7232_133.json" />
    <testcase name="Case_A13_001" classname="C:\Users\48181\AppData\Local\Temp\monopoly_case_7232_134.json" />
    <testcase name="Case_A13_002" classname="C:\Users\48181\AppData\Local\Temp\monopoly_case_7232_135.json" />
    <testcase name="Case_A13_003" classname="C:\Users\48181\AppData\Local\Temp\monopoly_case_7232_136.json" />
    <testcase name="Case_A13_004" classname="C:\Users\48181\AppData\Local\Temp\monopoly_case_7232_137.json" />
    <testcase name="Case_A13_005" classname="C:\Users\48181\AppData\Local\Temp\monopoly_case_7232_138.json" />
    <testcase name="Case_A13_006" classname="C:\Users\48181\AppData\Local\Temp\monopoly_case_7232_139.json" />
    <testcase name="Case_A13_007" classname="C:\Users\48181\AppData\Local\Temp\monopoly_case_7232_140.json" />
    <testcase name="Case_A13_008" classname="C:\Users\48181\AppData\Local\Temp\monopoly_case_7232_141.json" />
    <testcase name="Case_A13_009" classname="C:\Users\48181\AppData\Local\Temp\monopoly_case_7232_142.json" />
    <testcase name="Case_A13_010" classname="C:\Users\48181\AppData\Local\Temp\monopoly_case_7232_143.json" />
    <testcase name="Case_A14_001" classname="C:\Users\48181\AppData\Local\Temp\monopoly_case_7232_144.json">
      <error message="ERROR">[INVALID_ACTION] : unknown command</error>
    </testcase>
    <testcase name="Case_A14_002" classname="C:\Users\48181\AppData\Local\Temp\monopoly_case_7232_145.json">
      <error message="ERROR">[INVALID_ACTION] : unknown command</error>
    </testcase>
    <testcase name="Case_A14_003" classname="C:\Users\48181\AppData\Local\Temp\monopoly_case_7232_146.json">
      <error message="ERROR">[INVALID_ACTION] : unknown command</error>
    </testcase>
    <testcase name="Case_A14_004" classname="C:\Users\48181\AppData\Local\Temp\monopoly_case_7232_147.json">
      <error message="ERROR">[INVALID_ACTION] : unknown command</error>
    </testcase>
    <testcase name="Case_A14_005" classname="C:\Users\48181\AppData\Local\Temp\monopoly_case_7232_148.json">
      <error message="ERROR">[INVALID_ACTION] : unknown command</error>
    </testcase>
    <testcase name="Case_A14_006" classname="C:\Users\48181\AppData\Local\Temp\monopoly_case_7232_149.json">
      <error message="ERROR">[INVALID_ACTION] : unknown command</error>
    </testcase>
    <testcase name="Case_A14_007" classname="C:\Users\48181\AppData\Local\Temp\monopoly_case_7232_150.json">
      <error message="ERROR">[INVALID_ACTION] : unknown command</error>
    </testcase>
    <testcase name="Case_A14_008" classname="C:\Users\48181\AppData\Local\Temp\monopoly_case_7232_151.json">
      <error message="ERROR">[INVALID_ACTION] : unknown command</error>
    </testcase>
    <testcase name="Case_A14_009" classname="C:\Users\48181\AppData\Local\Temp\monopoly_case_7232_152.json">
      <failure message="FAIL">[ASSERT_NOT_EQUAL] actual.fortune: field missing in actual
[ASSERT_NOT_EQUAL] actual.players[id=Q].god_of_wealth_rounds: scalar not equal</failure>
    </testcase>
    <testcase name="Case_A14_010" classname="C:\Users\48181\AppData\Local\Temp\monopoly_case_7232_153.json">
      <failure message="FAIL">[ASSERT_NOT_EQUAL] actual.fortune: field missing in actual
[ASSERT_NOT_EQUAL] actual.players[id=Q].fund: scalar not equal
[ASSERT_NOT_EQUAL] actual.players[id=Q].god_of_wealth_rounds: scalar not equal
[ASSERT_NOT_EQUAL] actual.players[id=A].fund: scalar not equal</failure>
    </testcase>
    <testcase name="Case_A14_011" classname="C:\Users\48181\AppData\Local\Temp\monopoly_case_7232_154.json">
      <error message="ERROR">[INVALID_ACTION] : unknown command</error>
    </testcase>
    <testcase name="Case_A14_012" classname="C:\Users\48181\AppData\Local\Temp\monopoly_case_7232_155.json">
      <error message="ERROR">[INVALID_ACTION] : unknown command</error>
    </testcase>
    <testcase name="Case_A15_001" classname="C:\Users\48181\AppData\Local\Temp\monopoly_case_7232_156.json" />
    <testcase name="Case_A15_002" classname="C:\Users\48181\AppData\Local\Temp\monopoly_case_7232_157.json" />
    <testcase name="Case_A15_003" classname="C:\Users\48181\AppData\Local\Temp\monopoly_case_7232_158.json">
      <failure message="FAIL">[ASSERT_NOT_EQUAL] actual.players[id=Q].god_of_wealth_rounds: scalar not equal</failure>
    </testcase>
    <testcase name="Case_A15_008" classname="C:\Users\48181\AppData\Local\Temp\monopoly_case_7232_159.json" />
    <testcase name="Case_A15_009" classname="C:\Users\48181\AppData\Local\Temp\monopoly_case_7232_160.json" />
    <testcase name="Case_A15_010" classname="C:\Users\48181\AppData\Local\Temp\monopoly_case_7232_161.json" />
    <testcase name="Case_A15_011" classname="C:\Users\48181\AppData\Local\Temp\monopoly_case_7232_162.json" />
    <testcase name="Case_A15_013" classname="C:\Users\48181\AppData\Local\Temp\monopoly_case_7232_163.json" />
    <testcase name="Case_A16_001" classname="C:\Users\48181\AppData\Local\Temp\monopoly_case_7232_164.json">
      <failure message="FAIL">[ASSERT_NOT_EQUAL] actual.display_cells: field missing in actual</failure>
    </testcase>
    <testcase name="Case_A16_002" classname="C:\Users\48181\AppData\Local\Temp\monopoly_case_7232_165.json">
      <failure message="FAIL">[ASSERT_NOT_EQUAL] actual.display_cells: field missing in actual</failure>
    </testcase>
    <testcase name="Case_A16_003" classname="C:\Users\48181\AppData\Local\Temp\monopoly_case_7232_166.json">
      <failure message="FAIL">[ASSERT_NOT_EQUAL] actual.display_cells: field missing in actual</failure>
    </testcase>
    <testcase name="Case_A16_004" classname="C:\Users\48181\AppData\Local\Temp\monopoly_case_7232_167.json" />
    <testcase name="Case_A16_005" classname="C:\Users\48181\AppData\Local\Temp\monopoly_case_7232_168.json" />
    <testcase name="Case_A16_006" classname="C:\Users\48181\AppData\Local\Temp\monopoly_case_7232_169.json" />
    <testcase name="Case_A16_007" classname="C:\Users\48181\AppData\Local\Temp\monopoly_case_7232_170.json">
      <failure message="FAIL">[ASSERT_NOT_EQUAL] actual.display_cells: field missing in actual</failure>
    </testcase>
    <testcase name="Case_A17_001" classname="C:\Users\48181\AppData\Local\Temp\monopoly_case_7232_171.json" />
    <testcase name="Case_A17_002" classname="C:\Users\48181\AppData\Local\Temp\monopoly_case_7232_172.json" />
    <testcase name="Case_A17_003" classname="C:\Users\48181\AppData\Local\Temp\monopoly_case_7232_173.json" />
    <testcase name="Case_A17_004" classname="C:\Users\48181\AppData\Local\Temp\monopoly_case_7232_174.json" />
    <testcase name="Case_A17_005" classname="C:\Users\48181\AppData\Local\Temp\monopoly_case_7232_175.json" />
    <testcase name="Case_A17_006" classname="C:\Users\48181\AppData\Local\Temp\monopoly_case_7232_176.json" />
    <testcase name="Case_A17_007" classname="C:\Users\48181\AppData\Local\Temp\monopoly_case_7232_177.json" />
    <testcase name="Case_A17_008" classname="C:\Users\48181\AppData\Local\Temp\monopoly_case_7232_178.json" />
    <testcase name="Case_A17_009" classname="C:\Users\48181\AppData\Local\Temp\monopoly_case_7232_179.json" />
    <testcase name="Case_A17_010" classname="C:\Users\48181\AppData\Local\Temp\monopoly_case_7232_180.json" />
    <testcase name="Case_A18_001" classname="C:\Users\48181\AppData\Local\Temp\monopoly_case_7232_181.json" />
    <testcase name="Case_A18_002" classname="C:\Users\48181\AppData\Local\Temp\monopoly_case_7232_182.json" />
    <testcase name="Case_A18_003" classname="C:\Users\48181\AppData\Local\Temp\monopoly_case_7232_183.json" />
    <testcase name="Case_A18_004" classname="C:\Users\48181\AppData\Local\Temp\monopoly_case_7232_184.json" />
    <testcase name="Case_A18_005" classname="C:\Users\48181\AppData\Local\Temp\monopoly_case_7232_185.json">
      <failure message="FAIL">[ASSERT_NOT_EQUAL] actual.phase: scalar not equal
[ASSERT_NOT_EQUAL] actual.pending_prompt: scalar not equal</failure>
    </testcase>
    <testcase name="Case_A18_006" classname="C:\Users\48181\AppData\Local\Temp\monopoly_case_7232_186.json" />
    <testcase name="Case_A18_007" classname="C:\Users\48181\AppData\Local\Temp\monopoly_case_7232_187.json" />
    <testcase name="Case_A18_008" classname="C:\Users\48181\AppData\Local\Temp\monopoly_case_7232_188.json" />
    <testcase name="Case_A18_009" classname="C:\Users\48181\AppData\Local\Temp\monopoly_case_7232_189.json" />
    <testcase name="Case_A18_010" classname="C:\Users\48181\AppData\Local\Temp\monopoly_case_7232_190.json" />
    <testcase name="Case_A18_011" classname="C:\Users\48181\AppData\Local\Temp\monopoly_case_7232_191.json" />
    <testcase name="Case_A18_021" classname="C:\Users\48181\AppData\Local\Temp\monopoly_case_7232_192.json" />
    <testcase name="Case_A18_022" classname="C:\Users\48181\AppData\Local\Temp\monopoly_case_7232_193.json" />
    <testcase name="Case_A18_023" classname="C:\Users\48181\AppData\Local\Temp\monopoly_case_7232_194.json" />
    <testcase name="Case_A18_024" classname="C:\Users\48181\AppData\Local\Temp\monopoly_case_7232_195.json" />
    <testcase name="Case_A18_025" classname="C:\Users\48181\AppData\Local\Temp\monopoly_case_7232_196.json" />
    <testcase name="Case_A18_026" classname="C:\Users\48181\AppData\Local\Temp\monopoly_case_7232_197.json" />
    <testcase name="Case_A18_027" classname="C:\Users\48181\AppData\Local\Temp\monopoly_case_7232_198.json">
      <failure message="FAIL">[ASSERT_NOT_EQUAL] actual.phase: scalar not equal
[ASSERT_NOT_EQUAL] actual.pending_prompt: scalar not equal</failure>
    </testcase>
    <testcase name="Case_A18_028" classname="C:\Users\48181\AppData\Local\Temp\monopoly_case_7232_199.json" />
    <testcase name="Case_A18_029" classname="C:\Users\48181\AppData\Local\Temp\monopoly_case_7232_200.json" />
    <testcase name="Case_A18_030" classname="C:\Users\48181\AppData\Local\Temp\monopoly_case_7232_201.json" />
    <testcase name="Case_A18_031" classname="C:\Users\48181\AppData\Local\Temp\monopoly_case_7232_202.json" />
    <testcase name="Case_A18_039" classname="C:\Users\48181\AppData\Local\Temp\monopoly_case_7232_203.json" />
    <testcase name="Case_A18_040" classname="C:\Users\48181\AppData\Local\Temp\monopoly_case_7232_204.json" />
    <testcase name="Case_A18_041" classname="C:\Users\48181\AppData\Local\Temp\monopoly_case_7232_205.json" />
    <testcase name="Case_A18_042" classname="C:\Users\48181\AppData\Local\Temp\monopoly_case_7232_206.json" />
    <testcase name="Case_A18_043" classname="C:\Users\48181\AppData\Local\Temp\monopoly_case_7232_207.json" />
    <testcase name="Case_A19_001" classname="C:\Users\48181\AppData\Local\Temp\monopoly_case_7232_208.json" />
    <testcase name="Case_A19_002" classname="C:\Users\48181\AppData\Local\Temp\monopoly_case_7232_209.json" />
    <testcase name="Case_A19_003" classname="C:\Users\48181\AppData\Local\Temp\monopoly_case_7232_210.json" />
    <testcase name="Case_A19_004" classname="C:\Users\48181\AppData\Local\Temp\monopoly_case_7232_211.json" />
    <testcase name="Case_A19_005" classname="C:\Users\48181\AppData\Local\Temp\monopoly_case_7232_212.json" />
    <testcase name="Case_A19_006" classname="C:\Users\48181\AppData\Local\Temp\monopoly_case_7232_213.json" />
    <testcase name="Case_A19_009" classname="C:\Users\48181\AppData\Local\Temp\monopoly_case_7232_214.json" />
    <testcase name="Case_A19_010" classname="C:\Users\48181\AppData\Local\Temp\monopoly_case_7232_215.json" />
    <testcase name="Case_A19_011" classname="C:\Users\48181\AppData\Local\Temp\monopoly_case_7232_216.json" />
    <testcase name="Case_A19_013" classname="C:\Users\48181\AppData\Local\Temp\monopoly_case_7232_217.json" />
    <testcase name="Case_A19_014" classname="C:\Users\48181\AppData\Local\Temp\monopoly_case_7232_218.json" />
    <testcase name="Case_A19_015" classname="C:\Users\48181\AppData\Local\Temp\monopoly_case_7232_219.json" />
    <testcase name="Case_A20_002" classname="C:\Users\48181\AppData\Local\Temp\monopoly_case_7232_220.json" />
    <testcase name="Case_A20_003" classname="C:\Users\48181\AppData\Local\Temp\monopoly_case_7232_221.json" />
    <testcase name="Case_A20_004" classname="C:\Users\48181\AppData\Local\Temp\monopoly_case_7232_222.json" />
    <testcase name="Case_A20_005" classname="C:\Users\48181\AppData\Local\Temp\monopoly_case_7232_223.json" />
    <testcase name="Case_A20_017" classname="C:\Users\48181\AppData\Local\Temp\monopoly_case_7232_224.json" />
    <testcase name="Case_A21_001" classname="C:\Users\48181\AppData\Local\Temp\monopoly_case_7232_225.json" />
    <testcase name="Case_A21_002" classname="C:\Users\48181\AppData\Local\Temp\monopoly_case_7232_226.json" />
    <testcase name="Case_A21_003" classname="C:\Users\48181\AppData\Local\Temp\monopoly_case_7232_227.json" />
    <testcase name="Case_A21_004" classname="C:\Users\48181\AppData\Local\Temp\monopoly_case_7232_228.json" />
    <testcase name="Case_A21_005" classname="C:\Users\48181\AppData\Local\Temp\monopoly_case_7232_229.json" />
    <testcase name="Case_A21_006" classname="C:\Users\48181\AppData\Local\Temp\monopoly_case_7232_230.json" />
    <testcase name="Case_A21_007" classname="C:\Users\48181\AppData\Local\Temp\monopoly_case_7232_231.json" />
    <testcase name="Case_A21_008" classname="C:\Users\48181\AppData\Local\Temp\monopoly_case_7232_232.json" />
    <testcase name="Case_A21_009" classname="C:\Users\48181\AppData\Local\Temp\monopoly_case_7232_233.json" />
    <testcase name="Case_A21_010" classname="C:\Users\48181\AppData\Local\Temp\monopoly_case_7232_234.json" />
    <testcase name="Case_A21_011" classname="C:\Users\48181\AppData\Local\Temp\monopoly_case_7232_235.json" />
    <testcase name="Case_A21_012" classname="C:\Users\48181\AppData\Local\Temp\monopoly_case_7232_236.json" />
    <testcase name="Case_A21_013" classname="C:\Users\48181\AppData\Local\Temp\monopoly_case_7232_237.json" />
    <testcase name="Case_A21_014" classname="C:\Users\48181\AppData\Local\Temp\monopoly_case_7232_238.json" />
    <testcase name="Case_A21_015" classname="C:\Users\48181\AppData\Local\Temp\monopoly_case_7232_239.json" />
    <testcase name="Case_A21_016" classname="C:\Users\48181\AppData\Local\Temp\monopoly_case_7232_240.json" />
    <testcase name="Case_A21_017" classname="C:\Users\48181\AppData\Local\Temp\monopoly_case_7232_241.json" />
    <testcase name="Case_A21_018" classname="C:\Users\48181\AppData\Local\Temp\monopoly_case_7232_242.json" />
    <testcase name="Case_A21_019" classname="C:\Users\48181\AppData\Local\Temp\monopoly_case_7232_243.json" />
    <testcase name="Case_A21_020" classname="C:\Users\48181\AppData\Local\Temp\monopoly_case_7232_244.json" />
    <testcase name="Case_A21_021" classname="C:\Users\48181\AppData\Local\Temp\monopoly_case_7232_245.json" />
    <testcase name="Case_A21_022" classname="C:\Users\48181\AppData\Local\Temp\monopoly_case_7232_246.json" />
    <testcase name="Case_A21_023" classname="C:\Users\48181\AppData\Local\Temp\monopoly_case_7232_247.json" />
    <testcase name="Case_A21_024" classname="C:\Users\48181\AppData\Local\Temp\monopoly_case_7232_248.json" />
    <testcase name="Case_A21_025" classname="C:\Users\48181\AppData\Local\Temp\monopoly_case_7232_249.json" />
    <testcase name="Case_A21_026" classname="C:\Users\48181\AppData\Local\Temp\monopoly_case_7232_250.json" />
    <testcase name="Case_A21_027" classname="C:\Users\48181\AppData\Local\Temp\monopoly_case_7232_251.json" />
    <testcase name="Case_A21_028" classname="C:\Users\48181\AppData\Local\Temp\monopoly_case_7232_252.json">
      <failure message="FAIL">[ASSERT_NOT_EQUAL] actual.players[id=Q].fund: scalar not equal
[ASSERT_NOT_EQUAL] actual.players[id=Q].status: scalar not equal
[ASSERT_NOT_EQUAL] actual.players[id=Q].god_of_wealth_rounds: scalar not equal
[ASSERT_NOT_EQUAL] actual.players[id=A].fund: scalar not equal
[ASSERT_NOT_EQUAL] actual.fortune: field missing in actual</failure>
    </testcase>
    <testcase name="Case_A21_029" classname="C:\Users\48181\AppData\Local\Temp\monopoly_case_7232_253.json" />
    <testcase name="Case_A21_030" classname="C:\Users\48181\AppData\Local\Temp\monopoly_case_7232_254.json" />
    <testcase name="Case_A21_031" classname="C:\Users\48181\AppData\Local\Temp\monopoly_case_7232_255.json">
      <error message="ERROR">[INVALID_ACTION] : unknown command</error>
    </testcase>
    <testcase name="Case_A21_032" classname="C:\Users\48181\AppData\Local\Temp\monopoly_case_7232_256.json" />
    <testcase name="Case_A21_033" classname="C:\Users\48181\AppData\Local\Temp\monopoly_case_7232_257.json" />
  </testsuite>
</testsuites>
