<?xml version="1.0" encoding="UTF-8"?>
<testsuites tests="258" failures="0" errors="0">
  <testsuite name="rich-automation" tests="258" failures="0" errors="0">
    <testcase name="Case_A4_001" classname="C:\Users\48181\AppData\Local\Temp\monopoly_case_20768_0.json" />
    <testcase name="Case_A4_002" classname="C:\Users\48181\AppData\Local\Temp\monopoly_case_20768_1.json" />
    <testcase name="Case_A4_003" classname="C:\Users\48181\AppData\Local\Temp\monopoly_case_20768_2.json" />
    <testcase name="Case_A4_004" classname="C:\Users\48181\AppData\Local\Temp\monopoly_case_20768_3.json" />
    <testcase name="Case_A4_005" classname="C:\Users\48181\AppData\Local\Temp\monopoly_case_20768_4.json" />
    <testcase name="Case_A4_006" classname="C:\Users\48181\AppData\Local\Temp\monopoly_case_20768_5.json" />
    <testcase name="Case_A4_008" classname="C:\Users\48181\AppData\Local\Temp\monopoly_case_20768_6.json" />
    <testcase name="Case_A4_009" classname="C:\Users\48181\AppData\Local\Temp\monopoly_case_20768_7.json" />
    <testcase name="Case_A4_010" classname="C:\Users\48181\AppData\Local\Temp\monopoly_case_20768_8.json" />
    <testcase name="Case_A4_011" classname="C:\Users\48181\AppData\Local\Temp\monopoly_case_20768_9.json" />
    <testcase name="Case_A4_012" classname="C:\Users\48181\AppData\Local\Temp\monopoly_case_20768_10.json" />
    <testcase name="Case_A4_013" classname="C:\Users\48181\AppData\Local\Temp\monopoly_case_20768_11.json" />
    <testcase name="Case_A4_014" classname="C:\Users\48181\AppData\Local\Temp\monopoly_case_20768_12.json" />
    <testcase name="Case_A4_015" classname="C:\Users\48181\AppData\Local\Temp\monopoly_case_20768_13.json" />
    <testcase name="Case_A4_016" classname="C:\Users\48181\AppData\Local\Temp\monopoly_case_20768_14.json" />
    <testcase name="Case_A4_017" classname="C:\Users\48181\AppData\Local\Temp\monopoly_case_20768_15.json" />
    <testcase name="Case_A4_018" classname="C:\Users\48181\AppData\Local\Temp\monopoly_case_20768_16.json" />
    <testcase name="Case_A4_019" classname="C:\Users\48181\AppData\Local\Temp\monopoly_case_20768_17.json" />
    <testcase name="Case_A4_021" classname="C:\Users\48181\AppData\Local\Temp\monopoly_case_20768_18.json" />
    <testcase name="Case_A4_022" classname="C:\Users\48181\AppData\Local\Temp\monopoly_case_20768_19.json" />
    <testcase name="Case_A4_024" classname="C:\Users\48181\AppData\Local\Temp\monopoly_case_20768_20.json" />
    <testcase name="Case_A5_002" classname="C:\Users\48181\AppData\Local\Temp\monopoly_case_20768_21.json" />
    <testcase name="Case_A5_003" classname="C:\Users\48181\AppData\Local\Temp\monopoly_case_20768_22.json" />
    <testcase name="Case_A5_004" classname="C:\Users\48181\AppData\Local\Temp\monopoly_case_20768_23.json" />
    <testcase name="Case_A5_005" classname="C:\Users\48181\AppData\Local\Temp\monopoly_case_20768_24.json" />
    <testcase name="Case_A7_001" classname="C:\Users\48181\AppData\Local\Temp\monopoly_case_20768_25.json" />
    <testcase name="Case_A7_002" classname="C:\Users\48181\AppData\Local\Temp\monopoly_case_20768_26.json" />
    <testcase name="Case_A7_003" classname="C:\Users\48181\AppData\Local\Temp\monopoly_case_20768_27.json" />
    <testcase name="Case_A7_004" classname="C:\Users\48181\AppData\Local\Temp\monopoly_case_20768_28.json" />
    <testcase name="Case_A7_005" classname="C:\Users\48181\AppData\Local\Temp\monopoly_case_20768_29.json" />
    <testcase name="Case_A7_006" classname="C:\Users\48181\AppData\Local\Temp\monopoly_case_20768_30.json" />
    <testcase name="Case_A7_007" classname="C:\Users\48181\AppData\Local\Temp\monopoly_case_20768_31.json" />
    <testcase name="Case_A7_008" classname="C:\Users\48181\AppData\Local\Temp\monopoly_case_20768_32.json" />
    <testcase name="Case_A7_009" classname="C:\Users\48181\AppData\Local\Temp\monopoly_case_20768_33.json" />
    <testcase name="Case_A7_010" classname="C:\Users\48181\AppData\Local\Temp\monopoly_case_20768_34.json" />
    <testcase name="Case_A7_011" classname="C:\Users\48181\AppData\Local\Temp\monopoly_case_20768_35.json" />
    <testcase name="Case_A7_012" classname="C:\Users\48181\AppData\Local\Temp\monopoly_case_20768_36.json" />
    <testcase name="Case_A7_013" classname="C:\Users\48181\AppData\Local\Temp\monopoly_case_20768_37.json" />
    <testcase name="Case_A7_014" classname="C:\Users\48181\AppData\Local\Temp\monopoly_case_20768_38.json" />
    <testcase name="Case_A7_015" classname="C:\Users\48181\AppData\Local\Temp\monopoly_case_20768_39.json" />
    <testcase name="Case_A7_016" classname="C:\Users\48181\AppData\Local\Temp\monopoly_case_20768_40.json" />
    <testcase name="Case_A7_017" classname="C:\Users\48181\AppData\Local\Temp\monopoly_case_20768_41.json" />
    <testcase name="Case_A7_018" classname="C:\Users\48181\AppData\Local\Temp\monopoly_case_20768_42.json" />
    <testcase name="Case_A7_019" classname="C:\Users\48181\AppData\Local\Temp\monopoly_case_20768_43.json" />
    <testcase name="Case_A7_020" classname="C:\Users\48181\AppData\Local\Temp\monopoly_case_20768_44.json" />
    <testcase name="Case_A8_003" classname="C:\Users\48181\AppData\Local\Temp\monopoly_case_20768_45.json" />
    <testcase name="Case_A8_004" classname="C:\Users\48181\AppData\Local\Temp\monopoly_case_20768_46.json" />
    <testcase name="Case_A8_005" classname="C:\Users\48181\AppData\Local\Temp\monopoly_case_20768_47.json" />
    <testcase name="Case_A8_006" classname="C:\Users\48181\AppData\Local\Temp\monopoly_case_20768_48.json" />
    <testcase name="Case_A8_007" classname="C:\Users\48181\AppData\Local\Temp\monopoly_case_20768_49.json" />
    <testcase name="Case_A8_008" classname="C:\Users\48181\AppData\Local\Temp\monopoly_case_20768_50.json" />
    <testcase name="Case_A8_009" classname="C:\Users\48181\AppData\Local\Temp\monopoly_case_20768_51.json" />
    <testcase name="Case_A8_010" classname="C:\Users\48181\AppData\Local\Temp\monopoly_case_20768_52.json" />
    <testcase name="Case_A8_011" classname="C:\Users\48181\AppData\Local\Temp\monopoly_case_20768_53.json" />
    <testcase name="Case_A8_012" classname="C:\Users\48181\AppData\Local\Temp\monopoly_case_20768_54.json" />
    <testcase name="Case_A8_013" classname="C:\Users\48181\AppData\Local\Temp\monopoly_case_20768_55.json" />
    <testcase name="Case_A8_014" classname="C:\Users\48181\AppData\Local\Temp\monopoly_case_20768_56.json" />
    <testcase name="Case_A8_015" classname="C:\Users\48181\AppData\Local\Temp\monopoly_case_20768_57.json" />
    <testcase name="Case_A8_016" classname="C:\Users\48181\AppData\Local\Temp\monopoly_case_20768_58.json" />
    <testcase name="Case_A8_017" classname="C:\Users\48181\AppData\Local\Temp\monopoly_case_20768_59.json" />
    <testcase name="Case_A8_018" classname="C:\Users\48181\AppData\Local\Temp\monopoly_case_20768_60.json" />
    <testcase name="Case_A8_019" classname="C:\Users\48181\AppData\Local\Temp\monopoly_case_20768_61.json" />
    <testcase name="Case_A8_020" classname="C:\Users\48181\AppData\Local\Temp\monopoly_case_20768_62.json" />
    <testcase name="Case_A8_021" classname="C:\Users\48181\AppData\Local\Temp\monopoly_case_20768_63.json" />
    <testcase name="Case_A8_022" classname="C:\Users\48181\AppData\Local\Temp\monopoly_case_20768_64.json" />
    <testcase name="Case_A9_001" classname="C:\Users\48181\AppData\Local\Temp\monopoly_case_20768_65.json" />
    <testcase name="Case_A9_002" classname="C:\Users\48181\AppData\Local\Temp\monopoly_case_20768_66.json" />
    <testcase name="Case_A9_003" classname="C:\Users\48181\AppData\Local\Temp\monopoly_case_20768_67.json" />
    <testcase name="Case_A9_004" classname="C:\Users\48181\AppData\Local\Temp\monopoly_case_20768_68.json" />
    <testcase name="Case_A9_005" classname="C:\Users\48181\AppData\Local\Temp\monopoly_case_20768_69.json" />
    <testcase name="Case_A9_008" classname="C:\Users\48181\AppData\Local\Temp\monopoly_case_20768_70.json" />
    <testcase name="Case_A9_009" classname="C:\Users\48181\AppData\Local\Temp\monopoly_case_20768_71.json" />
    <testcase name="Case_A9_010" classname="C:\Users\48181\AppData\Local\Temp\monopoly_case_20768_72.json" />
    <testcase name="Case_A9_011" classname="C:\Users\48181\AppData\Local\Temp\monopoly_case_20768_73.json" />
    <testcase name="Case_A9_012" classname="C:\Users\48181\AppData\Local\Temp\monopoly_case_20768_74.json" />
    <testcase name="Case_A9_014" classname="C:\Users\48181\AppData\Local\Temp\monopoly_case_20768_75.json" />
    <testcase name="Case_A9_015" classname="C:\Users\48181\AppData\Local\Temp\monopoly_case_20768_76.json" />
    <testcase name="Case_A9_016" classname="C:\Users\48181\AppData\Local\Temp\monopoly_case_20768_77.json" />
    <testcase name="Case_A10_001" classname="C:\Users\48181\AppData\Local\Temp\monopoly_case_20768_78.json" />
    <testcase name="Case_A10_002" classname="C:\Users\48181\AppData\Local\Temp\monopoly_case_20768_79.json" />
    <testcase name="Case_A10_003" classname="C:\Users\48181\AppData\Local\Temp\monopoly_case_20768_80.json" />
    <testcase name="Case_A10_004" classname="C:\Users\48181\AppData\Local\Temp\monopoly_case_20768_81.json" />
    <testcase name="Case_A10_005" classname="C:\Users\48181\AppData\Local\Temp\monopoly_case_20768_82.json" />
    <testcase name="Case_A10_006" classname="C:\Users\48181\AppData\Local\Temp\monopoly_case_20768_83.json" />
    <testcase name="Case_A10_007" classname="C:\Users\48181\AppData\Local\Temp\monopoly_case_20768_84.json" />
    <testcase name="Case_A10_008" classname="C:\Users\48181\AppData\Local\Temp\monopoly_case_20768_85.json" />
    <testcase name="Case_A10_009" classname="C:\Users\48181\AppData\Local\Temp\monopoly_case_20768_86.json" />
    <testcase name="Case_A10_010" classname="C:\Users\48181\AppData\Local\Temp\monopoly_case_20768_87.json" />
    <testcase name="Case_A10_011" classname="C:\Users\48181\AppData\Local\Temp\monopoly_case_20768_88.json" />
    <testcase name="Case_A10_012" classname="C:\Users\48181\AppData\Local\Temp\monopoly_case_20768_89.json" />
    <testcase name="Case_A10_013" classname="C:\Users\48181\AppData\Local\Temp\monopoly_case_20768_90.json" />
    <testcase name="Case_A10_014" classname="C:\Users\48181\AppData\Local\Temp\monopoly_case_20768_91.json" />
    <testcase name="Case_A10_015" classname="C:\Users\48181\AppData\Local\Temp\monopoly_case_20768_92.json" />
    <testcase name="Case_A10_016" classname="C:\Users\48181\AppData\Local\Temp\monopoly_case_20768_93.json" />
    <testcase name="Case_A10_017" classname="C:\Users\48181\AppData\Local\Temp\monopoly_case_20768_94.json" />
    <testcase name="Case_A10_018" classname="C:\Users\48181\AppData\Local\Temp\monopoly_case_20768_95.json" />
    <testcase name="Case_A10_019" classname="C:\Users\48181\AppData\Local\Temp\monopoly_case_20768_96.json" />
    <testcase name="Case_A10_020" classname="C:\Users\48181\AppData\Local\Temp\monopoly_case_20768_97.json" />
    <testcase name="Case_A10_021" classname="C:\Users\48181\AppData\Local\Temp\monopoly_case_20768_98.json" />
    <testcase name="Case_A10_022" classname="C:\Users\48181\AppData\Local\Temp\monopoly_case_20768_99.json" />
    <testcase name="Case_A10_023" classname="C:\Users\48181\AppData\Local\Temp\monopoly_case_20768_100.json" />
    <testcase name="Case_A10_024" classname="C:\Users\48181\AppData\Local\Temp\monopoly_case_20768_101.json" />
    <testcase name="Case_A10_025" classname="C:\Users\48181\AppData\Local\Temp\monopoly_case_20768_102.json" />
    <testcase name="Case_A11_001" classname="C:\Users\48181\AppData\Local\Temp\monopoly_case_20768_103.json" />
    <testcase name="Case_A11_002" classname="C:\Users\48181\AppData\Local\Temp\monopoly_case_20768_104.json" />
    <testcase name="Case_A11_003" classname="C:\Users\48181\AppData\Local\Temp\monopoly_case_20768_105.json" />
    <testcase name="Case_A11_004" classname="C:\Users\48181\AppData\Local\Temp\monopoly_case_20768_106.json" />
    <testcase name="Case_A11_005" classname="C:\Users\48181\AppData\Local\Temp\monopoly_case_20768_107.json" />
    <testcase name="Case_A11_006" classname="C:\Users\48181\AppData\Local\Temp\monopoly_case_20768_108.json" />
    <testcase name="Case_A11_007" classname="C:\Users\48181\AppData\Local\Temp\monopoly_case_20768_109.json" />
    <testcase name="Case_A11_008" classname="C:\Users\48181\AppData\Local\Temp\monopoly_case_20768_110.json" />
    <testcase name="Case_A11_009" classname="C:\Users\48181\AppData\Local\Temp\monopoly_case_20768_111.json" />
    <testcase name="Case_A11_010" classname="C:\Users\48181\AppData\Local\Temp\monopoly_case_20768_112.json" />
    <testcase name="Case_A11_011" classname="C:\Users\48181\AppData\Local\Temp\monopoly_case_20768_113.json" />
    <testcase name="Case_A11_012" classname="C:\Users\48181\AppData\Local\Temp\monopoly_case_20768_114.json" />
    <testcase name="Case_A11_013" classname="C:\Users\48181\AppData\Local\Temp\monopoly_case_20768_115.json" />
    <testcase name="Case_A11_014" classname="C:\Users\48181\AppData\Local\Temp\monopoly_case_20768_116.json" />
    <testcase name="Case_A11_015" classname="C:\Users\48181\AppData\Local\Temp\monopoly_case_20768_117.json" />
    <testcase name="Case_A11_016" classname="C:\Users\48181\AppData\Local\Temp\monopoly_case_20768_118.json" />
    <testcase name="Case_A11_017" classname="C:\Users\48181\AppData\Local\Temp\monopoly_case_20768_119.json" />
    <testcase name="Case_A11_018" classname="C:\Users\48181\AppData\Local\Temp\monopoly_case_20768_120.json" />
    <testcase name="Case_A11_019" classname="C:\Users\48181\AppData\Local\Temp\monopoly_case_20768_121.json" />
    <testcase name="Case_A11_020" classname="C:\Users\48181\AppData\Local\Temp\monopoly_case_20768_122.json" />
    <testcase name="Case_A11_021" classname="C:\Users\48181\AppData\Local\Temp\monopoly_case_20768_123.json" />
    <testcase name="Case_A11_029" classname="C:\Users\48181\AppData\Local\Temp\monopoly_case_20768_124.json" />
    <testcase name="Case_A11_030" classname="C:\Users\48181\AppData\Local\Temp\monopoly_case_20768_125.json" />
    <testcase name="Case_A12_001" classname="C:\Users\48181\AppData\Local\Temp\monopoly_case_20768_126.json" />
    <testcase name="Case_A12_003" classname="C:\Users\48181\AppData\Local\Temp\monopoly_case_20768_127.json" />
    <testcase name="Case_A12_004" classname="C:\Users\48181\AppData\Local\Temp\monopoly_case_20768_128.json" />
    <testcase name="Case_A12_005" classname="C:\Users\48181\AppData\Local\Temp\monopoly_case_20768_129.json" />
    <testcase name="Case_A12_006" classname="C:\Users\48181\AppData\Local\Temp\monopoly_case_20768_130.json" />
    <testcase name="Case_A12_007" classname="C:\Users\48181\AppData\Local\Temp\monopoly_case_20768_131.json" />
    <testcase name="Case_A12_009" classname="C:\Users\48181\AppData\Local\Temp\monopoly_case_20768_132.json" />
    <testcase name="Case_A12_010" classname="C:\Users\48181\AppData\Local\Temp\monopoly_case_20768_133.json" />
    <testcase name="Case_A13_001" classname="C:\Users\48181\AppData\Local\Temp\monopoly_case_20768_134.json" />
    <testcase name="Case_A13_002" classname="C:\Users\48181\AppData\Local\Temp\monopoly_case_20768_135.json" />
    <testcase name="Case_A13_003" classname="C:\Users\48181\AppData\Local\Temp\monopoly_case_20768_136.json" />
    <testcase name="Case_A13_004" classname="C:\Users\48181\AppData\Local\Temp\monopoly_case_20768_137.json" />
    <testcase name="Case_A13_005" classname="C:\Users\48181\AppData\Local\Temp\monopoly_case_20768_138.json" />
    <testcase name="Case_A13_006" classname="C:\Users\48181\AppData\Local\Temp\monopoly_case_20768_139.json" />
    <testcase name="Case_A13_007" classname="C:\Users\48181\AppData\Local\Temp\monopoly_case_20768_140.json" />
    <testcase name="Case_A13_008" classname="C:\Users\48181\AppData\Local\Temp\monopoly_case_20768_141.json" />
    <testcase name="Case_A13_009" classname="C:\Users\48181\AppData\Local\Temp\monopoly_case_20768_142.json" />
    <testcase name="Case_A13_010" classname="C:\Users\48181\AppData\Local\Temp\monopoly_case_20768_143.json" />
    <testcase name="Case_A14_001" classname="C:\Users\48181\AppData\Local\Temp\monopoly_case_20768_144.json" />
    <testcase name="Case_A14_002" classname="C:\Users\48181\AppData\Local\Temp\monopoly_case_20768_145.json" />
    <testcase name="Case_A14_003" classname="C:\Users\48181\AppData\Local\Temp\monopoly_case_20768_146.json" />
    <testcase name="Case_A14_004" classname="C:\Users\48181\AppData\Local\Temp\monopoly_case_20768_147.json" />
    <testcase name="Case_A14_005" classname="C:\Users\48181\AppData\Local\Temp\monopoly_case_20768_148.json" />
    <testcase name="Case_A14_006" classname="C:\Users\48181\AppData\Local\Temp\monopoly_case_20768_149.json" />
    <testcase name="Case_A14_007" classname="C:\Users\48181\AppData\Local\Temp\monopoly_case_20768_150.json" />
    <testcase name="Case_A14_008" classname="C:\Users\48181\AppData\Local\Temp\monopoly_case_20768_151.json" />
    <testcase name="Case_A14_009" classname="C:\Users\48181\AppData\Local\Temp\monopoly_case_20768_152.json" />
    <testcase name="Case_A14_010" classname="C:\Users\48181\AppData\Local\Temp\monopoly_case_20768_153.json" />
    <testcase name="Case_A14_011" classname="C:\Users\48181\AppData\Local\Temp\monopoly_case_20768_154.json" />
    <testcase name="Case_A14_012" classname="C:\Users\48181\AppData\Local\Temp\monopoly_case_20768_155.json" />
    <testcase name="Case_A15_001" classname="C:\Users\48181\AppData\Local\Temp\monopoly_case_20768_156.json" />
    <testcase name="Case_A15_002" classname="C:\Users\48181\AppData\Local\Temp\monopoly_case_20768_157.json" />
    <testcase name="Case_A15_003" classname="C:\Users\48181\AppData\Local\Temp\monopoly_case_20768_158.json" />
    <testcase name="Case_A15_008" classname="C:\Users\48181\AppData\Local\Temp\monopoly_case_20768_159.json" />
    <testcase name="Case_A15_009" classname="C:\Users\48181\AppData\Local\Temp\monopoly_case_20768_160.json" />
    <testcase name="Case_A15_010" classname="C:\Users\48181\AppData\Local\Temp\monopoly_case_20768_161.json" />
    <testcase name="Case_A15_011" classname="C:\Users\48181\AppData\Local\Temp\monopoly_case_20768_162.json" />
    <testcase name="Case_A15_013" classname="C:\Users\48181\AppData\Local\Temp\monopoly_case_20768_163.json" />
    <testcase name="Case_A16_001" classname="C:\Users\48181\AppData\Local\Temp\monopoly_case_20768_164.json" />
    <testcase name="Case_A16_002" classname="C:\Users\48181\AppData\Local\Temp\monopoly_case_20768_165.json" />
    <testcase name="Case_A16_003" classname="C:\Users\48181\AppData\Local\Temp\monopoly_case_20768_166.json" />
    <testcase name="Case_A16_004" classname="C:\Users\48181\AppData\Local\Temp\monopoly_case_20768_167.json" />
    <testcase name="Case_A16_005" classname="C:\Users\48181\AppData\Local\Temp\monopoly_case_20768_168.json" />
    <testcase name="Case_A16_006" classname="C:\Users\48181\AppData\Local\Temp\monopoly_case_20768_169.json" />
    <testcase name="Case_A16_007" classname="C:\Users\48181\AppData\Local\Temp\monopoly_case_20768_170.json" />
    <testcase name="Case_A17_001" classname="C:\Users\48181\AppData\Local\Temp\monopoly_case_20768_171.json" />
    <testcase name="Case_A17_002" classname="C:\Users\48181\AppData\Local\Temp\monopoly_case_20768_172.json" />
    <testcase name="Case_A17_003" classname="C:\Users\48181\AppData\Local\Temp\monopoly_case_20768_173.json" />
    <testcase name="Case_A17_004" classname="C:\Users\48181\AppData\Local\Temp\monopoly_case_20768_174.json" />
    <testcase name="Case_A17_005" classname="C:\Users\48181\AppData\Local\Temp\monopoly_case_20768_175.json" />
    <testcase name="Case_A17_006" classname="C:\Users\48181\AppData\Local\Temp\monopoly_case_20768_176.json" />
    <testcase name="Case_A17_007" classname="C:\Users\48181\AppData\Local\Temp\monopoly_case_20768_177.json" />
    <testcase name="Case_A17_008" classname="C:\Users\48181\AppData\Local\Temp\monopoly_case_20768_178.json" />
    <testcase name="Case_A17_009" classname="C:\Users\48181\AppData\Local\Temp\monopoly_case_20768_179.json" />
    <testcase name="Case_A17_010" classname="C:\Users\48181\AppData\Local\Temp\monopoly_case_20768_180.json" />
    <testcase name="Case_A18_001" classname="C:\Users\48181\AppData\Local\Temp\monopoly_case_20768_181.json" />
    <testcase name="Case_A18_002" classname="C:\Users\48181\AppData\Local\Temp\monopoly_case_20768_182.json" />
    <testcase name="Case_A18_003" classname="C:\Users\48181\AppData\Local\Temp\monopoly_case_20768_183.json" />
    <testcase name="Case_A18_004" classname="C:\Users\48181\AppData\Local\Temp\monopoly_case_20768_184.json" />
    <testcase name="Case_A18_005" classname="C:\Users\48181\AppData\Local\Temp\monopoly_case_20768_185.json" />
    <testcase name="Case_A18_006" classname="C:\Users\48181\AppData\Local\Temp\monopoly_case_20768_186.json" />
    <testcase name="Case_A18_007" classname="C:\Users\48181\AppData\Local\Temp\monopoly_case_20768_187.json" />
    <testcase name="Case_A18_008" classname="C:\Users\48181\AppData\Local\Temp\monopoly_case_20768_188.json" />
    <testcase name="Case_A18_009" classname="C:\Users\48181\AppData\Local\Temp\monopoly_case_20768_189.json" />
    <testcase name="Case_A18_010" classname="C:\Users\48181\AppData\Local\Temp\monopoly_case_20768_190.json" />
    <testcase name="Case_A18_011" classname="C:\Users\48181\AppData\Local\Temp\monopoly_case_20768_191.json" />
    <testcase name="Case_A18_021" classname="C:\Users\48181\AppData\Local\Temp\monopoly_case_20768_192.json" />
    <testcase name="Case_A18_022" classname="C:\Users\48181\AppData\Local\Temp\monopoly_case_20768_193.json" />
    <testcase name="Case_A18_023" classname="C:\Users\48181\AppData\Local\Temp\monopoly_case_20768_194.json" />
    <testcase name="Case_A18_024" classname="C:\Users\48181\AppData\Local\Temp\monopoly_case_20768_195.json" />
    <testcase name="Case_A18_025" classname="C:\Users\48181\AppData\Local\Temp\monopoly_case_20768_196.json" />
    <testcase name="Case_A18_026" classname="C:\Users\48181\AppData\Local\Temp\monopoly_case_20768_197.json" />
    <testcase name="Case_A18_027" classname="C:\Users\48181\AppData\Local\Temp\monopoly_case_20768_198.json" />
    <testcase name="Case_A18_028" classname="C:\Users\48181\AppData\Local\Temp\monopoly_case_20768_199.json" />
    <testcase name="Case_A18_029" classname="C:\Users\48181\AppData\Local\Temp\monopoly_case_20768_200.json" />
    <testcase name="Case_A18_030" classname="C:\Users\48181\AppData\Local\Temp\monopoly_case_20768_201.json" />
    <testcase name="Case_A18_031" classname="C:\Users\48181\AppData\Local\Temp\monopoly_case_20768_202.json" />
    <testcase name="Case_A18_039" classname="C:\Users\48181\AppData\Local\Temp\monopoly_case_20768_203.json" />
    <testcase name="Case_A18_040" classname="C:\Users\48181\AppData\Local\Temp\monopoly_case_20768_204.json" />
    <testcase name="Case_A18_041" classname="C:\Users\48181\AppData\Local\Temp\monopoly_case_20768_205.json" />
    <testcase name="Case_A18_042" classname="C:\Users\48181\AppData\Local\Temp\monopoly_case_20768_206.json" />
    <testcase name="Case_A18_043" classname="C:\Users\48181\AppData\Local\Temp\monopoly_case_20768_207.json" />
    <testcase name="Case_A19_001" classname="C:\Users\48181\AppData\Local\Temp\monopoly_case_20768_208.json" />
    <testcase name="Case_A19_002" classname="C:\Users\48181\AppData\Local\Temp\monopoly_case_20768_209.json" />
    <testcase name="Case_A19_003" classname="C:\Users\48181\AppData\Local\Temp\monopoly_case_20768_210.json" />
    <testcase name="Case_A19_004" classname="C:\Users\48181\AppData\Local\Temp\monopoly_case_20768_211.json" />
    <testcase name="Case_A19_005" classname="C:\Users\48181\AppData\Local\Temp\monopoly_case_20768_212.json" />
    <testcase name="Case_A19_006" classname="C:\Users\48181\AppData\Local\Temp\monopoly_case_20768_213.json" />
    <testcase name="Case_A19_009" classname="C:\Users\48181\AppData\Local\Temp\monopoly_case_20768_214.json" />
    <testcase name="Case_A19_010" classname="C:\Users\48181\AppData\Local\Temp\monopoly_case_20768_215.json" />
    <testcase name="Case_A19_011" classname="C:\Users\48181\AppData\Local\Temp\monopoly_case_20768_216.json" />
    <testcase name="Case_A19_013" classname="C:\Users\48181\AppData\Local\Temp\monopoly_case_20768_217.json" />
    <testcase name="Case_A19_014" classname="C:\Users\48181\AppData\Local\Temp\monopoly_case_20768_218.json" />
    <testcase name="Case_A19_015" classname="C:\Users\48181\AppData\Local\Temp\monopoly_case_20768_219.json" />
    <testcase name="Case_A20_002" classname="C:\Users\48181\AppData\Local\Temp\monopoly_case_20768_220.json" />
    <testcase name="Case_A20_003" classname="C:\Users\48181\AppData\Local\Temp\monopoly_case_20768_221.json" />
    <testcase name="Case_A20_004" classname="C:\Users\48181\AppData\Local\Temp\monopoly_case_20768_222.json" />
    <testcase name="Case_A20_005" classname="C:\Users\48181\AppData\Local\Temp\monopoly_case_20768_223.json" />
    <testcase name="Case_A20_017" classname="C:\Users\48181\AppData\Local\Temp\monopoly_case_20768_224.json" />
    <testcase name="Case_A21_001" classname="C:\Users\48181\AppData\Local\Temp\monopoly_case_20768_225.json" />
    <testcase name="Case_A21_002" classname="C:\Users\48181\AppData\Local\Temp\monopoly_case_20768_226.json" />
    <testcase name="Case_A21_003" classname="C:\Users\48181\AppData\Local\Temp\monopoly_case_20768_227.json" />
    <testcase name="Case_A21_004" classname="C:\Users\48181\AppData\Local\Temp\monopoly_case_20768_228.json" />
    <testcase name="Case_A21_005" classname="C:\Users\48181\AppData\Local\Temp\monopoly_case_20768_229.json" />
    <testcase name="Case_A21_006" classname="C:\Users\48181\AppData\Local\Temp\monopoly_case_20768_230.json" />
    <testcase name="Case_A21_007" classname="C:\Users\48181\AppData\Local\Temp\monopoly_case_20768_231.json" />
    <testcase name="Case_A21_008" classname="C:\Users\48181\AppData\Local\Temp\monopoly_case_20768_232.json" />
    <testcase name="Case_A21_009" classname="C:\Users\48181\AppData\Local\Temp\monopoly_case_20768_233.json" />
    <testcase name="Case_A21_010" classname="C:\Users\48181\AppData\Local\Temp\monopoly_case_20768_234.json" />
    <testcase name="Case_A21_011" classname="C:\Users\48181\AppData\Local\Temp\monopoly_case_20768_235.json" />
    <testcase name="Case_A21_012" classname="C:\Users\48181\AppData\Local\Temp\monopoly_case_20768_236.json" />
    <testcase name="Case_A21_013" classname="C:\Users\48181\AppData\Local\Temp\monopoly_case_20768_237.json" />
    <testcase name="Case_A21_014" classname="C:\Users\48181\AppData\Local\Temp\monopoly_case_20768_238.json" />
    <testcase name="Case_A21_015" classname="C:\Users\48181\AppData\Local\Temp\monopoly_case_20768_239.json" />
    <testcase name="Case_A21_016" classname="C:\Users\48181\AppData\Local\Temp\monopoly_case_20768_240.json" />
    <testcase name="Case_A21_017" classname="C:\Users\48181\AppData\Local\Temp\monopoly_case_20768_241.json" />
    <testcase name="Case_A21_018" classname="C:\Users\48181\AppData\Local\Temp\monopoly_case_20768_242.json" />
    <testcase name="Case_A21_019" classname="C:\Users\48181\AppData\Local\Temp\monopoly_case_20768_243.json" />
    <testcase name="Case_A21_020" classname="C:\Users\48181\AppData\Local\Temp\monopoly_case_20768_244.json" />
    <testcase name="Case_A21_021" classname="C:\Users\48181\AppData\Local\Temp\monopoly_case_20768_245.json" />
    <testcase name="Case_A21_022" classname="C:\Users\48181\AppData\Local\Temp\monopoly_case_20768_246.json" />
    <testcase name="Case_A21_023" classname="C:\Users\48181\AppData\Local\Temp\monopoly_case_20768_247.json" />
    <testcase name="Case_A21_024" classname="C:\Users\48181\AppData\Local\Temp\monopoly_case_20768_248.json" />
    <testcase name="Case_A21_025" classname="C:\Users\48181\AppData\Local\Temp\monopoly_case_20768_249.json" />
    <testcase name="Case_A21_026" classname="C:\Users\48181\AppData\Local\Temp\monopoly_case_20768_250.json" />
    <testcase name="Case_A21_027" classname="C:\Users\48181\AppData\Local\Temp\monopoly_case_20768_251.json" />
    <testcase name="Case_A21_028" classname="C:\Users\48181\AppData\Local\Temp\monopoly_case_20768_252.json" />
    <testcase name="Case_A21_029" classname="C:\Users\48181\AppData\Local\Temp\monopoly_case_20768_253.json" />
    <testcase name="Case_A21_030" classname="C:\Users\48181\AppData\Local\Temp\monopoly_case_20768_254.json" />
    <testcase name="Case_A21_031" classname="C:\Users\48181\AppData\Local\Temp\monopoly_case_20768_255.json" />
    <testcase name="Case_A21_032" classname="C:\Users\48181\AppData\Local\Temp\monopoly_case_20768_256.json" />
    <testcase name="Case_A21_033" classname="C:\Users\48181\AppData\Local\Temp\monopoly_case_20768_257.json" />
  </testsuite>
</testsuites>
