<?xml version="1.0" encoding="UTF-8"?>
<testsuites tests="221" failures="0" errors="0">
  <testsuite name="rich-automation" tests="221" failures="0" errors="0">
    <testcase name="TC-ADDED-001" classname="C:\Users\48181\AppData\Local\Temp\monopoly_case_31272_0.json" />
    <testcase name="TC-ADDED-002" classname="C:\Users\48181\AppData\Local\Temp\monopoly_case_31272_1.json" />
    <testcase name="TC-ADDED-003" classname="C:\Users\48181\AppData\Local\Temp\monopoly_case_31272_2.json" />
    <testcase name="TC-ADDED-004" classname="C:\Users\48181\AppData\Local\Temp\monopoly_case_31272_3.json" />
    <testcase name="TC-ADDED-005" classname="C:\Users\48181\AppData\Local\Temp\monopoly_case_31272_4.json" />
    <testcase name="TC-ADDED-006" classname="C:\Users\48181\AppData\Local\Temp\monopoly_case_31272_5.json" />
    <testcase name="TC-ADDED-007" classname="C:\Users\48181\AppData\Local\Temp\monopoly_case_31272_6.json" />
    <testcase name="TC-ADDED-008" classname="C:\Users\48181\AppData\Local\Temp\monopoly_case_31272_7.json" />
    <testcase name="TC-ADDED-009" classname="C:\Users\48181\AppData\Local\Temp\monopoly_case_31272_8.json" />
    <testcase name="TC-ADDED-010" classname="C:\Users\48181\AppData\Local\Temp\monopoly_case_31272_9.json" />
    <testcase name="TC-ADDED-011" classname="C:\Users\48181\AppData\Local\Temp\monopoly_case_31272_10.json" />
    <testcase name="TC-ADDED-012" classname="C:\Users\48181\AppData\Local\Temp\monopoly_case_31272_11.json" />
    <testcase name="TC-ADDED-013" classname="C:\Users\48181\AppData\Local\Temp\monopoly_case_31272_12.json" />
    <testcase name="TC-ADDED-014" classname="C:\Users\48181\AppData\Local\Temp\monopoly_case_31272_13.json" />
    <testcase name="TC-ADDED-015" classname="C:\Users\48181\AppData\Local\Temp\monopoly_case_31272_14.json" />
    <testcase name="TC-ADDED-016" classname="C:\Users\48181\AppData\Local\Temp\monopoly_case_31272_15.json" />
    <testcase name="TC-ADDED-017" classname="C:\Users\48181\AppData\Local\Temp\monopoly_case_31272_16.json" />
    <testcase name="TC-ADDED-018" classname="C:\Users\48181\AppData\Local\Temp\monopoly_case_31272_17.json" />
    <testcase name="TC-ADDED-019" classname="C:\Users\48181\AppData\Local\Temp\monopoly_case_31272_18.json" />
    <testcase name="TC-ADDED-020" classname="C:\Users\48181\AppData\Local\Temp\monopoly_case_31272_19.json" />
    <testcase name="TC-ADDED-021" classname="C:\Users\48181\AppData\Local\Temp\monopoly_case_31272_20.json" />
    <testcase name="TC-ADDED-022" classname="C:\Users\48181\AppData\Local\Temp\monopoly_case_31272_21.json" />
    <testcase name="TC-ADDED-023" classname="C:\Users\48181\AppData\Local\Temp\monopoly_case_31272_22.json" />
    <testcase name="TC-ADDED-024" classname="C:\Users\48181\AppData\Local\Temp\monopoly_case_31272_23.json" />
    <testcase name="TC-ADDED-025" classname="C:\Users\48181\AppData\Local\Temp\monopoly_case_31272_24.json" />
    <testcase name="TC-ADDED-026" classname="C:\Users\48181\AppData\Local\Temp\monopoly_case_31272_25.json" />
    <testcase name="TC-ADDED-027" classname="C:\Users\48181\AppData\Local\Temp\monopoly_case_31272_26.json" />
    <testcase name="TC-ADDED-028" classname="C:\Users\48181\AppData\Local\Temp\monopoly_case_31272_27.json" />
    <testcase name="TC-ADDED-029" classname="C:\Users\48181\AppData\Local\Temp\monopoly_case_31272_28.json" />
    <testcase name="TC-ADDED-030" classname="C:\Users\48181\AppData\Local\Temp\monopoly_case_31272_29.json" />
    <testcase name="TC-ADDED-031" classname="C:\Users\48181\AppData\Local\Temp\monopoly_case_31272_30.json" />
    <testcase name="TC-ADDED-032" classname="C:\Users\48181\AppData\Local\Temp\monopoly_case_31272_31.json" />
    <testcase name="TC-ADDED-033" classname="C:\Users\48181\AppData\Local\Temp\monopoly_case_31272_32.json" />
    <testcase name="TC-ADDED-034" classname="C:\Users\48181\AppData\Local\Temp\monopoly_case_31272_33.json" />
    <testcase name="TC-ADDED-035" classname="C:\Users\48181\AppData\Local\Temp\monopoly_case_31272_34.json" />
    <testcase name="TC-ADDED-036" classname="C:\Users\48181\AppData\Local\Temp\monopoly_case_31272_35.json" />
    <testcase name="TC-ADDED-037" classname="C:\Users\48181\AppData\Local\Temp\monopoly_case_31272_36.json" />
    <testcase name="TC-ADDED-038" classname="C:\Users\48181\AppData\Local\Temp\monopoly_case_31272_37.json" />
    <testcase name="TC-ADDED-039" classname="C:\Users\48181\AppData\Local\Temp\monopoly_case_31272_38.json" />
    <testcase name="TC-ADDED-040" classname="C:\Users\48181\AppData\Local\Temp\monopoly_case_31272_39.json" />
    <testcase name="TC-ADDED-041" classname="C:\Users\48181\AppData\Local\Temp\monopoly_case_31272_40.json" />
    <testcase name="TC-ADDED-042" classname="C:\Users\48181\AppData\Local\Temp\monopoly_case_31272_41.json" />
    <testcase name="TC-ADDED-043" classname="C:\Users\48181\AppData\Local\Temp\monopoly_case_31272_42.json" />
    <testcase name="TC-ADDED-044" classname="C:\Users\48181\AppData\Local\Temp\monopoly_case_31272_43.json" />
    <testcase name="TC-ADDED-045" classname="C:\Users\48181\AppData\Local\Temp\monopoly_case_31272_44.json" />
    <testcase name="TC-ADDED-046" classname="C:\Users\48181\AppData\Local\Temp\monopoly_case_31272_45.json" />
    <testcase name="TC-ADDED-047" classname="C:\Users\48181\AppData\Local\Temp\monopoly_case_31272_46.json" />
    <testcase name="TC-ADDED-048" classname="C:\Users\48181\AppData\Local\Temp\monopoly_case_31272_47.json" />
    <testcase name="TC-ADDED-049" classname="C:\Users\48181\AppData\Local\Temp\monopoly_case_31272_48.json" />
    <testcase name="TC-ADDED-050" classname="C:\Users\48181\AppData\Local\Temp\monopoly_case_31272_49.json" />
    <testcase name="TC-ADDED-051" classname="C:\Users\48181\AppData\Local\Temp\monopoly_case_31272_50.json" />
    <testcase name="TC-ADDED-052" classname="C:\Users\48181\AppData\Local\Temp\monopoly_case_31272_51.json" />
    <testcase name="TC-ADDED-053" classname="C:\Users\48181\AppData\Local\Temp\monopoly_case_31272_52.json" />
    <testcase name="TC-ADDED-054" classname="C:\Users\48181\AppData\Local\Temp\monopoly_case_31272_53.json" />
    <testcase name="TC-ADDED-055" classname="C:\Users\48181\AppData\Local\Temp\monopoly_case_31272_54.json" />
    <testcase name="TC-ADDED-056" classname="C:\Users\48181\AppData\Local\Temp\monopoly_case_31272_55.json" />
    <testcase name="TC-ADDED-057" classname="C:\Users\48181\AppData\Local\Temp\monopoly_case_31272_56.json" />
    <testcase name="TC-ADDED-058" classname="C:\Users\48181\AppData\Local\Temp\monopoly_case_31272_57.json" />
    <testcase name="TC-ADDED-059" classname="C:\Users\48181\AppData\Local\Temp\monopoly_case_31272_58.json" />
    <testcase name="TC-ADDED-060" classname="C:\Users\48181\AppData\Local\Temp\monopoly_case_31272_59.json" />
    <testcase name="TC-ADDED-061" classname="C:\Users\48181\AppData\Local\Temp\monopoly_case_31272_60.json" />
    <testcase name="TC-ADDED-062" classname="C:\Users\48181\AppData\Local\Temp\monopoly_case_31272_61.json" />
    <testcase name="TC-ADDED-063" classname="C:\Users\48181\AppData\Local\Temp\monopoly_case_31272_62.json" />
    <testcase name="TC-ADDED-064" classname="C:\Users\48181\AppData\Local\Temp\monopoly_case_31272_63.json" />
    <testcase name="TC-ADDED-065" classname="C:\Users\48181\AppData\Local\Temp\monopoly_case_31272_64.json" />
    <testcase name="TC-ADDED-066" classname="C:\Users\48181\AppData\Local\Temp\monopoly_case_31272_65.json" />
    <testcase name="TC-ADDED-067" classname="C:\Users\48181\AppData\Local\Temp\monopoly_case_31272_66.json" />
    <testcase name="TC-ADDED-068" classname="C:\Users\48181\AppData\Local\Temp\monopoly_case_31272_67.json" />
    <testcase name="TC-ADDED-069" classname="C:\Users\48181\AppData\Local\Temp\monopoly_case_31272_68.json" />
    <testcase name="TC-ADDED-070" classname="C:\Users\48181\AppData\Local\Temp\monopoly_case_31272_69.json" />
    <testcase name="TC-US01-001" classname="C:\Users\48181\AppData\Local\Temp\monopoly_case_31272_70.json" />
    <testcase name="TC-US01-002" classname="C:\Users\48181\AppData\Local\Temp\monopoly_case_31272_71.json" />
    <testcase name="TC-US01-003" classname="C:\Users\48181\AppData\Local\Temp\monopoly_case_31272_72.json" />
    <testcase name="TC-US02-001" classname="C:\Users\48181\AppData\Local\Temp\monopoly_case_31272_73.json" />
    <testcase name="TC-US02-002" classname="C:\Users\48181\AppData\Local\Temp\monopoly_case_31272_74.json" />
    <testcase name="TC-US02-003" classname="C:\Users\48181\AppData\Local\Temp\monopoly_case_31272_75.json" />
    <testcase name="TC-US02-004" classname="C:\Users\48181\AppData\Local\Temp\monopoly_case_31272_76.json" />
    <testcase name="TC-US03-001" classname="C:\Users\48181\AppData\Local\Temp\monopoly_case_31272_77.json" />
    <testcase name="TC-US03-002" classname="C:\Users\48181\AppData\Local\Temp\monopoly_case_31272_78.json" />
    <testcase name="TC-US03-003" classname="C:\Users\48181\AppData\Local\Temp\monopoly_case_31272_79.json" />
    <testcase name="TC-US03-004" classname="C:\Users\48181\AppData\Local\Temp\monopoly_case_31272_80.json" />
    <testcase name="TC-US04-001" classname="C:\Users\48181\AppData\Local\Temp\monopoly_case_31272_81.json" />
    <testcase name="TC-US04-002" classname="C:\Users\48181\AppData\Local\Temp\monopoly_case_31272_82.json" />
    <testcase name="TC-US04-003" classname="C:\Users\48181\AppData\Local\Temp\monopoly_case_31272_83.json" />
    <testcase name="TC-US04-004" classname="C:\Users\48181\AppData\Local\Temp\monopoly_case_31272_84.json" />
    <testcase name="TC-US04-005" classname="C:\Users\48181\AppData\Local\Temp\monopoly_case_31272_85.json" />
    <testcase name="TC-US07-001" classname="C:\Users\48181\AppData\Local\Temp\monopoly_case_31272_86.json" />
    <testcase name="TC-US07-002" classname="C:\Users\48181\AppData\Local\Temp\monopoly_case_31272_87.json" />
    <testcase name="TC-US07-003" classname="C:\Users\48181\AppData\Local\Temp\monopoly_case_31272_88.json" />
    <testcase name="TC-US07-004" classname="C:\Users\48181\AppData\Local\Temp\monopoly_case_31272_89.json" />
    <testcase name="TC-US07-005" classname="C:\Users\48181\AppData\Local\Temp\monopoly_case_31272_90.json" />
    <testcase name="TC-US07-006" classname="C:\Users\48181\AppData\Local\Temp\monopoly_case_31272_91.json" />
    <testcase name="TC-US07-007" classname="C:\Users\48181\AppData\Local\Temp\monopoly_case_31272_92.json" />
    <testcase name="TC-US07-008" classname="C:\Users\48181\AppData\Local\Temp\monopoly_case_31272_93.json" />
    <testcase name="TC-US09-001" classname="C:\Users\48181\AppData\Local\Temp\monopoly_case_31272_94.json" />
    <testcase name="TC-US09-002" classname="C:\Users\48181\AppData\Local\Temp\monopoly_case_31272_95.json" />
    <testcase name="TC-US09-003" classname="C:\Users\48181\AppData\Local\Temp\monopoly_case_31272_96.json" />
    <testcase name="TC-US09-004" classname="C:\Users\48181\AppData\Local\Temp\monopoly_case_31272_97.json" />
    <testcase name="TC-US09-005" classname="C:\Users\48181\AppData\Local\Temp\monopoly_case_31272_98.json" />
    <testcase name="TC-US09-006" classname="C:\Users\48181\AppData\Local\Temp\monopoly_case_31272_99.json" />
    <testcase name="TC-US09-007" classname="C:\Users\48181\AppData\Local\Temp\monopoly_case_31272_100.json" />
    <testcase name="TC-US09-008" classname="C:\Users\48181\AppData\Local\Temp\monopoly_case_31272_101.json" />
    <testcase name="TC-US09-009" classname="C:\Users\48181\AppData\Local\Temp\monopoly_case_31272_102.json" />
    <testcase name="TC-US09-010" classname="C:\Users\48181\AppData\Local\Temp\monopoly_case_31272_103.json" />
    <testcase name="TC-US12-001" classname="C:\Users\48181\AppData\Local\Temp\monopoly_case_31272_104.json" />
    <testcase name="TC-US12-002" classname="C:\Users\48181\AppData\Local\Temp\monopoly_case_31272_105.json" />
    <testcase name="TC-US12-003" classname="C:\Users\48181\AppData\Local\Temp\monopoly_case_31272_106.json" />
    <testcase name="TC-US12-004" classname="C:\Users\48181\AppData\Local\Temp\monopoly_case_31272_107.json" />
    <testcase name="TC-US12-005" classname="C:\Users\48181\AppData\Local\Temp\monopoly_case_31272_108.json" />
    <testcase name="TC-US12-006" classname="C:\Users\48181\AppData\Local\Temp\monopoly_case_31272_109.json" />
    <testcase name="TC-US12-007" classname="C:\Users\48181\AppData\Local\Temp\monopoly_case_31272_110.json" />
    <testcase name="TC-US12-008" classname="C:\Users\48181\AppData\Local\Temp\monopoly_case_31272_111.json" />
    <testcase name="TC-US12-009" classname="C:\Users\48181\AppData\Local\Temp\monopoly_case_31272_112.json" />
    <testcase name="TC-US12-010" classname="C:\Users\48181\AppData\Local\Temp\monopoly_case_31272_113.json" />
    <testcase name="TC-US13-001" classname="C:\Users\48181\AppData\Local\Temp\monopoly_case_31272_114.json" />
    <testcase name="TC-US13-002" classname="C:\Users\48181\AppData\Local\Temp\monopoly_case_31272_115.json" />
    <testcase name="TC-US13-003" classname="C:\Users\48181\AppData\Local\Temp\monopoly_case_31272_116.json" />
    <testcase name="TC-US13-004" classname="C:\Users\48181\AppData\Local\Temp\monopoly_case_31272_117.json" />
    <testcase name="TC-US13-005" classname="C:\Users\48181\AppData\Local\Temp\monopoly_case_31272_118.json" />
    <testcase name="TC-US13-006" classname="C:\Users\48181\AppData\Local\Temp\monopoly_case_31272_119.json" />
    <testcase name="TC-US13-007" classname="C:\Users\48181\AppData\Local\Temp\monopoly_case_31272_120.json" />
    <testcase name="TC-US13-008" classname="C:\Users\48181\AppData\Local\Temp\monopoly_case_31272_121.json" />
    <testcase name="TC-US16-001" classname="C:\Users\48181\AppData\Local\Temp\monopoly_case_31272_122.json" />
    <testcase name="TC-US16-002" classname="C:\Users\48181\AppData\Local\Temp\monopoly_case_31272_123.json" />
    <testcase name="TC-US16-003" classname="C:\Users\48181\AppData\Local\Temp\monopoly_case_31272_124.json" />
    <testcase name="TC-US16-004" classname="C:\Users\48181\AppData\Local\Temp\monopoly_case_31272_125.json" />
    <testcase name="TC-US16-005" classname="C:\Users\48181\AppData\Local\Temp\monopoly_case_31272_126.json" />
    <testcase name="TC-US16-006" classname="C:\Users\48181\AppData\Local\Temp\monopoly_case_31272_127.json" />
    <testcase name="TC-US16-007" classname="C:\Users\48181\AppData\Local\Temp\monopoly_case_31272_128.json" />
    <testcase name="TC-US16-008" classname="C:\Users\48181\AppData\Local\Temp\monopoly_case_31272_129.json" />
    <testcase name="TC-US16-009" classname="C:\Users\48181\AppData\Local\Temp\monopoly_case_31272_130.json" />
    <testcase name="TC-US24-001" classname="C:\Users\48181\AppData\Local\Temp\monopoly_case_31272_131.json" />
    <testcase name="TC-US24-002" classname="C:\Users\48181\AppData\Local\Temp\monopoly_case_31272_132.json" />
    <testcase name="TC-US24-003" classname="C:\Users\48181\AppData\Local\Temp\monopoly_case_31272_133.json" />
    <testcase name="TC-US24-004" classname="C:\Users\48181\AppData\Local\Temp\monopoly_case_31272_134.json" />
    <testcase name="TC-US24-005" classname="C:\Users\48181\AppData\Local\Temp\monopoly_case_31272_135.json" />
    <testcase name="TC-US25-001" classname="C:\Users\48181\AppData\Local\Temp\monopoly_case_31272_136.json" />
    <testcase name="TC-US25-002" classname="C:\Users\48181\AppData\Local\Temp\monopoly_case_31272_137.json" />
    <testcase name="TC-US25-003" classname="C:\Users\48181\AppData\Local\Temp\monopoly_case_31272_138.json" />
    <testcase name="TC-US25-004" classname="C:\Users\48181\AppData\Local\Temp\monopoly_case_31272_139.json" />
    <testcase name="TC-US25-005" classname="C:\Users\48181\AppData\Local\Temp\monopoly_case_31272_140.json" />
    <testcase name="TC-US25-006" classname="C:\Users\48181\AppData\Local\Temp\monopoly_case_31272_141.json" />
    <testcase name="TC-US25-007" classname="C:\Users\48181\AppData\Local\Temp\monopoly_case_31272_142.json" />
    <testcase name="TC-US26-001" classname="C:\Users\48181\AppData\Local\Temp\monopoly_case_31272_143.json" />
    <testcase name="TC-US26-002" classname="C:\Users\48181\AppData\Local\Temp\monopoly_case_31272_144.json" />
    <testcase name="TC-US26-003" classname="C:\Users\48181\AppData\Local\Temp\monopoly_case_31272_145.json" />
    <testcase name="TC-US26-004" classname="C:\Users\48181\AppData\Local\Temp\monopoly_case_31272_146.json" />
    <testcase name="TC-US26-005" classname="C:\Users\48181\AppData\Local\Temp\monopoly_case_31272_147.json" />
    <testcase name="TC-US26-007" classname="C:\Users\48181\AppData\Local\Temp\monopoly_case_31272_148.json" />
    <testcase name="TC-US08-001" classname="C:\Users\48181\AppData\Local\Temp\monopoly_case_31272_149.json" />
    <testcase name="TC-US10-008" classname="C:\Users\48181\AppData\Local\Temp\monopoly_case_31272_150.json" />
    <testcase name="TC-US10-009" classname="C:\Users\48181\AppData\Local\Temp\monopoly_case_31272_151.json" />
    <testcase name="TC-US17-016" classname="C:\Users\48181\AppData\Local\Temp\monopoly_case_31272_152.json" />
    <testcase name="TC-US18-001" classname="C:\Users\48181\AppData\Local\Temp\monopoly_case_31272_153.json" />
    <testcase name="TC-US18-002" classname="C:\Users\48181\AppData\Local\Temp\monopoly_case_31272_154.json" />
    <testcase name="TC-US18-003" classname="C:\Users\48181\AppData\Local\Temp\monopoly_case_31272_155.json" />
    <testcase name="TC-US18-004" classname="C:\Users\48181\AppData\Local\Temp\monopoly_case_31272_156.json" />
    <testcase name="TC-US18-005" classname="C:\Users\48181\AppData\Local\Temp\monopoly_case_31272_157.json" />
    <testcase name="TC-US18-006" classname="C:\Users\48181\AppData\Local\Temp\monopoly_case_31272_158.json" />
    <testcase name="TC-US18-007" classname="C:\Users\48181\AppData\Local\Temp\monopoly_case_31272_159.json" />
    <testcase name="TC-US18-008" classname="C:\Users\48181\AppData\Local\Temp\monopoly_case_31272_160.json" />
    <testcase name="TC-US18-009" classname="C:\Users\48181\AppData\Local\Temp\monopoly_case_31272_161.json" />
    <testcase name="TC-US18-010" classname="C:\Users\48181\AppData\Local\Temp\monopoly_case_31272_162.json" />
    <testcase name="TC-US18-011" classname="C:\Users\48181\AppData\Local\Temp\monopoly_case_31272_163.json" />
    <testcase name="TC-US20-001" classname="C:\Users\48181\AppData\Local\Temp\monopoly_case_31272_164.json" />
    <testcase name="TC-US22-005" classname="C:\Users\48181\AppData\Local\Temp\monopoly_case_31272_165.json" />
    <testcase name="TC-US22-008" classname="C:\Users\48181\AppData\Local\Temp\monopoly_case_31272_166.json" />
    <testcase name="TC-US17-018" classname="C:\Users\48181\AppData\Local\Temp\monopoly_case_31272_167.json" />
    <testcase name="TC-US18-012" classname="C:\Users\48181\AppData\Local\Temp\monopoly_case_31272_168.json" />
    <testcase name="TC-US22-010" classname="C:\Users\48181\AppData\Local\Temp\monopoly_case_31272_169.json" />
    <testcase name="TC-NOUS-002" classname="C:\Users\48181\AppData\Local\Temp\monopoly_case_31272_170.json" />
    <testcase name="TC-BOUNDARY-001" classname="C:\Users\48181\AppData\Local\Temp\monopoly_case_31272_171.json" />
    <testcase name="TC-BOUNDARY-002" classname="C:\Users\48181\AppData\Local\Temp\monopoly_case_31272_172.json" />
    <testcase name="TC-BOUNDARY-003" classname="C:\Users\48181\AppData\Local\Temp\monopoly_case_31272_173.json" />
    <testcase name="TC-BOUNDARY-004" classname="C:\Users\48181\AppData\Local\Temp\monopoly_case_31272_174.json" />
    <testcase name="TC-BOUNDARY-005" classname="C:\Users\48181\AppData\Local\Temp\monopoly_case_31272_175.json" />
    <testcase name="TC-CHAR-001" classname="C:\Users\48181\AppData\Local\Temp\monopoly_case_31272_176.json" />
    <testcase name="TC-CHAR-002" classname="C:\Users\48181\AppData\Local\Temp\monopoly_case_31272_177.json" />
    <testcase name="TC-CHAR-003" classname="C:\Users\48181\AppData\Local\Temp\monopoly_case_31272_178.json" />
    <testcase name="TC-CTRL-001" classname="C:\Users\48181\AppData\Local\Temp\monopoly_case_31272_179.json" />
    <testcase name="TC-CTRL-002" classname="C:\Users\48181\AppData\Local\Temp\monopoly_case_31272_180.json" />
    <testcase name="TC-CTRL-003" classname="C:\Users\48181\AppData\Local\Temp\monopoly_case_31272_181.json" />
    <testcase name="TC-DISPLAY-001" classname="C:\Users\48181\AppData\Local\Temp\monopoly_case_31272_182.json" />
    <testcase name="TC-EFFECT-001" classname="C:\Users\48181\AppData\Local\Temp\monopoly_case_31272_183.json" />
    <testcase name="TC-EFFECT-002" classname="C:\Users\48181\AppData\Local\Temp\monopoly_case_31272_184.json" />
    <testcase name="TC-EFFECT-003" classname="C:\Users\48181\AppData\Local\Temp\monopoly_case_31272_185.json" />
    <testcase name="TC-HELP-001" classname="C:\Users\48181\AppData\Local\Temp\monopoly_case_31272_186.json" />
    <testcase name="TC-HELP-002" classname="C:\Users\48181\AppData\Local\Temp\monopoly_case_31272_187.json" />
    <testcase name="TC-HELP-003" classname="C:\Users\48181\AppData\Local\Temp\monopoly_case_31272_188.json" />
    <testcase name="TC-ITEM-001" classname="C:\Users\48181\AppData\Local\Temp\monopoly_case_31272_189.json" />
    <testcase name="TC-ITEM-002" classname="C:\Users\48181\AppData\Local\Temp\monopoly_case_31272_190.json" />
    <testcase name="TC-ITEM-003" classname="C:\Users\48181\AppData\Local\Temp\monopoly_case_31272_191.json" />
    <testcase name="TC-ITEM-004" classname="C:\Users\48181\AppData\Local\Temp\monopoly_case_31272_192.json" />
    <testcase name="TC-ITEM-005" classname="C:\Users\48181\AppData\Local\Temp\monopoly_case_31272_193.json" />
    <testcase name="TC-ITEMUSE-001" classname="C:\Users\48181\AppData\Local\Temp\monopoly_case_31272_194.json" />
    <testcase name="TC-ITEMUSE-002" classname="C:\Users\48181\AppData\Local\Temp\monopoly_case_31272_195.json" />
    <testcase name="TC-ITEMUSE-003" classname="C:\Users\48181\AppData\Local\Temp\monopoly_case_31272_196.json" />
    <testcase name="TC-ITEMUSE-004" classname="C:\Users\48181\AppData\Local\Temp\monopoly_case_31272_197.json" />
    <testcase name="TC-ITEMUSE-005" classname="C:\Users\48181\AppData\Local\Temp\monopoly_case_31272_198.json" />
    <testcase name="TC-LAND-001" classname="C:\Users\48181\AppData\Local\Temp\monopoly_case_31272_199.json" />
    <testcase name="TC-LAND-002" classname="C:\Users\48181\AppData\Local\Temp\monopoly_case_31272_200.json" />
    <testcase name="TC-LAND-003" classname="C:\Users\48181\AppData\Local\Temp\monopoly_case_31272_201.json" />
    <testcase name="TC-POS-001" classname="C:\Users\48181\AppData\Local\Temp\monopoly_case_31272_202.json" />
    <testcase name="TC-POS-002" classname="C:\Users\48181\AppData\Local\Temp\monopoly_case_31272_203.json" />
    <testcase name="TC-QUERY-001" classname="C:\Users\48181\AppData\Local\Temp\monopoly_case_31272_204.json" />
    <testcase name="TC-QUERY-002" classname="C:\Users\48181\AppData\Local\Temp\monopoly_case_31272_205.json" />
    <testcase name="TC-QUERY-003" classname="C:\Users\48181\AppData\Local\Temp\monopoly_case_31272_206.json" />
    <testcase name="TC-QUERY-004" classname="C:\Users\48181\AppData\Local\Temp\monopoly_case_31272_207.json" />
    <testcase name="TC-ROLL-001" classname="C:\Users\48181\AppData\Local\Temp\monopoly_case_31272_208.json" />
    <testcase name="TC-STEP-001" classname="C:\Users\48181\AppData\Local\Temp\monopoly_case_31272_209.json" />
    <testcase name="TC-STEP-002" classname="C:\Users\48181\AppData\Local\Temp\monopoly_case_31272_210.json" />
    <testcase name="TC-STEP-003" classname="C:\Users\48181\AppData\Local\Temp\monopoly_case_31272_211.json" />
    <testcase name="TC-TEST-STEP-001" classname="C:\Users\48181\AppData\Local\Temp\monopoly_case_31272_212.json" />
    <testcase name="TC-TEST-STEP-002" classname="C:\Users\48181\AppData\Local\Temp\monopoly_case_31272_213.json" />
    <testcase name="TC-TUI-001" classname="C:\Users\48181\AppData\Local\Temp\monopoly_case_31272_214.json" />
    <testcase name="TC-TUI-002" classname="C:\Users\48181\AppData\Local\Temp\monopoly_case_31272_215.json" />
    <testcase name="TC-TUI-003" classname="C:\Users\48181\AppData\Local\Temp\monopoly_case_31272_216.json" />
    <testcase name="TC-TURN-001" classname="C:\Users\48181\AppData\Local\Temp\monopoly_case_31272_217.json" />
    <testcase name="TC-TUTORIAL-001" classname="C:\Users\48181\AppData\Local\Temp\monopoly_case_31272_218.json" />
    <testcase name="TC-TUTORIAL-002" classname="C:\Users\48181\AppData\Local\Temp\monopoly_case_31272_219.json" />
    <testcase name="TC-TUTORIAL-003" classname="C:\Users\48181\AppData\Local\Temp\monopoly_case_31272_220.json" />
  </testsuite>
</testsuites>
