<?xml version="1.0" encoding="UTF-8"?>
<testsuites tests="837" failures="0" errors="0">
  <testsuite name="rich-automation" tests="837" failures="0" errors="0">
    <testcase name="Case_A4_001" classname="C:\Users\48181\AppData\Local\Temp\monopoly_case_27380_0.json" />
    <testcase name="Case_A4_002" classname="C:\Users\48181\AppData\Local\Temp\monopoly_case_27380_1.json" />
    <testcase name="Case_A4_003" classname="C:\Users\48181\AppData\Local\Temp\monopoly_case_27380_2.json" />
    <testcase name="Case_A4_004" classname="C:\Users\48181\AppData\Local\Temp\monopoly_case_27380_3.json" />
    <testcase name="Case_A4_005" classname="C:\Users\48181\AppData\Local\Temp\monopoly_case_27380_4.json" />
    <testcase name="Case_A4_006" classname="C:\Users\48181\AppData\Local\Temp\monopoly_case_27380_5.json" />
    <testcase name="Case_A4_008" classname="C:\Users\48181\AppData\Local\Temp\monopoly_case_27380_6.json" />
    <testcase name="Case_A4_009" classname="C:\Users\48181\AppData\Local\Temp\monopoly_case_27380_7.json" />
    <testcase name="Case_A4_010" classname="C:\Users\48181\AppData\Local\Temp\monopoly_case_27380_8.json" />
    <testcase name="Case_A4_011" classname="C:\Users\48181\AppData\Local\Temp\monopoly_case_27380_9.json" />
    <testcase name="Case_A4_012" classname="C:\Users\48181\AppData\Local\Temp\monopoly_case_27380_10.json" />
    <testcase name="Case_A4_013" classname="C:\Users\48181\AppData\Local\Temp\monopoly_case_27380_11.json" />
    <testcase name="Case_A4_014" classname="C:\Users\48181\AppData\Local\Temp\monopoly_case_27380_12.json" />
    <testcase name="Case_A4_015" classname="C:\Users\48181\AppData\Local\Temp\monopoly_case_27380_13.json" />
    <testcase name="Case_A4_016" classname="C:\Users\48181\AppData\Local\Temp\monopoly_case_27380_14.json" />
    <testcase name="Case_A4_017" classname="C:\Users\48181\AppData\Local\Temp\monopoly_case_27380_15.json" />
    <testcase name="Case_A4_018" classname="C:\Users\48181\AppData\Local\Temp\monopoly_case_27380_16.json" />
    <testcase name="Case_A4_019" classname="C:\Users\48181\AppData\Local\Temp\monopoly_case_27380_17.json" />
    <testcase name="Case_A4_021" classname="C:\Users\48181\AppData\Local\Temp\monopoly_case_27380_18.json" />
    <testcase name="Case_A4_022" classname="C:\Users\48181\AppData\Local\Temp\monopoly_case_27380_19.json" />
    <testcase name="Case_A4_024" classname="C:\Users\48181\AppData\Local\Temp\monopoly_case_27380_20.json" />
    <testcase name="Case_A5_002" classname="C:\Users\48181\AppData\Local\Temp\monopoly_case_27380_21.json" />
    <testcase name="Case_A5_003" classname="C:\Users\48181\AppData\Local\Temp\monopoly_case_27380_22.json" />
    <testcase name="Case_A5_004" classname="C:\Users\48181\AppData\Local\Temp\monopoly_case_27380_23.json" />
    <testcase name="Case_A5_005" classname="C:\Users\48181\AppData\Local\Temp\monopoly_case_27380_24.json" />
    <testcase name="Case_A7_001" classname="C:\Users\48181\AppData\Local\Temp\monopoly_case_27380_25.json" />
    <testcase name="Case_A7_002" classname="C:\Users\48181\AppData\Local\Temp\monopoly_case_27380_26.json" />
    <testcase name="Case_A7_003" classname="C:\Users\48181\AppData\Local\Temp\monopoly_case_27380_27.json" />
    <testcase name="Case_A7_004" classname="C:\Users\48181\AppData\Local\Temp\monopoly_case_27380_28.json" />
    <testcase name="Case_A7_005" classname="C:\Users\48181\AppData\Local\Temp\monopoly_case_27380_29.json" />
    <testcase name="Case_A7_006" classname="C:\Users\48181\AppData\Local\Temp\monopoly_case_27380_30.json" />
    <testcase name="Case_A7_007" classname="C:\Users\48181\AppData\Local\Temp\monopoly_case_27380_31.json" />
    <testcase name="Case_A7_008" classname="C:\Users\48181\AppData\Local\Temp\monopoly_case_27380_32.json" />
    <testcase name="Case_A7_009" classname="C:\Users\48181\AppData\Local\Temp\monopoly_case_27380_33.json" />
    <testcase name="Case_A7_010" classname="C:\Users\48181\AppData\Local\Temp\monopoly_case_27380_34.json" />
    <testcase name="Case_A7_011" classname="C:\Users\48181\AppData\Local\Temp\monopoly_case_27380_35.json" />
    <testcase name="Case_A7_012" classname="C:\Users\48181\AppData\Local\Temp\monopoly_case_27380_36.json" />
    <testcase name="Case_A7_013" classname="C:\Users\48181\AppData\Local\Temp\monopoly_case_27380_37.json" />
    <testcase name="Case_A7_014" classname="C:\Users\48181\AppData\Local\Temp\monopoly_case_27380_38.json" />
    <testcase name="Case_A7_015" classname="C:\Users\48181\AppData\Local\Temp\monopoly_case_27380_39.json" />
    <testcase name="Case_A7_016" classname="C:\Users\48181\AppData\Local\Temp\monopoly_case_27380_40.json" />
    <testcase name="Case_A7_017" classname="C:\Users\48181\AppData\Local\Temp\monopoly_case_27380_41.json" />
    <testcase name="Case_A7_018" classname="C:\Users\48181\AppData\Local\Temp\monopoly_case_27380_42.json" />
    <testcase name="Case_A7_019" classname="C:\Users\48181\AppData\Local\Temp\monopoly_case_27380_43.json" />
    <testcase name="Case_A7_020" classname="C:\Users\48181\AppData\Local\Temp\monopoly_case_27380_44.json" />
    <testcase name="Case_A8_003" classname="C:\Users\48181\AppData\Local\Temp\monopoly_case_27380_45.json" />
    <testcase name="Case_A8_004" classname="C:\Users\48181\AppData\Local\Temp\monopoly_case_27380_46.json" />
    <testcase name="Case_A8_005" classname="C:\Users\48181\AppData\Local\Temp\monopoly_case_27380_47.json" />
    <testcase name="Case_A8_006" classname="C:\Users\48181\AppData\Local\Temp\monopoly_case_27380_48.json" />
    <testcase name="Case_A8_007" classname="C:\Users\48181\AppData\Local\Temp\monopoly_case_27380_49.json" />
    <testcase name="Case_A8_008" classname="C:\Users\48181\AppData\Local\Temp\monopoly_case_27380_50.json" />
    <testcase name="Case_A8_009" classname="C:\Users\48181\AppData\Local\Temp\monopoly_case_27380_51.json" />
    <testcase name="Case_A8_010" classname="C:\Users\48181\AppData\Local\Temp\monopoly_case_27380_52.json" />
    <testcase name="Case_A8_011" classname="C:\Users\48181\AppData\Local\Temp\monopoly_case_27380_53.json" />
    <testcase name="Case_A8_012" classname="C:\Users\48181\AppData\Local\Temp\monopoly_case_27380_54.json" />
    <testcase name="Case_A8_013" classname="C:\Users\48181\AppData\Local\Temp\monopoly_case_27380_55.json" />
    <testcase name="Case_A8_014" classname="C:\Users\48181\AppData\Local\Temp\monopoly_case_27380_56.json" />
    <testcase name="Case_A8_015" classname="C:\Users\48181\AppData\Local\Temp\monopoly_case_27380_57.json" />
    <testcase name="Case_A8_016" classname="C:\Users\48181\AppData\Local\Temp\monopoly_case_27380_58.json" />
    <testcase name="Case_A8_017" classname="C:\Users\48181\AppData\Local\Temp\monopoly_case_27380_59.json" />
    <testcase name="Case_A8_018" classname="C:\Users\48181\AppData\Local\Temp\monopoly_case_27380_60.json" />
    <testcase name="Case_A8_019" classname="C:\Users\48181\AppData\Local\Temp\monopoly_case_27380_61.json" />
    <testcase name="Case_A8_020" classname="C:\Users\48181\AppData\Local\Temp\monopoly_case_27380_62.json" />
    <testcase name="Case_A8_021" classname="C:\Users\48181\AppData\Local\Temp\monopoly_case_27380_63.json" />
    <testcase name="Case_A8_022" classname="C:\Users\48181\AppData\Local\Temp\monopoly_case_27380_64.json" />
    <testcase name="Case_A9_001" classname="C:\Users\48181\AppData\Local\Temp\monopoly_case_27380_65.json" />
    <testcase name="Case_A9_002" classname="C:\Users\48181\AppData\Local\Temp\monopoly_case_27380_66.json" />
    <testcase name="Case_A9_003" classname="C:\Users\48181\AppData\Local\Temp\monopoly_case_27380_67.json" />
    <testcase name="Case_A9_004" classname="C:\Users\48181\AppData\Local\Temp\monopoly_case_27380_68.json" />
    <testcase name="Case_A9_005" classname="C:\Users\48181\AppData\Local\Temp\monopoly_case_27380_69.json" />
    <testcase name="Case_A9_008" classname="C:\Users\48181\AppData\Local\Temp\monopoly_case_27380_70.json" />
    <testcase name="Case_A9_009" classname="C:\Users\48181\AppData\Local\Temp\monopoly_case_27380_71.json" />
    <testcase name="Case_A9_010" classname="C:\Users\48181\AppData\Local\Temp\monopoly_case_27380_72.json" />
    <testcase name="Case_A9_011" classname="C:\Users\48181\AppData\Local\Temp\monopoly_case_27380_73.json" />
    <testcase name="Case_A9_012" classname="C:\Users\48181\AppData\Local\Temp\monopoly_case_27380_74.json" />
    <testcase name="Case_A9_014" classname="C:\Users\48181\AppData\Local\Temp\monopoly_case_27380_75.json" />
    <testcase name="Case_A9_015" classname="C:\Users\48181\AppData\Local\Temp\monopoly_case_27380_76.json" />
    <testcase name="Case_A9_016" classname="C:\Users\48181\AppData\Local\Temp\monopoly_case_27380_77.json" />
    <testcase name="Case_A10_001" classname="C:\Users\48181\AppData\Local\Temp\monopoly_case_27380_78.json" />
    <testcase name="Case_A10_002" classname="C:\Users\48181\AppData\Local\Temp\monopoly_case_27380_79.json" />
    <testcase name="Case_A10_003" classname="C:\Users\48181\AppData\Local\Temp\monopoly_case_27380_80.json" />
    <testcase name="Case_A10_004" classname="C:\Users\48181\AppData\Local\Temp\monopoly_case_27380_81.json" />
    <testcase name="Case_A10_005" classname="C:\Users\48181\AppData\Local\Temp\monopoly_case_27380_82.json" />
    <testcase name="Case_A10_006" classname="C:\Users\48181\AppData\Local\Temp\monopoly_case_27380_83.json" />
    <testcase name="Case_A10_007" classname="C:\Users\48181\AppData\Local\Temp\monopoly_case_27380_84.json" />
    <testcase name="Case_A10_008" classname="C:\Users\48181\AppData\Local\Temp\monopoly_case_27380_85.json" />
    <testcase name="Case_A10_009" classname="C:\Users\48181\AppData\Local\Temp\monopoly_case_27380_86.json" />
    <testcase name="Case_A10_010" classname="C:\Users\48181\AppData\Local\Temp\monopoly_case_27380_87.json" />
    <testcase name="Case_A10_011" classname="C:\Users\48181\AppData\Local\Temp\monopoly_case_27380_88.json" />
    <testcase name="Case_A10_012" classname="C:\Users\48181\AppData\Local\Temp\monopoly_case_27380_89.json" />
    <testcase name="Case_A10_013" classname="C:\Users\48181\AppData\Local\Temp\monopoly_case_27380_90.json" />
    <testcase name="Case_A10_014" classname="C:\Users\48181\AppData\Local\Temp\monopoly_case_27380_91.json" />
    <testcase name="Case_A10_015" classname="C:\Users\48181\AppData\Local\Temp\monopoly_case_27380_92.json" />
    <testcase name="Case_A10_016" classname="C:\Users\48181\AppData\Local\Temp\monopoly_case_27380_93.json" />
    <testcase name="Case_A10_017" classname="C:\Users\48181\AppData\Local\Temp\monopoly_case_27380_94.json" />
    <testcase name="Case_A10_018" classname="C:\Users\48181\AppData\Local\Temp\monopoly_case_27380_95.json" />
    <testcase name="Case_A10_019" classname="C:\Users\48181\AppData\Local\Temp\monopoly_case_27380_96.json" />
    <testcase name="Case_A10_020" classname="C:\Users\48181\AppData\Local\Temp\monopoly_case_27380_97.json" />
    <testcase name="Case_A10_021" classname="C:\Users\48181\AppData\Local\Temp\monopoly_case_27380_98.json" />
    <testcase name="Case_A10_022" classname="C:\Users\48181\AppData\Local\Temp\monopoly_case_27380_99.json" />
    <testcase name="Case_A10_023" classname="C:\Users\48181\AppData\Local\Temp\monopoly_case_27380_100.json" />
    <testcase name="Case_A10_024" classname="C:\Users\48181\AppData\Local\Temp\monopoly_case_27380_101.json" />
    <testcase name="Case_A10_025" classname="C:\Users\48181\AppData\Local\Temp\monopoly_case_27380_102.json" />
    <testcase name="Case_A11_001" classname="C:\Users\48181\AppData\Local\Temp\monopoly_case_27380_103.json" />
    <testcase name="Case_A11_002" classname="C:\Users\48181\AppData\Local\Temp\monopoly_case_27380_104.json" />
    <testcase name="Case_A11_003" classname="C:\Users\48181\AppData\Local\Temp\monopoly_case_27380_105.json" />
    <testcase name="Case_A11_004" classname="C:\Users\48181\AppData\Local\Temp\monopoly_case_27380_106.json" />
    <testcase name="Case_A11_005" classname="C:\Users\48181\AppData\Local\Temp\monopoly_case_27380_107.json" />
    <testcase name="Case_A11_006" classname="C:\Users\48181\AppData\Local\Temp\monopoly_case_27380_108.json" />
    <testcase name="Case_A11_007" classname="C:\Users\48181\AppData\Local\Temp\monopoly_case_27380_109.json" />
    <testcase name="Case_A11_008" classname="C:\Users\48181\AppData\Local\Temp\monopoly_case_27380_110.json" />
    <testcase name="Case_A11_009" classname="C:\Users\48181\AppData\Local\Temp\monopoly_case_27380_111.json" />
    <testcase name="Case_A11_010" classname="C:\Users\48181\AppData\Local\Temp\monopoly_case_27380_112.json" />
    <testcase name="Case_A11_011" classname="C:\Users\48181\AppData\Local\Temp\monopoly_case_27380_113.json" />
    <testcase name="Case_A11_012" classname="C:\Users\48181\AppData\Local\Temp\monopoly_case_27380_114.json" />
    <testcase name="Case_A11_013" classname="C:\Users\48181\AppData\Local\Temp\monopoly_case_27380_115.json" />
    <testcase name="Case_A11_014" classname="C:\Users\48181\AppData\Local\Temp\monopoly_case_27380_116.json" />
    <testcase name="Case_A11_015" classname="C:\Users\48181\AppData\Local\Temp\monopoly_case_27380_117.json" />
    <testcase name="Case_A11_016" classname="C:\Users\48181\AppData\Local\Temp\monopoly_case_27380_118.json" />
    <testcase name="Case_A11_017" classname="C:\Users\48181\AppData\Local\Temp\monopoly_case_27380_119.json" />
    <testcase name="Case_A11_018" classname="C:\Users\48181\AppData\Local\Temp\monopoly_case_27380_120.json" />
    <testcase name="Case_A11_019" classname="C:\Users\48181\AppData\Local\Temp\monopoly_case_27380_121.json" />
    <testcase name="Case_A11_020" classname="C:\Users\48181\AppData\Local\Temp\monopoly_case_27380_122.json" />
    <testcase name="Case_A11_021" classname="C:\Users\48181\AppData\Local\Temp\monopoly_case_27380_123.json" />
    <testcase name="Case_A11_029" classname="C:\Users\48181\AppData\Local\Temp\monopoly_case_27380_124.json" />
    <testcase name="Case_A11_030" classname="C:\Users\48181\AppData\Local\Temp\monopoly_case_27380_125.json" />
    <testcase name="Case_A12_001" classname="C:\Users\48181\AppData\Local\Temp\monopoly_case_27380_126.json" />
    <testcase name="Case_A12_003" classname="C:\Users\48181\AppData\Local\Temp\monopoly_case_27380_127.json" />
    <testcase name="Case_A12_004" classname="C:\Users\48181\AppData\Local\Temp\monopoly_case_27380_128.json" />
    <testcase name="Case_A12_005" classname="C:\Users\48181\AppData\Local\Temp\monopoly_case_27380_129.json" />
    <testcase name="Case_A12_006" classname="C:\Users\48181\AppData\Local\Temp\monopoly_case_27380_130.json" />
    <testcase name="Case_A12_007" classname="C:\Users\48181\AppData\Local\Temp\monopoly_case_27380_131.json" />
    <testcase name="Case_A12_009" classname="C:\Users\48181\AppData\Local\Temp\monopoly_case_27380_132.json" />
    <testcase name="Case_A12_010" classname="C:\Users\48181\AppData\Local\Temp\monopoly_case_27380_133.json" />
    <testcase name="Case_A13_001" classname="C:\Users\48181\AppData\Local\Temp\monopoly_case_27380_134.json" />
    <testcase name="Case_A13_002" classname="C:\Users\48181\AppData\Local\Temp\monopoly_case_27380_135.json" />
    <testcase name="Case_A13_003" classname="C:\Users\48181\AppData\Local\Temp\monopoly_case_27380_136.json" />
    <testcase name="Case_A13_004" classname="C:\Users\48181\AppData\Local\Temp\monopoly_case_27380_137.json" />
    <testcase name="Case_A13_005" classname="C:\Users\48181\AppData\Local\Temp\monopoly_case_27380_138.json" />
    <testcase name="Case_A13_006" classname="C:\Users\48181\AppData\Local\Temp\monopoly_case_27380_139.json" />
    <testcase name="Case_A13_007" classname="C:\Users\48181\AppData\Local\Temp\monopoly_case_27380_140.json" />
    <testcase name="Case_A13_008" classname="C:\Users\48181\AppData\Local\Temp\monopoly_case_27380_141.json" />
    <testcase name="Case_A13_009" classname="C:\Users\48181\AppData\Local\Temp\monopoly_case_27380_142.json" />
    <testcase name="Case_A13_010" classname="C:\Users\48181\AppData\Local\Temp\monopoly_case_27380_143.json" />
    <testcase name="Case_A14_001" classname="C:\Users\48181\AppData\Local\Temp\monopoly_case_27380_144.json" />
    <testcase name="Case_A14_002" classname="C:\Users\48181\AppData\Local\Temp\monopoly_case_27380_145.json" />
    <testcase name="Case_A14_003" classname="C:\Users\48181\AppData\Local\Temp\monopoly_case_27380_146.json" />
    <testcase name="Case_A14_004" classname="C:\Users\48181\AppData\Local\Temp\monopoly_case_27380_147.json" />
    <testcase name="Case_A14_005" classname="C:\Users\48181\AppData\Local\Temp\monopoly_case_27380_148.json" />
    <testcase name="Case_A14_006" classname="C:\Users\48181\AppData\Local\Temp\monopoly_case_27380_149.json" />
    <testcase name="Case_A14_007" classname="C:\Users\48181\AppData\Local\Temp\monopoly_case_27380_150.json" />
    <testcase name="Case_A14_008" classname="C:\Users\48181\AppData\Local\Temp\monopoly_case_27380_151.json" />
    <testcase name="Case_A14_009" classname="C:\Users\48181\AppData\Local\Temp\monopoly_case_27380_152.json" />
    <testcase name="Case_A14_010" classname="C:\Users\48181\AppData\Local\Temp\monopoly_case_27380_153.json" />
    <testcase name="Case_A14_011" classname="C:\Users\48181\AppData\Local\Temp\monopoly_case_27380_154.json" />
    <testcase name="Case_A14_012" classname="C:\Users\48181\AppData\Local\Temp\monopoly_case_27380_155.json" />
    <testcase name="Case_A15_001" classname="C:\Users\48181\AppData\Local\Temp\monopoly_case_27380_156.json" />
    <testcase name="Case_A15_002" classname="C:\Users\48181\AppData\Local\Temp\monopoly_case_27380_157.json" />
    <testcase name="Case_A15_003" classname="C:\Users\48181\AppData\Local\Temp\monopoly_case_27380_158.json" />
    <testcase name="Case_A15_008" classname="C:\Users\48181\AppData\Local\Temp\monopoly_case_27380_159.json" />
    <testcase name="Case_A15_009" classname="C:\Users\48181\AppData\Local\Temp\monopoly_case_27380_160.json" />
    <testcase name="Case_A15_010" classname="C:\Users\48181\AppData\Local\Temp\monopoly_case_27380_161.json" />
    <testcase name="Case_A15_011" classname="C:\Users\48181\AppData\Local\Temp\monopoly_case_27380_162.json" />
    <testcase name="Case_A15_013" classname="C:\Users\48181\AppData\Local\Temp\monopoly_case_27380_163.json" />
    <testcase name="Case_A16_001" classname="C:\Users\48181\AppData\Local\Temp\monopoly_case_27380_164.json" />
    <testcase name="Case_A16_002" classname="C:\Users\48181\AppData\Local\Temp\monopoly_case_27380_165.json" />
    <testcase name="Case_A16_003" classname="C:\Users\48181\AppData\Local\Temp\monopoly_case_27380_166.json" />
    <testcase name="Case_A16_004" classname="C:\Users\48181\AppData\Local\Temp\monopoly_case_27380_167.json" />
    <testcase name="Case_A16_005" classname="C:\Users\48181\AppData\Local\Temp\monopoly_case_27380_168.json" />
    <testcase name="Case_A16_006" classname="C:\Users\48181\AppData\Local\Temp\monopoly_case_27380_169.json" />
    <testcase name="Case_A16_007" classname="C:\Users\48181\AppData\Local\Temp\monopoly_case_27380_170.json" />
    <testcase name="Case_A17_001" classname="C:\Users\48181\AppData\Local\Temp\monopoly_case_27380_171.json" />
    <testcase name="Case_A17_002" classname="C:\Users\48181\AppData\Local\Temp\monopoly_case_27380_172.json" />
    <testcase name="Case_A17_003" classname="C:\Users\48181\AppData\Local\Temp\monopoly_case_27380_173.json" />
    <testcase name="Case_A17_004" classname="C:\Users\48181\AppData\Local\Temp\monopoly_case_27380_174.json" />
    <testcase name="Case_A17_005" classname="C:\Users\48181\AppData\Local\Temp\monopoly_case_27380_175.json" />
    <testcase name="Case_A17_006" classname="C:\Users\48181\AppData\Local\Temp\monopoly_case_27380_176.json" />
    <testcase name="Case_A17_007" classname="C:\Users\48181\AppData\Local\Temp\monopoly_case_27380_177.json" />
    <testcase name="Case_A17_008" classname="C:\Users\48181\AppData\Local\Temp\monopoly_case_27380_178.json" />
    <testcase name="Case_A17_009" classname="C:\Users\48181\AppData\Local\Temp\monopoly_case_27380_179.json" />
    <testcase name="Case_A17_010" classname="C:\Users\48181\AppData\Local\Temp\monopoly_case_27380_180.json" />
    <testcase name="Case_A18_001" classname="C:\Users\48181\AppData\Local\Temp\monopoly_case_27380_181.json" />
    <testcase name="Case_A18_002" classname="C:\Users\48181\AppData\Local\Temp\monopoly_case_27380_182.json" />
    <testcase name="Case_A18_003" classname="C:\Users\48181\AppData\Local\Temp\monopoly_case_27380_183.json" />
    <testcase name="Case_A18_004" classname="C:\Users\48181\AppData\Local\Temp\monopoly_case_27380_184.json" />
    <testcase name="Case_A18_005" classname="C:\Users\48181\AppData\Local\Temp\monopoly_case_27380_185.json" />
    <testcase name="Case_A18_006" classname="C:\Users\48181\AppData\Local\Temp\monopoly_case_27380_186.json" />
    <testcase name="Case_A18_007" classname="C:\Users\48181\AppData\Local\Temp\monopoly_case_27380_187.json" />
    <testcase name="Case_A18_008" classname="C:\Users\48181\AppData\Local\Temp\monopoly_case_27380_188.json" />
    <testcase name="Case_A18_009" classname="C:\Users\48181\AppData\Local\Temp\monopoly_case_27380_189.json" />
    <testcase name="Case_A18_010" classname="C:\Users\48181\AppData\Local\Temp\monopoly_case_27380_190.json" />
    <testcase name="Case_A18_011" classname="C:\Users\48181\AppData\Local\Temp\monopoly_case_27380_191.json" />
    <testcase name="Case_A18_021" classname="C:\Users\48181\AppData\Local\Temp\monopoly_case_27380_192.json" />
    <testcase name="Case_A18_022" classname="C:\Users\48181\AppData\Local\Temp\monopoly_case_27380_193.json" />
    <testcase name="Case_A18_023" classname="C:\Users\48181\AppData\Local\Temp\monopoly_case_27380_194.json" />
    <testcase name="Case_A18_024" classname="C:\Users\48181\AppData\Local\Temp\monopoly_case_27380_195.json" />
    <testcase name="Case_A18_025" classname="C:\Users\48181\AppData\Local\Temp\monopoly_case_27380_196.json" />
    <testcase name="Case_A18_026" classname="C:\Users\48181\AppData\Local\Temp\monopoly_case_27380_197.json" />
    <testcase name="Case_A18_027" classname="C:\Users\48181\AppData\Local\Temp\monopoly_case_27380_198.json" />
    <testcase name="Case_A18_028" classname="C:\Users\48181\AppData\Local\Temp\monopoly_case_27380_199.json" />
    <testcase name="Case_A18_029" classname="C:\Users\48181\AppData\Local\Temp\monopoly_case_27380_200.json" />
    <testcase name="Case_A18_030" classname="C:\Users\48181\AppData\Local\Temp\monopoly_case_27380_201.json" />
    <testcase name="Case_A18_031" classname="C:\Users\48181\AppData\Local\Temp\monopoly_case_27380_202.json" />
    <testcase name="Case_A18_039" classname="C:\Users\48181\AppData\Local\Temp\monopoly_case_27380_203.json" />
    <testcase name="Case_A18_040" classname="C:\Users\48181\AppData\Local\Temp\monopoly_case_27380_204.json" />
    <testcase name="Case_A18_041" classname="C:\Users\48181\AppData\Local\Temp\monopoly_case_27380_205.json" />
    <testcase name="Case_A18_042" classname="C:\Users\48181\AppData\Local\Temp\monopoly_case_27380_206.json" />
    <testcase name="Case_A18_043" classname="C:\Users\48181\AppData\Local\Temp\monopoly_case_27380_207.json" />
    <testcase name="Case_A19_001" classname="C:\Users\48181\AppData\Local\Temp\monopoly_case_27380_208.json" />
    <testcase name="Case_A19_002" classname="C:\Users\48181\AppData\Local\Temp\monopoly_case_27380_209.json" />
    <testcase name="Case_A19_003" classname="C:\Users\48181\AppData\Local\Temp\monopoly_case_27380_210.json" />
    <testcase name="Case_A19_004" classname="C:\Users\48181\AppData\Local\Temp\monopoly_case_27380_211.json" />
    <testcase name="Case_A19_005" classname="C:\Users\48181\AppData\Local\Temp\monopoly_case_27380_212.json" />
    <testcase name="Case_A19_006" classname="C:\Users\48181\AppData\Local\Temp\monopoly_case_27380_213.json" />
    <testcase name="Case_A19_009" classname="C:\Users\48181\AppData\Local\Temp\monopoly_case_27380_214.json" />
    <testcase name="Case_A19_010" classname="C:\Users\48181\AppData\Local\Temp\monopoly_case_27380_215.json" />
    <testcase name="Case_A19_011" classname="C:\Users\48181\AppData\Local\Temp\monopoly_case_27380_216.json" />
    <testcase name="Case_A19_013" classname="C:\Users\48181\AppData\Local\Temp\monopoly_case_27380_217.json" />
    <testcase name="Case_A19_014" classname="C:\Users\48181\AppData\Local\Temp\monopoly_case_27380_218.json" />
    <testcase name="Case_A19_015" classname="C:\Users\48181\AppData\Local\Temp\monopoly_case_27380_219.json" />
    <testcase name="Case_A20_002" classname="C:\Users\48181\AppData\Local\Temp\monopoly_case_27380_220.json" />
    <testcase name="Case_A20_003" classname="C:\Users\48181\AppData\Local\Temp\monopoly_case_27380_221.json" />
    <testcase name="Case_A20_004" classname="C:\Users\48181\AppData\Local\Temp\monopoly_case_27380_222.json" />
    <testcase name="Case_A20_005" classname="C:\Users\48181\AppData\Local\Temp\monopoly_case_27380_223.json" />
    <testcase name="Case_A20_017" classname="C:\Users\48181\AppData\Local\Temp\monopoly_case_27380_224.json" />
    <testcase name="Case_A21_001" classname="C:\Users\48181\AppData\Local\Temp\monopoly_case_27380_225.json" />
    <testcase name="Case_A21_002" classname="C:\Users\48181\AppData\Local\Temp\monopoly_case_27380_226.json" />
    <testcase name="Case_A21_003" classname="C:\Users\48181\AppData\Local\Temp\monopoly_case_27380_227.json" />
    <testcase name="Case_A21_004" classname="C:\Users\48181\AppData\Local\Temp\monopoly_case_27380_228.json" />
    <testcase name="Case_A21_005" classname="C:\Users\48181\AppData\Local\Temp\monopoly_case_27380_229.json" />
    <testcase name="Case_A21_006" classname="C:\Users\48181\AppData\Local\Temp\monopoly_case_27380_230.json" />
    <testcase name="Case_A21_007" classname="C:\Users\48181\AppData\Local\Temp\monopoly_case_27380_231.json" />
    <testcase name="Case_A21_008" classname="C:\Users\48181\AppData\Local\Temp\monopoly_case_27380_232.json" />
    <testcase name="Case_A21_009" classname="C:\Users\48181\AppData\Local\Temp\monopoly_case_27380_233.json" />
    <testcase name="Case_A21_010" classname="C:\Users\48181\AppData\Local\Temp\monopoly_case_27380_234.json" />
    <testcase name="Case_A21_011" classname="C:\Users\48181\AppData\Local\Temp\monopoly_case_27380_235.json" />
    <testcase name="Case_A21_012" classname="C:\Users\48181\AppData\Local\Temp\monopoly_case_27380_236.json" />
    <testcase name="Case_A21_013" classname="C:\Users\48181\AppData\Local\Temp\monopoly_case_27380_237.json" />
    <testcase name="Case_A21_014" classname="C:\Users\48181\AppData\Local\Temp\monopoly_case_27380_238.json" />
    <testcase name="Case_A21_015" classname="C:\Users\48181\AppData\Local\Temp\monopoly_case_27380_239.json" />
    <testcase name="Case_A21_016" classname="C:\Users\48181\AppData\Local\Temp\monopoly_case_27380_240.json" />
    <testcase name="Case_A21_017" classname="C:\Users\48181\AppData\Local\Temp\monopoly_case_27380_241.json" />
    <testcase name="Case_A21_018" classname="C:\Users\48181\AppData\Local\Temp\monopoly_case_27380_242.json" />
    <testcase name="Case_A21_019" classname="C:\Users\48181\AppData\Local\Temp\monopoly_case_27380_243.json" />
    <testcase name="Case_A21_020" classname="C:\Users\48181\AppData\Local\Temp\monopoly_case_27380_244.json" />
    <testcase name="Case_A21_021" classname="C:\Users\48181\AppData\Local\Temp\monopoly_case_27380_245.json" />
    <testcase name="Case_A21_022" classname="C:\Users\48181\AppData\Local\Temp\monopoly_case_27380_246.json" />
    <testcase name="Case_A21_023" classname="C:\Users\48181\AppData\Local\Temp\monopoly_case_27380_247.json" />
    <testcase name="Case_A21_024" classname="C:\Users\48181\AppData\Local\Temp\monopoly_case_27380_248.json" />
    <testcase name="Case_A21_025" classname="C:\Users\48181\AppData\Local\Temp\monopoly_case_27380_249.json" />
    <testcase name="Case_A21_026" classname="C:\Users\48181\AppData\Local\Temp\monopoly_case_27380_250.json" />
    <testcase name="Case_A21_027" classname="C:\Users\48181\AppData\Local\Temp\monopoly_case_27380_251.json" />
    <testcase name="Case_A21_028" classname="C:\Users\48181\AppData\Local\Temp\monopoly_case_27380_252.json" />
    <testcase name="Case_A21_029" classname="C:\Users\48181\AppData\Local\Temp\monopoly_case_27380_253.json" />
    <testcase name="Case_A21_030" classname="C:\Users\48181\AppData\Local\Temp\monopoly_case_27380_254.json" />
    <testcase name="Case_A21_031" classname="C:\Users\48181\AppData\Local\Temp\monopoly_case_27380_255.json" />
    <testcase name="Case_A21_032" classname="C:\Users\48181\AppData\Local\Temp\monopoly_case_27380_256.json" />
    <testcase name="Case_A21_033" classname="C:\Users\48181\AppData\Local\Temp\monopoly_case_27380_257.json" />
    <testcase name="TC-ADDED-001" classname="C:\Users\48181\AppData\Local\Temp\monopoly_case_27380_0.json" />
    <testcase name="TC-ADDED-002" classname="C:\Users\48181\AppData\Local\Temp\monopoly_case_27380_1.json" />
    <testcase name="TC-ADDED-003" classname="C:\Users\48181\AppData\Local\Temp\monopoly_case_27380_2.json" />
    <testcase name="TC-ADDED-004" classname="C:\Users\48181\AppData\Local\Temp\monopoly_case_27380_3.json" />
    <testcase name="TC-ADDED-005" classname="C:\Users\48181\AppData\Local\Temp\monopoly_case_27380_4.json" />
    <testcase name="TC-ADDED-006" classname="C:\Users\48181\AppData\Local\Temp\monopoly_case_27380_5.json" />
    <testcase name="TC-ADDED-007" classname="C:\Users\48181\AppData\Local\Temp\monopoly_case_27380_6.json" />
    <testcase name="TC-ADDED-008" classname="C:\Users\48181\AppData\Local\Temp\monopoly_case_27380_7.json" />
    <testcase name="TC-ADDED-009" classname="C:\Users\48181\AppData\Local\Temp\monopoly_case_27380_8.json" />
    <testcase name="TC-ADDED-010" classname="C:\Users\48181\AppData\Local\Temp\monopoly_case_27380_9.json" />
    <testcase name="TC-ADDED-011" classname="C:\Users\48181\AppData\Local\Temp\monopoly_case_27380_10.json" />
    <testcase name="TC-ADDED-012" classname="C:\Users\48181\AppData\Local\Temp\monopoly_case_27380_11.json" />
    <testcase name="TC-ADDED-013" classname="C:\Users\48181\AppData\Local\Temp\monopoly_case_27380_12.json" />
    <testcase name="TC-ADDED-014" classname="C:\Users\48181\AppData\Local\Temp\monopoly_case_27380_13.json" />
    <testcase name="TC-ADDED-015" classname="C:\Users\48181\AppData\Local\Temp\monopoly_case_27380_14.json" />
    <testcase name="TC-ADDED-016" classname="C:\Users\48181\AppData\Local\Temp\monopoly_case_27380_15.json" />
    <testcase name="TC-ADDED-017" classname="C:\Users\48181\AppData\Local\Temp\monopoly_case_27380_16.json" />
    <testcase name="TC-ADDED-018" classname="C:\Users\48181\AppData\Local\Temp\monopoly_case_27380_17.json" />
    <testcase name="TC-ADDED-019" classname="C:\Users\48181\AppData\Local\Temp\monopoly_case_27380_18.json" />
    <testcase name="TC-ADDED-020" classname="C:\Users\48181\AppData\Local\Temp\monopoly_case_27380_19.json" />
    <testcase name="TC-ADDED-021" classname="C:\Users\48181\AppData\Local\Temp\monopoly_case_27380_20.json" />
    <testcase name="TC-ADDED-022" classname="C:\Users\48181\AppData\Local\Temp\monopoly_case_27380_21.json" />
    <testcase name="TC-ADDED-023" classname="C:\Users\48181\AppData\Local\Temp\monopoly_case_27380_22.json" />
    <testcase name="TC-ADDED-024" classname="C:\Users\48181\AppData\Local\Temp\monopoly_case_27380_23.json" />
    <testcase name="TC-ADDED-025" classname="C:\Users\48181\AppData\Local\Temp\monopoly_case_27380_24.json" />
    <testcase name="TC-ADDED-026" classname="C:\Users\48181\AppData\Local\Temp\monopoly_case_27380_25.json" />
    <testcase name="TC-ADDED-027" classname="C:\Users\48181\AppData\Local\Temp\monopoly_case_27380_26.json" />
    <testcase name="TC-ADDED-028" classname="C:\Users\48181\AppData\Local\Temp\monopoly_case_27380_27.json" />
    <testcase name="TC-ADDED-029" classname="C:\Users\48181\AppData\Local\Temp\monopoly_case_27380_28.json" />
    <testcase name="TC-ADDED-030" classname="C:\Users\48181\AppData\Local\Temp\monopoly_case_27380_29.json" />
    <testcase name="TC-ADDED-031" classname="C:\Users\48181\AppData\Local\Temp\monopoly_case_27380_30.json" />
    <testcase name="TC-ADDED-032" classname="C:\Users\48181\AppData\Local\Temp\monopoly_case_27380_31.json" />
    <testcase name="TC-ADDED-033" classname="C:\Users\48181\AppData\Local\Temp\monopoly_case_27380_32.json" />
    <testcase name="TC-ADDED-034" classname="C:\Users\48181\AppData\Local\Temp\monopoly_case_27380_33.json" />
    <testcase name="TC-ADDED-035" classname="C:\Users\48181\AppData\Local\Temp\monopoly_case_27380_34.json" />
    <testcase name="TC-ADDED-036" classname="C:\Users\48181\AppData\Local\Temp\monopoly_case_27380_35.json" />
    <testcase name="TC-ADDED-037" classname="C:\Users\48181\AppData\Local\Temp\monopoly_case_27380_36.json" />
    <testcase name="TC-ADDED-038" classname="C:\Users\48181\AppData\Local\Temp\monopoly_case_27380_37.json" />
    <testcase name="TC-ADDED-039" classname="C:\Users\48181\AppData\Local\Temp\monopoly_case_27380_38.json" />
    <testcase name="TC-ADDED-040" classname="C:\Users\48181\AppData\Local\Temp\monopoly_case_27380_39.json" />
    <testcase name="TC-ADDED-041" classname="C:\Users\48181\AppData\Local\Temp\monopoly_case_27380_40.json" />
    <testcase name="TC-ADDED-042" classname="C:\Users\48181\AppData\Local\Temp\monopoly_case_27380_41.json" />
    <testcase name="TC-ADDED-043" classname="C:\Users\48181\AppData\Local\Temp\monopoly_case_27380_42.json" />
    <testcase name="TC-ADDED-044" classname="C:\Users\48181\AppData\Local\Temp\monopoly_case_27380_43.json" />
    <testcase name="TC-ADDED-045" classname="C:\Users\48181\AppData\Local\Temp\monopoly_case_27380_44.json" />
    <testcase name="TC-ADDED-046" classname="C:\Users\48181\AppData\Local\Temp\monopoly_case_27380_45.json" />
    <testcase name="TC-ADDED-047" classname="C:\Users\48181\AppData\Local\Temp\monopoly_case_27380_46.json" />
    <testcase name="TC-ADDED-048" classname="C:\Users\48181\AppData\Local\Temp\monopoly_case_27380_47.json" />
    <testcase name="TC-ADDED-049" classname="C:\Users\48181\AppData\Local\Temp\monopoly_case_27380_48.json" />
    <testcase name="TC-ADDED-050" classname="C:\Users\48181\AppData\Local\Temp\monopoly_case_27380_49.json" />
    <testcase name="TC-ADDED-051" classname="C:\Users\48181\AppData\Local\Temp\monopoly_case_27380_50.json" />
    <testcase name="TC-ADDED-052" classname="C:\Users\48181\AppData\Local\Temp\monopoly_case_27380_51.json" />
    <testcase name="TC-ADDED-053" classname="C:\Users\48181\AppData\Local\Temp\monopoly_case_27380_52.json" />
    <testcase name="TC-ADDED-054" classname="C:\Users\48181\AppData\Local\Temp\monopoly_case_27380_53.json" />
    <testcase name="TC-ADDED-055" classname="C:\Users\48181\AppData\Local\Temp\monopoly_case_27380_54.json" />
    <testcase name="TC-ADDED-056" classname="C:\Users\48181\AppData\Local\Temp\monopoly_case_27380_55.json" />
    <testcase name="TC-ADDED-057" classname="C:\Users\48181\AppData\Local\Temp\monopoly_case_27380_56.json" />
    <testcase name="TC-ADDED-058" classname="C:\Users\48181\AppData\Local\Temp\monopoly_case_27380_57.json" />
    <testcase name="TC-ADDED-059" classname="C:\Users\48181\AppData\Local\Temp\monopoly_case_27380_58.json" />
    <testcase name="TC-ADDED-060" classname="C:\Users\48181\AppData\Local\Temp\monopoly_case_27380_59.json" />
    <testcase name="TC-ADDED-061" classname="C:\Users\48181\AppData\Local\Temp\monopoly_case_27380_60.json" />
    <testcase name="TC-ADDED-062" classname="C:\Users\48181\AppData\Local\Temp\monopoly_case_27380_61.json" />
    <testcase name="TC-ADDED-063" classname="C:\Users\48181\AppData\Local\Temp\monopoly_case_27380_62.json" />
    <testcase name="TC-ADDED-064" classname="C:\Users\48181\AppData\Local\Temp\monopoly_case_27380_63.json" />
    <testcase name="TC-ADDED-065" classname="C:\Users\48181\AppData\Local\Temp\monopoly_case_27380_64.json" />
    <testcase name="TC-ADDED-066" classname="C:\Users\48181\AppData\Local\Temp\monopoly_case_27380_65.json" />
    <testcase name="TC-ADDED-067" classname="C:\Users\48181\AppData\Local\Temp\monopoly_case_27380_66.json" />
    <testcase name="TC-ADDED-068" classname="C:\Users\48181\AppData\Local\Temp\monopoly_case_27380_67.json" />
    <testcase name="TC-ADDED-069" classname="C:\Users\48181\AppData\Local\Temp\monopoly_case_27380_68.json" />
    <testcase name="TC-ADDED-070" classname="C:\Users\48181\AppData\Local\Temp\monopoly_case_27380_69.json" />
    <testcase name="TC-US01-001" classname="C:\Users\48181\AppData\Local\Temp\monopoly_case_27380_70.json" />
    <testcase name="TC-US01-002" classname="C:\Users\48181\AppData\Local\Temp\monopoly_case_27380_71.json" />
    <testcase name="TC-US01-003" classname="C:\Users\48181\AppData\Local\Temp\monopoly_case_27380_72.json" />
    <testcase name="TC-US02-001" classname="C:\Users\48181\AppData\Local\Temp\monopoly_case_27380_73.json" />
    <testcase name="TC-US02-002" classname="C:\Users\48181\AppData\Local\Temp\monopoly_case_27380_74.json" />
    <testcase name="TC-US02-003" classname="C:\Users\48181\AppData\Local\Temp\monopoly_case_27380_75.json" />
    <testcase name="TC-US02-004" classname="C:\Users\48181\AppData\Local\Temp\monopoly_case_27380_76.json" />
    <testcase name="TC-US03-001" classname="C:\Users\48181\AppData\Local\Temp\monopoly_case_27380_77.json" />
    <testcase name="TC-US03-002" classname="C:\Users\48181\AppData\Local\Temp\monopoly_case_27380_78.json" />
    <testcase name="TC-US03-003" classname="C:\Users\48181\AppData\Local\Temp\monopoly_case_27380_79.json" />
    <testcase name="TC-US03-004" classname="C:\Users\48181\AppData\Local\Temp\monopoly_case_27380_80.json" />
    <testcase name="TC-US04-001" classname="C:\Users\48181\AppData\Local\Temp\monopoly_case_27380_81.json" />
    <testcase name="TC-US04-002" classname="C:\Users\48181\AppData\Local\Temp\monopoly_case_27380_82.json" />
    <testcase name="TC-US04-003" classname="C:\Users\48181\AppData\Local\Temp\monopoly_case_27380_83.json" />
    <testcase name="TC-US04-004" classname="C:\Users\48181\AppData\Local\Temp\monopoly_case_27380_84.json" />
    <testcase name="TC-US04-005" classname="C:\Users\48181\AppData\Local\Temp\monopoly_case_27380_85.json" />
    <testcase name="TC-US07-001" classname="C:\Users\48181\AppData\Local\Temp\monopoly_case_27380_86.json" />
    <testcase name="TC-US07-002" classname="C:\Users\48181\AppData\Local\Temp\monopoly_case_27380_87.json" />
    <testcase name="TC-US07-003" classname="C:\Users\48181\AppData\Local\Temp\monopoly_case_27380_88.json" />
    <testcase name="TC-US07-004" classname="C:\Users\48181\AppData\Local\Temp\monopoly_case_27380_89.json" />
    <testcase name="TC-US07-005" classname="C:\Users\48181\AppData\Local\Temp\monopoly_case_27380_90.json" />
    <testcase name="TC-US07-006" classname="C:\Users\48181\AppData\Local\Temp\monopoly_case_27380_91.json" />
    <testcase name="TC-US07-007" classname="C:\Users\48181\AppData\Local\Temp\monopoly_case_27380_92.json" />
    <testcase name="TC-US07-008" classname="C:\Users\48181\AppData\Local\Temp\monopoly_case_27380_93.json" />
    <testcase name="TC-US09-001" classname="C:\Users\48181\AppData\Local\Temp\monopoly_case_27380_94.json" />
    <testcase name="TC-US09-002" classname="C:\Users\48181\AppData\Local\Temp\monopoly_case_27380_95.json" />
    <testcase name="TC-US09-003" classname="C:\Users\48181\AppData\Local\Temp\monopoly_case_27380_96.json" />
    <testcase name="TC-US09-004" classname="C:\Users\48181\AppData\Local\Temp\monopoly_case_27380_97.json" />
    <testcase name="TC-US09-005" classname="C:\Users\48181\AppData\Local\Temp\monopoly_case_27380_98.json" />
    <testcase name="TC-US09-006" classname="C:\Users\48181\AppData\Local\Temp\monopoly_case_27380_99.json" />
    <testcase name="TC-US09-007" classname="C:\Users\48181\AppData\Local\Temp\monopoly_case_27380_100.json" />
    <testcase name="TC-US09-008" classname="C:\Users\48181\AppData\Local\Temp\monopoly_case_27380_101.json" />
    <testcase name="TC-US09-009" classname="C:\Users\48181\AppData\Local\Temp\monopoly_case_27380_102.json" />
    <testcase name="TC-US09-010" classname="C:\Users\48181\AppData\Local\Temp\monopoly_case_27380_103.json" />
    <testcase name="TC-US12-001" classname="C:\Users\48181\AppData\Local\Temp\monopoly_case_27380_104.json" />
    <testcase name="TC-US12-002" classname="C:\Users\48181\AppData\Local\Temp\monopoly_case_27380_105.json" />
    <testcase name="TC-US12-003" classname="C:\Users\48181\AppData\Local\Temp\monopoly_case_27380_106.json" />
    <testcase name="TC-US12-004" classname="C:\Users\48181\AppData\Local\Temp\monopoly_case_27380_107.json" />
    <testcase name="TC-US12-005" classname="C:\Users\48181\AppData\Local\Temp\monopoly_case_27380_108.json" />
    <testcase name="TC-US12-006" classname="C:\Users\48181\AppData\Local\Temp\monopoly_case_27380_109.json" />
    <testcase name="TC-US12-007" classname="C:\Users\48181\AppData\Local\Temp\monopoly_case_27380_110.json" />
    <testcase name="TC-US12-008" classname="C:\Users\48181\AppData\Local\Temp\monopoly_case_27380_111.json" />
    <testcase name="TC-US12-009" classname="C:\Users\48181\AppData\Local\Temp\monopoly_case_27380_112.json" />
    <testcase name="TC-US12-010" classname="C:\Users\48181\AppData\Local\Temp\monopoly_case_27380_113.json" />
    <testcase name="TC-US13-001" classname="C:\Users\48181\AppData\Local\Temp\monopoly_case_27380_114.json" />
    <testcase name="TC-US13-002" classname="C:\Users\48181\AppData\Local\Temp\monopoly_case_27380_115.json" />
    <testcase name="TC-US13-003" classname="C:\Users\48181\AppData\Local\Temp\monopoly_case_27380_116.json" />
    <testcase name="TC-US13-004" classname="C:\Users\48181\AppData\Local\Temp\monopoly_case_27380_117.json" />
    <testcase name="TC-US13-005" classname="C:\Users\48181\AppData\Local\Temp\monopoly_case_27380_118.json" />
    <testcase name="TC-US13-006" classname="C:\Users\48181\AppData\Local\Temp\monopoly_case_27380_119.json" />
    <testcase name="TC-US13-007" classname="C:\Users\48181\AppData\Local\Temp\monopoly_case_27380_120.json" />
    <testcase name="TC-US13-008" classname="C:\Users\48181\AppData\Local\Temp\monopoly_case_27380_121.json" />
    <testcase name="TC-US16-001" classname="C:\Users\48181\AppData\Local\Temp\monopoly_case_27380_122.json" />
    <testcase name="TC-US16-002" classname="C:\Users\48181\AppData\Local\Temp\monopoly_case_27380_123.json" />
    <testcase name="TC-US16-003" classname="C:\Users\48181\AppData\Local\Temp\monopoly_case_27380_124.json" />
    <testcase name="TC-US16-004" classname="C:\Users\48181\AppData\Local\Temp\monopoly_case_27380_125.json" />
    <testcase name="TC-US16-005" classname="C:\Users\48181\AppData\Local\Temp\monopoly_case_27380_126.json" />
    <testcase name="TC-US16-006" classname="C:\Users\48181\AppData\Local\Temp\monopoly_case_27380_127.json" />
    <testcase name="TC-US16-007" classname="C:\Users\48181\AppData\Local\Temp\monopoly_case_27380_128.json" />
    <testcase name="TC-US16-008" classname="C:\Users\48181\AppData\Local\Temp\monopoly_case_27380_129.json" />
    <testcase name="TC-US16-009" classname="C:\Users\48181\AppData\Local\Temp\monopoly_case_27380_130.json" />
    <testcase name="TC-US24-001" classname="C:\Users\48181\AppData\Local\Temp\monopoly_case_27380_131.json" />
    <testcase name="TC-US24-002" classname="C:\Users\48181\AppData\Local\Temp\monopoly_case_27380_132.json" />
    <testcase name="TC-US24-003" classname="C:\Users\48181\AppData\Local\Temp\monopoly_case_27380_133.json" />
    <testcase name="TC-US24-004" classname="C:\Users\48181\AppData\Local\Temp\monopoly_case_27380_134.json" />
    <testcase name="TC-US24-005" classname="C:\Users\48181\AppData\Local\Temp\monopoly_case_27380_135.json" />
    <testcase name="TC-US25-001" classname="C:\Users\48181\AppData\Local\Temp\monopoly_case_27380_136.json" />
    <testcase name="TC-US25-002" classname="C:\Users\48181\AppData\Local\Temp\monopoly_case_27380_137.json" />
    <testcase name="TC-US25-003" classname="C:\Users\48181\AppData\Local\Temp\monopoly_case_27380_138.json" />
    <testcase name="TC-US25-004" classname="C:\Users\48181\AppData\Local\Temp\monopoly_case_27380_139.json" />
    <testcase name="TC-US25-005" classname="C:\Users\48181\AppData\Local\Temp\monopoly_case_27380_140.json" />
    <testcase name="TC-US25-006" classname="C:\Users\48181\AppData\Local\Temp\monopoly_case_27380_141.json" />
    <testcase name="TC-US25-007" classname="C:\Users\48181\AppData\Local\Temp\monopoly_case_27380_142.json" />
    <testcase name="TC-US26-001" classname="C:\Users\48181\AppData\Local\Temp\monopoly_case_27380_143.json" />
    <testcase name="TC-US26-002" classname="C:\Users\48181\AppData\Local\Temp\monopoly_case_27380_144.json" />
    <testcase name="TC-US26-003" classname="C:\Users\48181\AppData\Local\Temp\monopoly_case_27380_145.json" />
    <testcase name="TC-US26-004" classname="C:\Users\48181\AppData\Local\Temp\monopoly_case_27380_146.json" />
    <testcase name="TC-US26-005" classname="C:\Users\48181\AppData\Local\Temp\monopoly_case_27380_147.json" />
    <testcase name="TC-US26-007" classname="C:\Users\48181\AppData\Local\Temp\monopoly_case_27380_148.json" />
    <testcase name="TC-US08-001" classname="C:\Users\48181\AppData\Local\Temp\monopoly_case_27380_149.json" />
    <testcase name="TC-US10-008" classname="C:\Users\48181\AppData\Local\Temp\monopoly_case_27380_150.json" />
    <testcase name="TC-US10-009" classname="C:\Users\48181\AppData\Local\Temp\monopoly_case_27380_151.json" />
    <testcase name="TC-US17-016" classname="C:\Users\48181\AppData\Local\Temp\monopoly_case_27380_152.json" />
    <testcase name="TC-US18-001" classname="C:\Users\48181\AppData\Local\Temp\monopoly_case_27380_153.json" />
    <testcase name="TC-US18-002" classname="C:\Users\48181\AppData\Local\Temp\monopoly_case_27380_154.json" />
    <testcase name="TC-US18-003" classname="C:\Users\48181\AppData\Local\Temp\monopoly_case_27380_155.json" />
    <testcase name="TC-US18-004" classname="C:\Users\48181\AppData\Local\Temp\monopoly_case_27380_156.json" />
    <testcase name="TC-US18-005" classname="C:\Users\48181\AppData\Local\Temp\monopoly_case_27380_157.json" />
    <testcase name="TC-US18-006" classname="C:\Users\48181\AppData\Local\Temp\monopoly_case_27380_158.json" />
    <testcase name="TC-US18-007" classname="C:\Users\48181\AppData\Local\Temp\monopoly_case_27380_159.json" />
    <testcase name="TC-US18-008" classname="C:\Users\48181\AppData\Local\Temp\monopoly_case_27380_160.json" />
    <testcase name="TC-US18-009" classname="C:\Users\48181\AppData\Local\Temp\monopoly_case_27380_161.json" />
    <testcase name="TC-US18-010" classname="C:\Users\48181\AppData\Local\Temp\monopoly_case_27380_162.json" />
    <testcase name="TC-US18-011" classname="C:\Users\48181\AppData\Local\Temp\monopoly_case_27380_163.json" />
    <testcase name="TC-US20-001" classname="C:\Users\48181\AppData\Local\Temp\monopoly_case_27380_164.json" />
    <testcase name="TC-US22-005" classname="C:\Users\48181\AppData\Local\Temp\monopoly_case_27380_165.json" />
    <testcase name="TC-US22-008" classname="C:\Users\48181\AppData\Local\Temp\monopoly_case_27380_166.json" />
    <testcase name="TC-US17-018" classname="C:\Users\48181\AppData\Local\Temp\monopoly_case_27380_167.json" />
    <testcase name="TC-US18-012" classname="C:\Users\48181\AppData\Local\Temp\monopoly_case_27380_168.json" />
    <testcase name="TC-US22-010" classname="C:\Users\48181\AppData\Local\Temp\monopoly_case_27380_169.json" />
    <testcase name="TC-NOUS-002" classname="C:\Users\48181\AppData\Local\Temp\monopoly_case_27380_170.json" />
    <testcase name="TC-BOUNDARY-001" classname="C:\Users\48181\AppData\Local\Temp\monopoly_case_27380_171.json" />
    <testcase name="TC-BOUNDARY-002" classname="C:\Users\48181\AppData\Local\Temp\monopoly_case_27380_172.json" />
    <testcase name="TC-BOUNDARY-003" classname="C:\Users\48181\AppData\Local\Temp\monopoly_case_27380_173.json" />
    <testcase name="TC-BOUNDARY-004" classname="C:\Users\48181\AppData\Local\Temp\monopoly_case_27380_174.json" />
    <testcase name="TC-BOUNDARY-005" classname="C:\Users\48181\AppData\Local\Temp\monopoly_case_27380_175.json" />
    <testcase name="TC-CHAR-001" classname="C:\Users\48181\AppData\Local\Temp\monopoly_case_27380_176.json" />
    <testcase name="TC-CHAR-002" classname="C:\Users\48181\AppData\Local\Temp\monopoly_case_27380_177.json" />
    <testcase name="TC-CHAR-003" classname="C:\Users\48181\AppData\Local\Temp\monopoly_case_27380_178.json" />
    <testcase name="TC-CTRL-001" classname="C:\Users\48181\AppData\Local\Temp\monopoly_case_27380_179.json" />
    <testcase name="TC-CTRL-002" classname="C:\Users\48181\AppData\Local\Temp\monopoly_case_27380_180.json" />
    <testcase name="TC-CTRL-003" classname="C:\Users\48181\AppData\Local\Temp\monopoly_case_27380_181.json" />
    <testcase name="TC-DISPLAY-001" classname="C:\Users\48181\AppData\Local\Temp\monopoly_case_27380_182.json" />
    <testcase name="TC-EFFECT-001" classname="C:\Users\48181\AppData\Local\Temp\monopoly_case_27380_183.json" />
    <testcase name="TC-EFFECT-002" classname="C:\Users\48181\AppData\Local\Temp\monopoly_case_27380_184.json" />
    <testcase name="TC-EFFECT-003" classname="C:\Users\48181\AppData\Local\Temp\monopoly_case_27380_185.json" />
    <testcase name="TC-HELP-001" classname="C:\Users\48181\AppData\Local\Temp\monopoly_case_27380_186.json" />
    <testcase name="TC-HELP-002" classname="C:\Users\48181\AppData\Local\Temp\monopoly_case_27380_187.json" />
    <testcase name="TC-HELP-003" classname="C:\Users\48181\AppData\Local\Temp\monopoly_case_27380_188.json" />
    <testcase name="TC-ITEM-001" classname="C:\Users\48181\AppData\Local\Temp\monopoly_case_27380_189.json" />
    <testcase name="TC-ITEM-002" classname="C:\Users\48181\AppData\Local\Temp\monopoly_case_27380_190.json" />
    <testcase name="TC-ITEM-003" classname="C:\Users\48181\AppData\Local\Temp\monopoly_case_27380_191.json" />
    <testcase name="TC-ITEM-004" classname="C:\Users\48181\AppData\Local\Temp\monopoly_case_27380_192.json" />
    <testcase name="TC-ITEM-005" classname="C:\Users\48181\AppData\Local\Temp\monopoly_case_27380_193.json" />
    <testcase name="TC-ITEMUSE-001" classname="C:\Users\48181\AppData\Local\Temp\monopoly_case_27380_194.json" />
    <testcase name="TC-ITEMUSE-002" classname="C:\Users\48181\AppData\Local\Temp\monopoly_case_27380_195.json" />
    <testcase name="TC-ITEMUSE-003" classname="C:\Users\48181\AppData\Local\Temp\monopoly_case_27380_196.json" />
    <testcase name="TC-ITEMUSE-004" classname="C:\Users\48181\AppData\Local\Temp\monopoly_case_27380_197.json" />
    <testcase name="TC-ITEMUSE-005" classname="C:\Users\48181\AppData\Local\Temp\monopoly_case_27380_198.json" />
    <testcase name="TC-LAND-001" classname="C:\Users\48181\AppData\Local\Temp\monopoly_case_27380_199.json" />
    <testcase name="TC-LAND-002" classname="C:\Users\48181\AppData\Local\Temp\monopoly_case_27380_200.json" />
    <testcase name="TC-LAND-003" classname="C:\Users\48181\AppData\Local\Temp\monopoly_case_27380_201.json" />
    <testcase name="TC-POS-001" classname="C:\Users\48181\AppData\Local\Temp\monopoly_case_27380_202.json" />
    <testcase name="TC-POS-002" classname="C:\Users\48181\AppData\Local\Temp\monopoly_case_27380_203.json" />
    <testcase name="TC-QUERY-001" classname="C:\Users\48181\AppData\Local\Temp\monopoly_case_27380_204.json" />
    <testcase name="TC-QUERY-002" classname="C:\Users\48181\AppData\Local\Temp\monopoly_case_27380_205.json" />
    <testcase name="TC-QUERY-003" classname="C:\Users\48181\AppData\Local\Temp\monopoly_case_27380_206.json" />
    <testcase name="TC-QUERY-004" classname="C:\Users\48181\AppData\Local\Temp\monopoly_case_27380_207.json" />
    <testcase name="TC-ROLL-001" classname="C:\Users\48181\AppData\Local\Temp\monopoly_case_27380_208.json" />
    <testcase name="TC-STEP-001" classname="C:\Users\48181\AppData\Local\Temp\monopoly_case_27380_209.json" />
    <testcase name="TC-STEP-002" classname="C:\Users\48181\AppData\Local\Temp\monopoly_case_27380_210.json" />
    <testcase name="TC-STEP-003" classname="C:\Users\48181\AppData\Local\Temp\monopoly_case_27380_211.json" />
    <testcase name="TC-TEST-STEP-001" classname="C:\Users\48181\AppData\Local\Temp\monopoly_case_27380_212.json" />
    <testcase name="TC-TEST-STEP-002" classname="C:\Users\48181\AppData\Local\Temp\monopoly_case_27380_213.json" />
    <testcase name="TC-TUI-001" classname="C:\Users\48181\AppData\Local\Temp\monopoly_case_27380_214.json" />
    <testcase name="TC-TUI-002" classname="C:\Users\48181\AppData\Local\Temp\monopoly_case_27380_215.json" />
    <testcase name="TC-TUI-003" classname="C:\Users\48181\AppData\Local\Temp\monopoly_case_27380_216.json" />
    <testcase name="TC-TURN-001" classname="C:\Users\48181\AppData\Local\Temp\monopoly_case_27380_217.json" />
    <testcase name="TC-TUTORIAL-001" classname="C:\Users\48181\AppData\Local\Temp\monopoly_case_27380_218.json" />
    <testcase name="TC-TUTORIAL-002" classname="C:\Users\48181\AppData\Local\Temp\monopoly_case_27380_219.json" />
    <testcase name="TC-TUTORIAL-003" classname="C:\Users\48181\AppData\Local\Temp\monopoly_case_27380_220.json" />
    <testcase name="TC-G2-PRESERVED-NOUS-001" classname="C:\Users\48181\AppData\Local\Temp\monopoly_case_27380_221.json" />
    <testcase name="TC-G2-PRESERVED-NOUS-003" classname="C:\Users\48181\AppData\Local\Temp\monopoly_case_27380_222.json" />
    <testcase name="TC-G2-PRESERVED-US04-006" classname="C:\Users\48181\AppData\Local\Temp\monopoly_case_27380_223.json" />
    <testcase name="TC-G2-PRESERVED-US06-001" classname="C:\Users\48181\AppData\Local\Temp\monopoly_case_27380_224.json" />
    <testcase name="TC-G2-PRESERVED-US06-002" classname="C:\Users\48181\AppData\Local\Temp\monopoly_case_27380_225.json" />
    <testcase name="TC-G2-PRESERVED-US06-003" classname="C:\Users\48181\AppData\Local\Temp\monopoly_case_27380_226.json" />
    <testcase name="TC-G2-PRESERVED-US07-009" classname="C:\Users\48181\AppData\Local\Temp\monopoly_case_27380_227.json" />
    <testcase name="TC-G2-PRESERVED-US07-010" classname="C:\Users\48181\AppData\Local\Temp\monopoly_case_27380_228.json" />
    <testcase name="TC-G2-PRESERVED-US07-011" classname="C:\Users\48181\AppData\Local\Temp\monopoly_case_27380_229.json" />
    <testcase name="TC-G2-PRESERVED-US07-013" classname="C:\Users\48181\AppData\Local\Temp\monopoly_case_27380_230.json" />
    <testcase name="TC-G2-PRESERVED-US08-002" classname="C:\Users\48181\AppData\Local\Temp\monopoly_case_27380_231.json" />
    <testcase name="TC-G2-PRESERVED-US08-003" classname="C:\Users\48181\AppData\Local\Temp\monopoly_case_27380_232.json" />
    <testcase name="TC-G2-PRESERVED-US08-004" classname="C:\Users\48181\AppData\Local\Temp\monopoly_case_27380_233.json" />
    <testcase name="TC-G2-PRESERVED-US09-011" classname="C:\Users\48181\AppData\Local\Temp\monopoly_case_27380_234.json" />
    <testcase name="TC-G2-PRESERVED-US10-001" classname="C:\Users\48181\AppData\Local\Temp\monopoly_case_27380_235.json" />
    <testcase name="TC-G2-PRESERVED-US10-002" classname="C:\Users\48181\AppData\Local\Temp\monopoly_case_27380_236.json" />
    <testcase name="TC-G2-PRESERVED-US10-003" classname="C:\Users\48181\AppData\Local\Temp\monopoly_case_27380_237.json" />
    <testcase name="TC-G2-PRESERVED-US10-004" classname="C:\Users\48181\AppData\Local\Temp\monopoly_case_27380_238.json" />
    <testcase name="TC-G2-PRESERVED-US10-005" classname="C:\Users\48181\AppData\Local\Temp\monopoly_case_27380_239.json" />
    <testcase name="TC-G2-PRESERVED-US10-006" classname="C:\Users\48181\AppData\Local\Temp\monopoly_case_27380_240.json" />
    <testcase name="TC-G2-PRESERVED-US10-007" classname="C:\Users\48181\AppData\Local\Temp\monopoly_case_27380_241.json" />
    <testcase name="TC-G2-PRESERVED-US10-010" classname="C:\Users\48181\AppData\Local\Temp\monopoly_case_27380_242.json" />
    <testcase name="TC-G2-PRESERVED-US10-011" classname="C:\Users\48181\AppData\Local\Temp\monopoly_case_27380_243.json" />
    <testcase name="TC-G2-PRESERVED-US10-012" classname="C:\Users\48181\AppData\Local\Temp\monopoly_case_27380_244.json" />
    <testcase name="TC-G2-PRESERVED-US11-001" classname="C:\Users\48181\AppData\Local\Temp\monopoly_case_27380_245.json" />
    <testcase name="TC-G2-PRESERVED-US11-002" classname="C:\Users\48181\AppData\Local\Temp\monopoly_case_27380_246.json" />
    <testcase name="TC-G2-PRESERVED-US11-003" classname="C:\Users\48181\AppData\Local\Temp\monopoly_case_27380_247.json" />
    <testcase name="TC-G2-PRESERVED-US11-004" classname="C:\Users\48181\AppData\Local\Temp\monopoly_case_27380_248.json" />
    <testcase name="TC-G2-PRESERVED-US11-005" classname="C:\Users\48181\AppData\Local\Temp\monopoly_case_27380_249.json" />
    <testcase name="TC-G2-PRESERVED-US11-006" classname="C:\Users\48181\AppData\Local\Temp\monopoly_case_27380_250.json" />
    <testcase name="TC-G2-PRESERVED-US11-007" classname="C:\Users\48181\AppData\Local\Temp\monopoly_case_27380_251.json" />
    <testcase name="TC-G2-PRESERVED-US11-008" classname="C:\Users\48181\AppData\Local\Temp\monopoly_case_27380_252.json" />
    <testcase name="TC-G2-PRESERVED-US11-009" classname="C:\Users\48181\AppData\Local\Temp\monopoly_case_27380_253.json" />
    <testcase name="TC-G2-PRESERVED-US11-010" classname="C:\Users\48181\AppData\Local\Temp\monopoly_case_27380_254.json" />
    <testcase name="TC-G2-PRESERVED-US11-011" classname="C:\Users\48181\AppData\Local\Temp\monopoly_case_27380_255.json" />
    <testcase name="TC-G2-PRESERVED-US14-001" classname="C:\Users\48181\AppData\Local\Temp\monopoly_case_27380_256.json" />
    <testcase name="TC-G2-PRESERVED-US14-002" classname="C:\Users\48181\AppData\Local\Temp\monopoly_case_27380_257.json" />
    <testcase name="TC-G2-PRESERVED-US14-003" classname="C:\Users\48181\AppData\Local\Temp\monopoly_case_27380_258.json" />
    <testcase name="TC-G2-PRESERVED-US14-004" classname="C:\Users\48181\AppData\Local\Temp\monopoly_case_27380_259.json" />
    <testcase name="TC-G2-PRESERVED-US14-005" classname="C:\Users\48181\AppData\Local\Temp\monopoly_case_27380_260.json" />
    <testcase name="TC-G2-PRESERVED-US16-010" classname="C:\Users\48181\AppData\Local\Temp\monopoly_case_27380_261.json" />
    <testcase name="TC-G2-PRESERVED-US16-011" classname="C:\Users\48181\AppData\Local\Temp\monopoly_case_27380_262.json" />
    <testcase name="TC-G2-PRESERVED-US16-012" classname="C:\Users\48181\AppData\Local\Temp\monopoly_case_27380_263.json" />
    <testcase name="TC-G2-PRESERVED-US16-013" classname="C:\Users\48181\AppData\Local\Temp\monopoly_case_27380_264.json" />
    <testcase name="TC-G2-PRESERVED-US17-001" classname="C:\Users\48181\AppData\Local\Temp\monopoly_case_27380_265.json" />
    <testcase name="TC-G2-PRESERVED-US17-002" classname="C:\Users\48181\AppData\Local\Temp\monopoly_case_27380_266.json" />
    <testcase name="TC-G2-PRESERVED-US17-003" classname="C:\Users\48181\AppData\Local\Temp\monopoly_case_27380_267.json" />
    <testcase name="TC-G2-PRESERVED-US17-004" classname="C:\Users\48181\AppData\Local\Temp\monopoly_case_27380_268.json" />
    <testcase name="TC-G2-PRESERVED-US17-005" classname="C:\Users\48181\AppData\Local\Temp\monopoly_case_27380_269.json" />
    <testcase name="TC-G2-PRESERVED-US17-006" classname="C:\Users\48181\AppData\Local\Temp\monopoly_case_27380_270.json" />
    <testcase name="TC-G2-PRESERVED-US17-007" classname="C:\Users\48181\AppData\Local\Temp\monopoly_case_27380_271.json" />
    <testcase name="TC-G2-PRESERVED-US17-008" classname="C:\Users\48181\AppData\Local\Temp\monopoly_case_27380_272.json" />
    <testcase name="TC-G2-PRESERVED-US17-009" classname="C:\Users\48181\AppData\Local\Temp\monopoly_case_27380_273.json" />
    <testcase name="TC-G2-PRESERVED-US17-010" classname="C:\Users\48181\AppData\Local\Temp\monopoly_case_27380_274.json" />
    <testcase name="TC-G2-PRESERVED-US17-011" classname="C:\Users\48181\AppData\Local\Temp\monopoly_case_27380_275.json" />
    <testcase name="TC-G2-PRESERVED-US17-012" classname="C:\Users\48181\AppData\Local\Temp\monopoly_case_27380_276.json" />
    <testcase name="TC-G2-PRESERVED-US17-013" classname="C:\Users\48181\AppData\Local\Temp\monopoly_case_27380_277.json" />
    <testcase name="TC-G2-PRESERVED-US17-014" classname="C:\Users\48181\AppData\Local\Temp\monopoly_case_27380_278.json" />
    <testcase name="TC-G2-PRESERVED-US17-015" classname="C:\Users\48181\AppData\Local\Temp\monopoly_case_27380_279.json" />
    <testcase name="TC-G2-PRESERVED-US17-017" classname="C:\Users\48181\AppData\Local\Temp\monopoly_case_27380_280.json" />
    <testcase name="TC-G2-PRESERVED-US17-019" classname="C:\Users\48181\AppData\Local\Temp\monopoly_case_27380_281.json" />
    <testcase name="TC-G2-PRESERVED-US17-020" classname="C:\Users\48181\AppData\Local\Temp\monopoly_case_27380_282.json" />
    <testcase name="TC-G2-PRESERVED-US19-001" classname="C:\Users\48181\AppData\Local\Temp\monopoly_case_27380_283.json" />
    <testcase name="TC-G2-PRESERVED-US19-002" classname="C:\Users\48181\AppData\Local\Temp\monopoly_case_27380_284.json" />
    <testcase name="TC-G2-PRESERVED-US19-003" classname="C:\Users\48181\AppData\Local\Temp\monopoly_case_27380_285.json" />
    <testcase name="TC-G2-PRESERVED-US19-004" classname="C:\Users\48181\AppData\Local\Temp\monopoly_case_27380_286.json" />
    <testcase name="TC-G2-PRESERVED-US19-005" classname="C:\Users\48181\AppData\Local\Temp\monopoly_case_27380_287.json" />
    <testcase name="TC-G2-PRESERVED-US19-006" classname="C:\Users\48181\AppData\Local\Temp\monopoly_case_27380_288.json" />
    <testcase name="TC-G2-PRESERVED-US19-007" classname="C:\Users\48181\AppData\Local\Temp\monopoly_case_27380_289.json" />
    <testcase name="TC-G2-PRESERVED-US19-008" classname="C:\Users\48181\AppData\Local\Temp\monopoly_case_27380_290.json" />
    <testcase name="TC-G2-PRESERVED-US21-001" classname="C:\Users\48181\AppData\Local\Temp\monopoly_case_27380_291.json" />
    <testcase name="TC-G2-PRESERVED-US21-002" classname="C:\Users\48181\AppData\Local\Temp\monopoly_case_27380_292.json" />
    <testcase name="TC-G2-PRESERVED-US21-003" classname="C:\Users\48181\AppData\Local\Temp\monopoly_case_27380_293.json" />
    <testcase name="TC-G2-PRESERVED-US21-004" classname="C:\Users\48181\AppData\Local\Temp\monopoly_case_27380_294.json" />
    <testcase name="TC-G2-PRESERVED-US21-005" classname="C:\Users\48181\AppData\Local\Temp\monopoly_case_27380_295.json" />
    <testcase name="TC-G2-PRESERVED-US21-006" classname="C:\Users\48181\AppData\Local\Temp\monopoly_case_27380_296.json" />
    <testcase name="TC-G2-PRESERVED-US21-007" classname="C:\Users\48181\AppData\Local\Temp\monopoly_case_27380_297.json" />
    <testcase name="TC-G2-PRESERVED-US22-001" classname="C:\Users\48181\AppData\Local\Temp\monopoly_case_27380_298.json" />
    <testcase name="TC-G2-PRESERVED-US22-002" classname="C:\Users\48181\AppData\Local\Temp\monopoly_case_27380_299.json" />
    <testcase name="TC-G2-PRESERVED-US22-003" classname="C:\Users\48181\AppData\Local\Temp\monopoly_case_27380_300.json" />
    <testcase name="TC-G2-PRESERVED-US22-004" classname="C:\Users\48181\AppData\Local\Temp\monopoly_case_27380_301.json" />
    <testcase name="TC-G2-PRESERVED-US22-006" classname="C:\Users\48181\AppData\Local\Temp\monopoly_case_27380_302.json" />
    <testcase name="TC-G2-PRESERVED-US22-007" classname="C:\Users\48181\AppData\Local\Temp\monopoly_case_27380_303.json" />
    <testcase name="TC-G2-PRESERVED-US22-009" classname="C:\Users\48181\AppData\Local\Temp\monopoly_case_27380_304.json" />
    <testcase name="TC-G2-PRESERVED-US23-001" classname="C:\Users\48181\AppData\Local\Temp\monopoly_case_27380_305.json" />
    <testcase name="TC-G2-PRESERVED-US23-002" classname="C:\Users\48181\AppData\Local\Temp\monopoly_case_27380_306.json" />
    <testcase name="TC-G2-PRESERVED-US23-003" classname="C:\Users\48181\AppData\Local\Temp\monopoly_case_27380_307.json" />
    <testcase name="TC-G2-PRESERVED-US23-004" classname="C:\Users\48181\AppData\Local\Temp\monopoly_case_27380_308.json" />
    <testcase name="TC-G2-PRESERVED-US23-005" classname="C:\Users\48181\AppData\Local\Temp\monopoly_case_27380_309.json" />
    <testcase name="TC-G2-PRESERVED-US23-006" classname="C:\Users\48181\AppData\Local\Temp\monopoly_case_27380_310.json" />
    <testcase name="TC-G2-PRESERVED-US23-007" classname="C:\Users\48181\AppData\Local\Temp\monopoly_case_27380_311.json" />
    <testcase name="TC-G2-PRESERVED-US23-008" classname="C:\Users\48181\AppData\Local\Temp\monopoly_case_27380_312.json" />
    <testcase name="TC-G2-PRESERVED-US23-009" classname="C:\Users\48181\AppData\Local\Temp\monopoly_case_27380_313.json" />
    <testcase name="TC-G2-PRESERVED-US24-006" classname="C:\Users\48181\AppData\Local\Temp\monopoly_case_27380_314.json" />
    <testcase name="TC-G2-PRESERVED-US24-007" classname="C:\Users\48181\AppData\Local\Temp\monopoly_case_27380_315.json" />
    <testcase name="TC-G2-PRESERVED-US25-008" classname="C:\Users\48181\AppData\Local\Temp\monopoly_case_27380_316.json" />
    <testcase name="TC-G2-PRESERVED-US25-009" classname="C:\Users\48181\AppData\Local\Temp\monopoly_case_27380_317.json" />
    <testcase name="TC-G2-PRESERVED-US26-006" classname="C:\Users\48181\AppData\Local\Temp\monopoly_case_27380_318.json" />
    <testcase name="TC-G2-PRESERVED-US26-008" classname="C:\Users\48181\AppData\Local\Temp\monopoly_case_27380_319.json" />
    <testcase name="TC-G2-PRESERVED-US26-009" classname="C:\Users\48181\AppData\Local\Temp\monopoly_case_27380_320.json" />
    <testcase name="TC-G2-PRESERVED-V2-CMD-001" classname="C:\Users\48181\AppData\Local\Temp\monopoly_case_27380_321.json" />
    <testcase name="TC-G2-PRESERVED-V2-CMD-002" classname="C:\Users\48181\AppData\Local\Temp\monopoly_case_27380_322.json" />
    <testcase name="TC-G2-PRESERVED-V2-CMD-003" classname="C:\Users\48181\AppData\Local\Temp\monopoly_case_27380_323.json" />
    <testcase name="TC-G2-PRESERVED-V2-CMD-004" classname="C:\Users\48181\AppData\Local\Temp\monopoly_case_27380_324.json" />
    <testcase name="TC-G2-PRESERVED-V2-CMD-005" classname="C:\Users\48181\AppData\Local\Temp\monopoly_case_27380_325.json" />
    <testcase name="TC-G2-PRESERVED-V2-CMD-006" classname="C:\Users\48181\AppData\Local\Temp\monopoly_case_27380_326.json" />
    <testcase name="TC-G2-PRESERVED-V2-CMD-007" classname="C:\Users\48181\AppData\Local\Temp\monopoly_case_27380_327.json" />
    <testcase name="TC-G2-PRESERVED-V2-CMD-008" classname="C:\Users\48181\AppData\Local\Temp\monopoly_case_27380_328.json" />
    <testcase name="TC-G2-PRESERVED-V2-CMD-009" classname="C:\Users\48181\AppData\Local\Temp\monopoly_case_27380_329.json" />
    <testcase name="TC-G2-PRESERVED-V2-DEL-001" classname="C:\Users\48181\AppData\Local\Temp\monopoly_case_27380_330.json" />
    <testcase name="TC-G2-PRESERVED-V2-DEL-002" classname="C:\Users\48181\AppData\Local\Temp\monopoly_case_27380_331.json" />
    <testcase name="TC-G2-PRESERVED-V2-DEL-003" classname="C:\Users\48181\AppData\Local\Temp\monopoly_case_27380_332.json" />
    <testcase name="TC-G2-PRESERVED-V2-DEL-004" classname="C:\Users\48181\AppData\Local\Temp\monopoly_case_27380_333.json" />
    <testcase name="TC-G2-PRESERVED-V2-DEL-005" classname="C:\Users\48181\AppData\Local\Temp\monopoly_case_27380_334.json" />
    <testcase name="TC-G2-PRESERVED-V2-DEL-006" classname="C:\Users\48181\AppData\Local\Temp\monopoly_case_27380_335.json" />
    <testcase name="TC-G2-PRESERVED-V2-DEL-007" classname="C:\Users\48181\AppData\Local\Temp\monopoly_case_27380_336.json" />
    <testcase name="TC-G2-PRESERVED-V2-DEL-008" classname="C:\Users\48181\AppData\Local\Temp\monopoly_case_27380_337.json" />
    <testcase name="TC-G2-PRESERVED-V2-DEL-009" classname="C:\Users\48181\AppData\Local\Temp\monopoly_case_27380_338.json" />
    <testcase name="TC-G2-PRESERVED-V2-DEL-010" classname="C:\Users\48181\AppData\Local\Temp\monopoly_case_27380_339.json" />
    <testcase name="TC-G2-PRESERVED-V2-DEL-011" classname="C:\Users\48181\AppData\Local\Temp\monopoly_case_27380_340.json" />
    <testcase name="TC-G2-PRESERVED-V2-DEL-012" classname="C:\Users\48181\AppData\Local\Temp\monopoly_case_27380_341.json" />
    <testcase name="TC-G2-PRESERVED-V2-DEL-013" classname="C:\Users\48181\AppData\Local\Temp\monopoly_case_27380_342.json" />
    <testcase name="TC-G2-PRESERVED-V2-DEL-014" classname="C:\Users\48181\AppData\Local\Temp\monopoly_case_27380_343.json" />
    <testcase name="TC-G2-PRESERVED-V2-DEL-015" classname="C:\Users\48181\AppData\Local\Temp\monopoly_case_27380_344.json" />
    <testcase name="TC-G2-PRESERVED-V2-DEL-016" classname="C:\Users\48181\AppData\Local\Temp\monopoly_case_27380_345.json" />
    <testcase name="TC-G2-PRESERVED-V2-DEL-017" classname="C:\Users\48181\AppData\Local\Temp\monopoly_case_27380_346.json" />
    <testcase name="TC-G2-PRESERVED-V2-FORTUNE-001" classname="C:\Users\48181\AppData\Local\Temp\monopoly_case_27380_347.json" />
    <testcase name="TC-G2-PRESERVED-V2-FORTUNE-002" classname="C:\Users\48181\AppData\Local\Temp\monopoly_case_27380_348.json" />
    <testcase name="TC-G2-PRESERVED-V2-FORTUNE-003" classname="C:\Users\48181\AppData\Local\Temp\monopoly_case_27380_349.json" />
    <testcase name="TC-G2-PRESERVED-V2-FORTUNE-004" classname="C:\Users\48181\AppData\Local\Temp\monopoly_case_27380_350.json" />
    <testcase name="TC-G2-PRESERVED-V2-FORTUNE-005" classname="C:\Users\48181\AppData\Local\Temp\monopoly_case_27380_351.json" />
    <testcase name="TC-G2-PRESERVED-V2-FORTUNE-006" classname="C:\Users\48181\AppData\Local\Temp\monopoly_case_27380_352.json" />
    <testcase name="TC-G2-PRESERVED-V2-FORTUNE-007" classname="C:\Users\48181\AppData\Local\Temp\monopoly_case_27380_353.json" />
    <testcase name="TC-G2-PRESERVED-V2-FORTUNE-008" classname="C:\Users\48181\AppData\Local\Temp\monopoly_case_27380_354.json" />
    <testcase name="TC-G2-PRESERVED-V2-FORTUNE-009" classname="C:\Users\48181\AppData\Local\Temp\monopoly_case_27380_355.json" />
    <testcase name="TC-G2-PRESERVED-V2-FORTUNE-010" classname="C:\Users\48181\AppData\Local\Temp\monopoly_case_27380_356.json" />
    <testcase name="TC-G2-PRESERVED-V2-FORTUNE-011" classname="C:\Users\48181\AppData\Local\Temp\monopoly_case_27380_357.json" />
    <testcase name="TC-G2-PRESERVED-V2-FORTUNE-012" classname="C:\Users\48181\AppData\Local\Temp\monopoly_case_27380_358.json" />
    <testcase name="TC-G2-PRESERVED-V2-FORTUNE-013" classname="C:\Users\48181\AppData\Local\Temp\monopoly_case_27380_359.json" />
    <testcase name="TC-G2-PRESERVED-V2-FORTUNE-014" classname="C:\Users\48181\AppData\Local\Temp\monopoly_case_27380_360.json" />
    <testcase name="TC-G2-PRESERVED-V2-FORTUNE-015" classname="C:\Users\48181\AppData\Local\Temp\monopoly_case_27380_361.json" />
    <testcase name="TC-G2-PRESERVED-V2-FORTUNE-016" classname="C:\Users\48181\AppData\Local\Temp\monopoly_case_27380_362.json" />
    <testcase name="TC-G2-PRESERVED-V2-FORTUNE-017" classname="C:\Users\48181\AppData\Local\Temp\monopoly_case_27380_363.json" />
    <testcase name="TC-G2-PRESERVED-V2-FORTUNE-018" classname="C:\Users\48181\AppData\Local\Temp\monopoly_case_27380_364.json" />
    <testcase name="TC-G2-PRESERVED-V2-FORTUNE-019" classname="C:\Users\48181\AppData\Local\Temp\monopoly_case_27380_365.json" />
    <testcase name="TC-G2-PRESERVED-V2-FORTUNE-020" classname="C:\Users\48181\AppData\Local\Temp\monopoly_case_27380_366.json" />
    <testcase name="TC-G2-PRESERVED-V2-FORTUNE-021" classname="C:\Users\48181\AppData\Local\Temp\monopoly_case_27380_367.json" />
    <testcase name="TC-G2-PRESERVED-V2-FORTUNE-022" classname="C:\Users\48181\AppData\Local\Temp\monopoly_case_27380_368.json" />
    <testcase name="TC-G2-PRESERVED-V2-FORTUNE-023" classname="C:\Users\48181\AppData\Local\Temp\monopoly_case_27380_369.json" />
    <testcase name="TC-G2-PRESERVED-V2-FORTUNE-024" classname="C:\Users\48181\AppData\Local\Temp\monopoly_case_27380_370.json" />
    <testcase name="TC-G2-PRESERVED-V2-FORTUNE-025" classname="C:\Users\48181\AppData\Local\Temp\monopoly_case_27380_371.json" />
    <testcase name="TC-G2-PRESERVED-V2-FORTUNE-026" classname="C:\Users\48181\AppData\Local\Temp\monopoly_case_27380_372.json" />
    <testcase name="TC-G2-PRESERVED-V2-FORTUNE-027" classname="C:\Users\48181\AppData\Local\Temp\monopoly_case_27380_373.json" />
    <testcase name="TC-G2-PRESERVED-V2-FORTUNE-028" classname="C:\Users\48181\AppData\Local\Temp\monopoly_case_27380_374.json" />
    <testcase name="TC-G2-PRESERVED-V2-FORTUNE-029" classname="C:\Users\48181\AppData\Local\Temp\monopoly_case_27380_375.json" />
    <testcase name="TC-G2-PRESERVED-V2-FORTUNE-030" classname="C:\Users\48181\AppData\Local\Temp\monopoly_case_27380_376.json" />
    <testcase name="TC-G2-PRESERVED-V2-FORTUNE-031" classname="C:\Users\48181\AppData\Local\Temp\monopoly_case_27380_377.json" />
    <testcase name="TC-G2-PRESERVED-V2-PARK-001" classname="C:\Users\48181\AppData\Local\Temp\monopoly_case_27380_378.json" />
    <testcase name="TC-G2-PRESERVED-V2-PARK-002" classname="C:\Users\48181\AppData\Local\Temp\monopoly_case_27380_379.json" />
    <testcase name="TC-G2-PRESERVED-V2-PARK-003" classname="C:\Users\48181\AppData\Local\Temp\monopoly_case_27380_380.json" />
    <testcase name="TC-G2-PRESERVED-V2-PARK-004" classname="C:\Users\48181\AppData\Local\Temp\monopoly_case_27380_381.json" />
    <testcase name="TC-G2-PRESERVED-V2-PARK-005" classname="C:\Users\48181\AppData\Local\Temp\monopoly_case_27380_382.json" />
    <testcase name="TC-G2-PRESERVED-V2-PARK-006" classname="C:\Users\48181\AppData\Local\Temp\monopoly_case_27380_383.json" />
    <testcase name="TC-G2-PRESERVED-V2-STEP-001" classname="C:\Users\48181\AppData\Local\Temp\monopoly_case_27380_384.json" />
    <testcase name="TC-G2-PRESERVED-V2-STEP-002" classname="C:\Users\48181\AppData\Local\Temp\monopoly_case_27380_385.json" />
    <testcase name="TC-G2-PRESERVED-V2-STEP-003" classname="C:\Users\48181\AppData\Local\Temp\monopoly_case_27380_386.json" />
    <testcase name="TC-G2-PRESERVED-V2-STEP-004" classname="C:\Users\48181\AppData\Local\Temp\monopoly_case_27380_387.json" />
    <testcase name="TC-G2-PRESERVED-V2-STEP-005" classname="C:\Users\48181\AppData\Local\Temp\monopoly_case_27380_388.json" />
    <testcase name="TC-G2-PRESERVED-V2-STEP-006" classname="C:\Users\48181\AppData\Local\Temp\monopoly_case_27380_389.json" />
    <testcase name="TC-G2-PRESERVED-V2-STEP-007" classname="C:\Users\48181\AppData\Local\Temp\monopoly_case_27380_390.json" />
    <testcase name="TC-G2-PRESERVED-V2-STEP-008" classname="C:\Users\48181\AppData\Local\Temp\monopoly_case_27380_391.json" />
    <testcase name="TC-G2-PRESERVED-V2-STEP-009" classname="C:\Users\48181\AppData\Local\Temp\monopoly_case_27380_392.json" />
    <testcase name="TC-G2-PRESERVED-V2-STEP-010" classname="C:\Users\48181\AppData\Local\Temp\monopoly_case_27380_393.json" />
    <testcase name="TC-G2-PRESERVED-V2-STEP-011" classname="C:\Users\48181\AppData\Local\Temp\monopoly_case_27380_394.json" />
    <testcase name="TC-G2-PRESERVED-V2-STEP-012" classname="C:\Users\48181\AppData\Local\Temp\monopoly_case_27380_395.json" />
    <testcase name="TC-G2-PRESERVED-V2-STEP-013" classname="C:\Users\48181\AppData\Local\Temp\monopoly_case_27380_396.json" />
    <testcase name="TC-G2-PRESERVED-V2-STEP-014" classname="C:\Users\48181\AppData\Local\Temp\monopoly_case_27380_397.json" />
    <testcase name="TC-G2-PRESERVED-V2-STEP-015" classname="C:\Users\48181\AppData\Local\Temp\monopoly_case_27380_398.json" />
    <testcase name="TC-G2-PRESERVED-V2-STEP-016" classname="C:\Users\48181\AppData\Local\Temp\monopoly_case_27380_399.json" />
    <testcase name="TC-NOUS-001" classname="C:\Users\48181\AppData\Local\Temp\monopoly_case_27380_0.json" />
    <testcase name="TC-NOUS-003" classname="C:\Users\48181\AppData\Local\Temp\monopoly_case_27380_1.json" />
    <testcase name="TC-US04-006" classname="C:\Users\48181\AppData\Local\Temp\monopoly_case_27380_2.json" />
    <testcase name="TC-US06-001" classname="C:\Users\48181\AppData\Local\Temp\monopoly_case_27380_3.json" />
    <testcase name="TC-US06-002" classname="C:\Users\48181\AppData\Local\Temp\monopoly_case_27380_4.json" />
    <testcase name="TC-US06-003" classname="C:\Users\48181\AppData\Local\Temp\monopoly_case_27380_5.json" />
    <testcase name="TC-US07-009" classname="C:\Users\48181\AppData\Local\Temp\monopoly_case_27380_6.json" />
    <testcase name="TC-US07-010" classname="C:\Users\48181\AppData\Local\Temp\monopoly_case_27380_7.json" />
    <testcase name="TC-US07-011" classname="C:\Users\48181\AppData\Local\Temp\monopoly_case_27380_8.json" />
    <testcase name="TC-US07-013" classname="C:\Users\48181\AppData\Local\Temp\monopoly_case_27380_9.json" />
    <testcase name="TC-US08-002" classname="C:\Users\48181\AppData\Local\Temp\monopoly_case_27380_10.json" />
    <testcase name="TC-US08-003" classname="C:\Users\48181\AppData\Local\Temp\monopoly_case_27380_11.json" />
    <testcase name="TC-US08-004" classname="C:\Users\48181\AppData\Local\Temp\monopoly_case_27380_12.json" />
    <testcase name="TC-US09-011" classname="C:\Users\48181\AppData\Local\Temp\monopoly_case_27380_13.json" />
    <testcase name="TC-US10-001" classname="C:\Users\48181\AppData\Local\Temp\monopoly_case_27380_14.json" />
    <testcase name="TC-US10-002" classname="C:\Users\48181\AppData\Local\Temp\monopoly_case_27380_15.json" />
    <testcase name="TC-US10-003" classname="C:\Users\48181\AppData\Local\Temp\monopoly_case_27380_16.json" />
    <testcase name="TC-US10-004" classname="C:\Users\48181\AppData\Local\Temp\monopoly_case_27380_17.json" />
    <testcase name="TC-US10-005" classname="C:\Users\48181\AppData\Local\Temp\monopoly_case_27380_18.json" />
    <testcase name="TC-US10-006" classname="C:\Users\48181\AppData\Local\Temp\monopoly_case_27380_19.json" />
    <testcase name="TC-US10-007" classname="C:\Users\48181\AppData\Local\Temp\monopoly_case_27380_20.json" />
    <testcase name="TC-US10-010" classname="C:\Users\48181\AppData\Local\Temp\monopoly_case_27380_21.json" />
    <testcase name="TC-US10-011" classname="C:\Users\48181\AppData\Local\Temp\monopoly_case_27380_22.json" />
    <testcase name="TC-US10-012" classname="C:\Users\48181\AppData\Local\Temp\monopoly_case_27380_23.json" />
    <testcase name="TC-US11-001" classname="C:\Users\48181\AppData\Local\Temp\monopoly_case_27380_24.json" />
    <testcase name="TC-US11-002" classname="C:\Users\48181\AppData\Local\Temp\monopoly_case_27380_25.json" />
    <testcase name="TC-US11-003" classname="C:\Users\48181\AppData\Local\Temp\monopoly_case_27380_26.json" />
    <testcase name="TC-US11-004" classname="C:\Users\48181\AppData\Local\Temp\monopoly_case_27380_27.json" />
    <testcase name="TC-US11-005" classname="C:\Users\48181\AppData\Local\Temp\monopoly_case_27380_28.json" />
    <testcase name="TC-US11-006" classname="C:\Users\48181\AppData\Local\Temp\monopoly_case_27380_29.json" />
    <testcase name="TC-US11-007" classname="C:\Users\48181\AppData\Local\Temp\monopoly_case_27380_30.json" />
    <testcase name="TC-US11-008" classname="C:\Users\48181\AppData\Local\Temp\monopoly_case_27380_31.json" />
    <testcase name="TC-US11-009" classname="C:\Users\48181\AppData\Local\Temp\monopoly_case_27380_32.json" />
    <testcase name="TC-US11-010" classname="C:\Users\48181\AppData\Local\Temp\monopoly_case_27380_33.json" />
    <testcase name="TC-US11-011" classname="C:\Users\48181\AppData\Local\Temp\monopoly_case_27380_34.json" />
    <testcase name="TC-US14-001" classname="C:\Users\48181\AppData\Local\Temp\monopoly_case_27380_35.json" />
    <testcase name="TC-US14-002" classname="C:\Users\48181\AppData\Local\Temp\monopoly_case_27380_36.json" />
    <testcase name="TC-US14-003" classname="C:\Users\48181\AppData\Local\Temp\monopoly_case_27380_37.json" />
    <testcase name="TC-US14-004" classname="C:\Users\48181\AppData\Local\Temp\monopoly_case_27380_38.json" />
    <testcase name="TC-US14-005" classname="C:\Users\48181\AppData\Local\Temp\monopoly_case_27380_39.json" />
    <testcase name="TC-US16-010" classname="C:\Users\48181\AppData\Local\Temp\monopoly_case_27380_40.json" />
    <testcase name="TC-US16-011" classname="C:\Users\48181\AppData\Local\Temp\monopoly_case_27380_41.json" />
    <testcase name="TC-US16-012" classname="C:\Users\48181\AppData\Local\Temp\monopoly_case_27380_42.json" />
    <testcase name="TC-US16-013" classname="C:\Users\48181\AppData\Local\Temp\monopoly_case_27380_43.json" />
    <testcase name="TC-US17-001" classname="C:\Users\48181\AppData\Local\Temp\monopoly_case_27380_44.json" />
    <testcase name="TC-US17-002" classname="C:\Users\48181\AppData\Local\Temp\monopoly_case_27380_45.json" />
    <testcase name="TC-US17-003" classname="C:\Users\48181\AppData\Local\Temp\monopoly_case_27380_46.json" />
    <testcase name="TC-US17-004" classname="C:\Users\48181\AppData\Local\Temp\monopoly_case_27380_47.json" />
    <testcase name="TC-US17-005" classname="C:\Users\48181\AppData\Local\Temp\monopoly_case_27380_48.json" />
    <testcase name="TC-US17-006" classname="C:\Users\48181\AppData\Local\Temp\monopoly_case_27380_49.json" />
    <testcase name="TC-US17-007" classname="C:\Users\48181\AppData\Local\Temp\monopoly_case_27380_50.json" />
    <testcase name="TC-US17-008" classname="C:\Users\48181\AppData\Local\Temp\monopoly_case_27380_51.json" />
    <testcase name="TC-US17-009" classname="C:\Users\48181\AppData\Local\Temp\monopoly_case_27380_52.json" />
    <testcase name="TC-US17-010" classname="C:\Users\48181\AppData\Local\Temp\monopoly_case_27380_53.json" />
    <testcase name="TC-US17-011" classname="C:\Users\48181\AppData\Local\Temp\monopoly_case_27380_54.json" />
    <testcase name="TC-US17-012" classname="C:\Users\48181\AppData\Local\Temp\monopoly_case_27380_55.json" />
    <testcase name="TC-US17-013" classname="C:\Users\48181\AppData\Local\Temp\monopoly_case_27380_56.json" />
    <testcase name="TC-US17-014" classname="C:\Users\48181\AppData\Local\Temp\monopoly_case_27380_57.json" />
    <testcase name="TC-US17-015" classname="C:\Users\48181\AppData\Local\Temp\monopoly_case_27380_58.json" />
    <testcase name="TC-US17-017" classname="C:\Users\48181\AppData\Local\Temp\monopoly_case_27380_59.json" />
    <testcase name="TC-US17-019" classname="C:\Users\48181\AppData\Local\Temp\monopoly_case_27380_60.json" />
    <testcase name="TC-US17-020" classname="C:\Users\48181\AppData\Local\Temp\monopoly_case_27380_61.json" />
    <testcase name="TC-US19-001" classname="C:\Users\48181\AppData\Local\Temp\monopoly_case_27380_62.json" />
    <testcase name="TC-US19-002" classname="C:\Users\48181\AppData\Local\Temp\monopoly_case_27380_63.json" />
    <testcase name="TC-US19-003" classname="C:\Users\48181\AppData\Local\Temp\monopoly_case_27380_64.json" />
    <testcase name="TC-US19-004" classname="C:\Users\48181\AppData\Local\Temp\monopoly_case_27380_65.json" />
    <testcase name="TC-US19-005" classname="C:\Users\48181\AppData\Local\Temp\monopoly_case_27380_66.json" />
    <testcase name="TC-US19-006" classname="C:\Users\48181\AppData\Local\Temp\monopoly_case_27380_67.json" />
    <testcase name="TC-US19-007" classname="C:\Users\48181\AppData\Local\Temp\monopoly_case_27380_68.json" />
    <testcase name="TC-US19-008" classname="C:\Users\48181\AppData\Local\Temp\monopoly_case_27380_69.json" />
    <testcase name="TC-US21-001" classname="C:\Users\48181\AppData\Local\Temp\monopoly_case_27380_70.json" />
    <testcase name="TC-US21-002" classname="C:\Users\48181\AppData\Local\Temp\monopoly_case_27380_71.json" />
    <testcase name="TC-US21-003" classname="C:\Users\48181\AppData\Local\Temp\monopoly_case_27380_72.json" />
    <testcase name="TC-US21-004" classname="C:\Users\48181\AppData\Local\Temp\monopoly_case_27380_73.json" />
    <testcase name="TC-US21-005" classname="C:\Users\48181\AppData\Local\Temp\monopoly_case_27380_74.json" />
    <testcase name="TC-US21-006" classname="C:\Users\48181\AppData\Local\Temp\monopoly_case_27380_75.json" />
    <testcase name="TC-US21-007" classname="C:\Users\48181\AppData\Local\Temp\monopoly_case_27380_76.json" />
    <testcase name="TC-US22-001" classname="C:\Users\48181\AppData\Local\Temp\monopoly_case_27380_77.json" />
    <testcase name="TC-US22-002" classname="C:\Users\48181\AppData\Local\Temp\monopoly_case_27380_78.json" />
    <testcase name="TC-US22-003" classname="C:\Users\48181\AppData\Local\Temp\monopoly_case_27380_79.json" />
    <testcase name="TC-US22-004" classname="C:\Users\48181\AppData\Local\Temp\monopoly_case_27380_80.json" />
    <testcase name="TC-US22-006" classname="C:\Users\48181\AppData\Local\Temp\monopoly_case_27380_81.json" />
    <testcase name="TC-US22-007" classname="C:\Users\48181\AppData\Local\Temp\monopoly_case_27380_82.json" />
    <testcase name="TC-US22-009" classname="C:\Users\48181\AppData\Local\Temp\monopoly_case_27380_83.json" />
    <testcase name="TC-US23-001" classname="C:\Users\48181\AppData\Local\Temp\monopoly_case_27380_84.json" />
    <testcase name="TC-US23-002" classname="C:\Users\48181\AppData\Local\Temp\monopoly_case_27380_85.json" />
    <testcase name="TC-US23-003" classname="C:\Users\48181\AppData\Local\Temp\monopoly_case_27380_86.json" />
    <testcase name="TC-US23-004" classname="C:\Users\48181\AppData\Local\Temp\monopoly_case_27380_87.json" />
    <testcase name="TC-US23-005" classname="C:\Users\48181\AppData\Local\Temp\monopoly_case_27380_88.json" />
    <testcase name="TC-US23-006" classname="C:\Users\48181\AppData\Local\Temp\monopoly_case_27380_89.json" />
    <testcase name="TC-US23-007" classname="C:\Users\48181\AppData\Local\Temp\monopoly_case_27380_90.json" />
    <testcase name="TC-US23-008" classname="C:\Users\48181\AppData\Local\Temp\monopoly_case_27380_91.json" />
    <testcase name="TC-US23-009" classname="C:\Users\48181\AppData\Local\Temp\monopoly_case_27380_92.json" />
    <testcase name="TC-US24-006" classname="C:\Users\48181\AppData\Local\Temp\monopoly_case_27380_93.json" />
    <testcase name="TC-US24-007" classname="C:\Users\48181\AppData\Local\Temp\monopoly_case_27380_94.json" />
    <testcase name="TC-US25-008" classname="C:\Users\48181\AppData\Local\Temp\monopoly_case_27380_95.json" />
    <testcase name="TC-US25-009" classname="C:\Users\48181\AppData\Local\Temp\monopoly_case_27380_96.json" />
    <testcase name="TC-US26-006" classname="C:\Users\48181\AppData\Local\Temp\monopoly_case_27380_97.json" />
    <testcase name="TC-US26-008" classname="C:\Users\48181\AppData\Local\Temp\monopoly_case_27380_98.json" />
    <testcase name="TC-US26-009" classname="C:\Users\48181\AppData\Local\Temp\monopoly_case_27380_99.json" />
    <testcase name="TC-V2-CMD-001" classname="C:\Users\48181\AppData\Local\Temp\monopoly_case_27380_100.json" />
    <testcase name="TC-V2-CMD-002" classname="C:\Users\48181\AppData\Local\Temp\monopoly_case_27380_101.json" />
    <testcase name="TC-V2-CMD-003" classname="C:\Users\48181\AppData\Local\Temp\monopoly_case_27380_102.json" />
    <testcase name="TC-V2-CMD-004" classname="C:\Users\48181\AppData\Local\Temp\monopoly_case_27380_103.json" />
    <testcase name="TC-V2-CMD-005" classname="C:\Users\48181\AppData\Local\Temp\monopoly_case_27380_104.json" />
    <testcase name="TC-V2-CMD-006" classname="C:\Users\48181\AppData\Local\Temp\monopoly_case_27380_105.json" />
    <testcase name="TC-V2-CMD-007" classname="C:\Users\48181\AppData\Local\Temp\monopoly_case_27380_106.json" />
    <testcase name="TC-V2-CMD-008" classname="C:\Users\48181\AppData\Local\Temp\monopoly_case_27380_107.json" />
    <testcase name="TC-V2-CMD-009" classname="C:\Users\48181\AppData\Local\Temp\monopoly_case_27380_108.json" />
    <testcase name="TC-V2-DEL-001" classname="C:\Users\48181\AppData\Local\Temp\monopoly_case_27380_109.json" />
    <testcase name="TC-V2-DEL-002" classname="C:\Users\48181\AppData\Local\Temp\monopoly_case_27380_110.json" />
    <testcase name="TC-V2-DEL-003" classname="C:\Users\48181\AppData\Local\Temp\monopoly_case_27380_111.json" />
    <testcase name="TC-V2-DEL-004" classname="C:\Users\48181\AppData\Local\Temp\monopoly_case_27380_112.json" />
    <testcase name="TC-V2-DEL-005" classname="C:\Users\48181\AppData\Local\Temp\monopoly_case_27380_113.json" />
    <testcase name="TC-V2-DEL-006" classname="C:\Users\48181\AppData\Local\Temp\monopoly_case_27380_114.json" />
    <testcase name="TC-V2-DEL-007" classname="C:\Users\48181\AppData\Local\Temp\monopoly_case_27380_115.json" />
    <testcase name="TC-V2-DEL-008" classname="C:\Users\48181\AppData\Local\Temp\monopoly_case_27380_116.json" />
    <testcase name="TC-V2-DEL-009" classname="C:\Users\48181\AppData\Local\Temp\monopoly_case_27380_117.json" />
    <testcase name="TC-V2-DEL-010" classname="C:\Users\48181\AppData\Local\Temp\monopoly_case_27380_118.json" />
    <testcase name="TC-V2-DEL-011" classname="C:\Users\48181\AppData\Local\Temp\monopoly_case_27380_119.json" />
    <testcase name="TC-V2-DEL-012" classname="C:\Users\48181\AppData\Local\Temp\monopoly_case_27380_120.json" />
    <testcase name="TC-V2-DEL-013" classname="C:\Users\48181\AppData\Local\Temp\monopoly_case_27380_121.json" />
    <testcase name="TC-V2-DEL-014" classname="C:\Users\48181\AppData\Local\Temp\monopoly_case_27380_122.json" />
    <testcase name="TC-V2-DEL-015" classname="C:\Users\48181\AppData\Local\Temp\monopoly_case_27380_123.json" />
    <testcase name="TC-V2-DEL-016" classname="C:\Users\48181\AppData\Local\Temp\monopoly_case_27380_124.json" />
    <testcase name="TC-V2-DEL-017" classname="C:\Users\48181\AppData\Local\Temp\monopoly_case_27380_125.json" />
    <testcase name="TC-V2-FORTUNE-001" classname="C:\Users\48181\AppData\Local\Temp\monopoly_case_27380_126.json" />
    <testcase name="TC-V2-FORTUNE-002" classname="C:\Users\48181\AppData\Local\Temp\monopoly_case_27380_127.json" />
    <testcase name="TC-V2-FORTUNE-003" classname="C:\Users\48181\AppData\Local\Temp\monopoly_case_27380_128.json" />
    <testcase name="TC-V2-FORTUNE-004" classname="C:\Users\48181\AppData\Local\Temp\monopoly_case_27380_129.json" />
    <testcase name="TC-V2-FORTUNE-005" classname="C:\Users\48181\AppData\Local\Temp\monopoly_case_27380_130.json" />
    <testcase name="TC-V2-FORTUNE-006" classname="C:\Users\48181\AppData\Local\Temp\monopoly_case_27380_131.json" />
    <testcase name="TC-V2-FORTUNE-007" classname="C:\Users\48181\AppData\Local\Temp\monopoly_case_27380_132.json" />
    <testcase name="TC-V2-FORTUNE-008" classname="C:\Users\48181\AppData\Local\Temp\monopoly_case_27380_133.json" />
    <testcase name="TC-V2-FORTUNE-009" classname="C:\Users\48181\AppData\Local\Temp\monopoly_case_27380_134.json" />
    <testcase name="TC-V2-FORTUNE-010" classname="C:\Users\48181\AppData\Local\Temp\monopoly_case_27380_135.json" />
    <testcase name="TC-V2-FORTUNE-011" classname="C:\Users\48181\AppData\Local\Temp\monopoly_case_27380_136.json" />
    <testcase name="TC-V2-FORTUNE-012" classname="C:\Users\48181\AppData\Local\Temp\monopoly_case_27380_137.json" />
    <testcase name="TC-V2-FORTUNE-013" classname="C:\Users\48181\AppData\Local\Temp\monopoly_case_27380_138.json" />
    <testcase name="TC-V2-FORTUNE-014" classname="C:\Users\48181\AppData\Local\Temp\monopoly_case_27380_139.json" />
    <testcase name="TC-V2-FORTUNE-015" classname="C:\Users\48181\AppData\Local\Temp\monopoly_case_27380_140.json" />
    <testcase name="TC-V2-FORTUNE-016" classname="C:\Users\48181\AppData\Local\Temp\monopoly_case_27380_141.json" />
    <testcase name="TC-V2-FORTUNE-017" classname="C:\Users\48181\AppData\Local\Temp\monopoly_case_27380_142.json" />
    <testcase name="TC-V2-FORTUNE-018" classname="C:\Users\48181\AppData\Local\Temp\monopoly_case_27380_143.json" />
    <testcase name="TC-V2-FORTUNE-019" classname="C:\Users\48181\AppData\Local\Temp\monopoly_case_27380_144.json" />
    <testcase name="TC-V2-FORTUNE-020" classname="C:\Users\48181\AppData\Local\Temp\monopoly_case_27380_145.json" />
    <testcase name="TC-V2-FORTUNE-021" classname="C:\Users\48181\AppData\Local\Temp\monopoly_case_27380_146.json" />
    <testcase name="TC-V2-FORTUNE-022" classname="C:\Users\48181\AppData\Local\Temp\monopoly_case_27380_147.json" />
    <testcase name="TC-V2-FORTUNE-023" classname="C:\Users\48181\AppData\Local\Temp\monopoly_case_27380_148.json" />
    <testcase name="TC-V2-FORTUNE-024" classname="C:\Users\48181\AppData\Local\Temp\monopoly_case_27380_149.json" />
    <testcase name="TC-V2-FORTUNE-025" classname="C:\Users\48181\AppData\Local\Temp\monopoly_case_27380_150.json" />
    <testcase name="TC-V2-FORTUNE-026" classname="C:\Users\48181\AppData\Local\Temp\monopoly_case_27380_151.json" />
    <testcase name="TC-V2-FORTUNE-027" classname="C:\Users\48181\AppData\Local\Temp\monopoly_case_27380_152.json" />
    <testcase name="TC-V2-FORTUNE-028" classname="C:\Users\48181\AppData\Local\Temp\monopoly_case_27380_153.json" />
    <testcase name="TC-V2-FORTUNE-029" classname="C:\Users\48181\AppData\Local\Temp\monopoly_case_27380_154.json" />
    <testcase name="TC-V2-FORTUNE-030" classname="C:\Users\48181\AppData\Local\Temp\monopoly_case_27380_155.json" />
    <testcase name="TC-V2-FORTUNE-031" classname="C:\Users\48181\AppData\Local\Temp\monopoly_case_27380_156.json" />
    <testcase name="TC-V2-PARK-001" classname="C:\Users\48181\AppData\Local\Temp\monopoly_case_27380_157.json" />
    <testcase name="TC-V2-PARK-002" classname="C:\Users\48181\AppData\Local\Temp\monopoly_case_27380_158.json" />
    <testcase name="TC-V2-PARK-003" classname="C:\Users\48181\AppData\Local\Temp\monopoly_case_27380_159.json" />
    <testcase name="TC-V2-PARK-004" classname="C:\Users\48181\AppData\Local\Temp\monopoly_case_27380_160.json" />
    <testcase name="TC-V2-PARK-005" classname="C:\Users\48181\AppData\Local\Temp\monopoly_case_27380_161.json" />
    <testcase name="TC-V2-PARK-006" classname="C:\Users\48181\AppData\Local\Temp\monopoly_case_27380_162.json" />
    <testcase name="TC-V2-STEP-001" classname="C:\Users\48181\AppData\Local\Temp\monopoly_case_27380_163.json" />
    <testcase name="TC-V2-STEP-002" classname="C:\Users\48181\AppData\Local\Temp\monopoly_case_27380_164.json" />
    <testcase name="TC-V2-STEP-003" classname="C:\Users\48181\AppData\Local\Temp\monopoly_case_27380_165.json" />
    <testcase name="TC-V2-STEP-004" classname="C:\Users\48181\AppData\Local\Temp\monopoly_case_27380_166.json" />
    <testcase name="TC-V2-STEP-005" classname="C:\Users\48181\AppData\Local\Temp\monopoly_case_27380_167.json" />
    <testcase name="TC-V2-STEP-006" classname="C:\Users\48181\AppData\Local\Temp\monopoly_case_27380_168.json" />
    <testcase name="TC-V2-STEP-007" classname="C:\Users\48181\AppData\Local\Temp\monopoly_case_27380_169.json" />
    <testcase name="TC-V2-STEP-008" classname="C:\Users\48181\AppData\Local\Temp\monopoly_case_27380_170.json" />
    <testcase name="TC-V2-STEP-009" classname="C:\Users\48181\AppData\Local\Temp\monopoly_case_27380_171.json" />
    <testcase name="TC-V2-STEP-010" classname="C:\Users\48181\AppData\Local\Temp\monopoly_case_27380_172.json" />
    <testcase name="TC-V2-STEP-011" classname="C:\Users\48181\AppData\Local\Temp\monopoly_case_27380_173.json" />
    <testcase name="TC-V2-STEP-012" classname="C:\Users\48181\AppData\Local\Temp\monopoly_case_27380_174.json" />
    <testcase name="TC-V2-STEP-013" classname="C:\Users\48181\AppData\Local\Temp\monopoly_case_27380_175.json" />
    <testcase name="TC-V2-STEP-014" classname="C:\Users\48181\AppData\Local\Temp\monopoly_case_27380_176.json" />
    <testcase name="TC-V2-STEP-015" classname="C:\Users\48181\AppData\Local\Temp\monopoly_case_27380_177.json" />
    <testcase name="TC-V2-STEP-016" classname="C:\Users\48181\AppData\Local\Temp\monopoly_case_27380_178.json" />
  </testsuite>
</testsuites>
