Start testing: Aug 23 10:43 ÖĞ¹ú±ê×¼Ê±¼ä
----------------------------------------------------------
1/1 Testing: a4_turn_manager_tests
1/1 Test: a4_turn_manager_tests
Command: "D:/å¤§å¯Œç¿/A4_turn_manager/build/a4_turn_manager_tests.exe"
Directory: D:/å¤§å¯Œç¿/A4_turn_manager/build
"a4_turn_manager_tests" start time: Aug 23 10:43 ÖĞ¹ú±ê×¼Ê±¼ä
Output:
----------------------------------------------------------
A4 turn manager tests passed.
<end of output>
Test time =   0.02 sec
----------------------------------------------------------
Test Passed.
"a4_turn_manager_tests" end time: Aug 23 10:43 ÖĞ¹ú±ê×¼Ê±¼ä
"a4_turn_manager_tests" time elapsed: 00:00:00
----------------------------------------------------------

End testing: Aug 23 10:43 ÖĞ¹ú±ê×¼Ê±¼ä
